#
# There is insufficient memory for the Java Runtime Environment to continue.
# Native memory allocation (mmap) failed to map 100663296 bytes for G1 virtual space
# Possible reasons:
#   The system is out of physical RAM or swap space
#   The process is running with CompressedOops enabled, and the Java Heap may be blocking the growth of the native heap
# Possible solutions:
#   Reduce memory load on the system
#   Increase physical memory or swap space
#   Check if swap backing store is full
#   Decrease Java heap size (-Xmx/-Xms)
#   Decrease number of Java threads
#   Decrease Java thread stack sizes (-Xss)
#   Set larger code cache with -XX:ReservedCodeCacheSize=
#   JVM is running with Unscaled Compressed Oops mode in which the Java heap is
#     placed in the first 4GB address space. The Java Heap base address is the
#     maximum limit for the native heap growth. Please use -XX:HeapBaseMinAddress
#     to set the Java Heap base and to place the Java Heap above 4GB virtual address.
# This output file may be truncated or incomplete.
#
#  Out of Memory Error (os_windows.cpp:3532), pid=13196, tid=14332
#
# JRE version:  (17.0.2+8) (build )
# Java VM: Java HotSpot(TM) 64-Bit Server VM (17.0.2+8-LTS-86, mixed mode, sharing, tiered, compressed oops, compressed class ptrs, g1 gc, windows-amd64)
# No core dump will be written. Minidumps are not enabled by default on client versions of Windows
#

---------------  S U M M A R Y ------------

Command Line: -javaagent:C:\Program Files\JetBrains\IntelliJ IDEA 2021.3.2\lib\idea_rt.jar=63239:C:\Program Files\JetBrains\IntelliJ IDEA 2021.3.2\bin -Dfile.encoding=UTF-8 DSPemilik.LaporanSupplier

Host: AMD Ryzen 3 3250U with Radeon Graphics         , 4 cores, 5G,  Windows 11 , 64 bit Build 22621 (10.0.22621.1)
Time: Tue Jul 19 12:46:48 2022 SE Asia Standard Time elapsed time: 0.121218 seconds (0d 0h 0m 0s)

---------------  T H R E A D  ---------------

Current thread (0x000001fda80b3780):  JavaThread "Unknown thread" [_thread_in_vm, id=14332, stack(0x000000dc63a00000,0x000000dc63b00000)]

Stack: [0x000000dc63a00000,0x000000dc63b00000]
Native frames: (J=compiled Java code, j=interpreted, Vv=VM code, C=native code)
V  [jvm.dll+0x670baa]
V  [jvm.dll+0x7cfcb4]
V  [jvm.dll+0x7d145e]
V  [jvm.dll+0x7d1ac3]
V  [jvm.dll+0x242bc5]
V  [jvm.dll+0x66dac9]
V  [jvm.dll+0x662412]
V  [jvm.dll+0x300c0b]
V  [jvm.dll+0x3081a6]
V  [jvm.dll+0x357d0e]
V  [jvm.dll+0x357f3f]
V  [jvm.dll+0x2d7ec8]
V  [jvm.dll+0x2d8e34]
V  [jvm.dll+0x7a18c1]
V  [jvm.dll+0x365a91]
V  [jvm.dll+0x780d2c]
V  [jvm.dll+0x3e845f]
V  [jvm.dll+0x3e9f01]
C  [jli.dll+0x527b]
C  [ucrtbase.dll+0x29363]
C  [KERNEL32.DLL+0x1244d]
C  [ntdll.dll+0x5df88]


---------------  P R O C E S S  ---------------

Threads class SMR info:
_java_thread_list=0x00007ffbc4a89858, length=0, elements={
}

Java Threads: ( => current thread )

Other Threads:
  0x000001fda80e88b0 GCTaskThread "GC Thread#0" [stack: 0x000000dc63b00000,0x000000dc63c00000] [id=3464]
  0x000001fda80f2600 ConcurrentGCThread "G1 Main Marker" [stack: 0x000000dc63c00000,0x000000dc63d00000] [id=4624]
  0x000001fda807e5d0 ConcurrentGCThread "G1 Conc#0" [stack: 0x000000dc63d00000,0x000000dc63e00000] [id=7632]

[error occurred during error reporting (printing all threads), id 0xc0000005, EXCEPTION_ACCESS_VIOLATION (0xc0000005) at pc=0x00007ffbc42d88a7]

VM state: not at safepoint (not fully initialized)

VM Mutex/Monitor currently owned by a thread:  ([mutex/lock_event])
[0x000001fda80afdc0] Heap_lock - owner thread: 0x000001fda80b3780

Heap address: 0x00000000a1400000, size: 1516 MB, Compressed Oops mode: 32-bit

CDS archive(s) mapped at: [0x0000000000000000-0x0000000000000000-0x0000000000000000), size 0, SharedBaseAddress: 0x0000000800000000, ArchiveRelocationMode: 0.
Narrow klass base: 0x0000000000000000, Narrow klass shift: 0, Narrow klass range: 0x0

GC Precious Log:
<Empty>

Heap:
 garbage-first heap   total 0K, used 0K [0x00000000a1400000, 0x0000000100000000)
  region size 1024K, 0 young (0K), 0 survivors (0K)

[error occurred during error reporting (printing heap information), id 0xc0000005, EXCEPTION_ACCESS_VIOLATION (0xc0000005) at pc=0x00007ffbc46b9f19]

GC Heap History (0 events):
No events

Deoptimization events (0 events):
No events

Classes unloaded (0 events):
No events

Classes redefined (0 events):
No events

Internal exceptions (0 events):
No events

VM Operations (0 events):
No events

Events (1 events):
Event: 0.107 Loaded shared library C:\Program Files\Java\jdk-17.0.2\bin\java.dll


Dynamic libraries:
0x00007ff66f720000 - 0x00007ff66f730000 	C:\Program Files\Java\jdk-17.0.2\bin\java.exe
0x00007ffc17ad0000 - 0x00007ffc17ce4000 	C:\WINDOWS\SYSTEM32\ntdll.dll
0x00007ffc16940000 - 0x00007ffc16a02000 	C:\WINDOWS\System32\KERNEL32.DLL
0x00007ffc151a0000 - 0x00007ffc1553c000 	C:\WINDOWS\System32\KERNELBASE.dll
0x00007ffc15540000 - 0x00007ffc15651000 	C:\WINDOWS\System32\ucrtbase.dll
0x00007ffc120f0000 - 0x00007ffc12108000 	C:\Program Files\Java\jdk-17.0.2\bin\jli.dll
0x00007ffc17460000 - 0x00007ffc1750e000 	C:\WINDOWS\System32\ADVAPI32.dll
0x00007ffc179e0000 - 0x00007ffc17a87000 	C:\WINDOWS\System32\msvcrt.dll
0x00007ffc15d30000 - 0x00007ffc15dd4000 	C:\WINDOWS\System32\sechost.dll
0x00007ffc17190000 - 0x00007ffc172a5000 	C:\WINDOWS\System32\RPCRT4.dll
0x00007ffc16f40000 - 0x00007ffc170eb000 	C:\WINDOWS\System32\USER32.dll
0x00007ffc157a0000 - 0x00007ffc157c6000 	C:\WINDOWS\System32\win32u.dll
0x00007ffc170f0000 - 0x00007ffc17119000 	C:\WINDOWS\System32\GDI32.dll
0x00007ffc14f10000 - 0x00007ffc15022000 	C:\WINDOWS\System32\gdi32full.dll
0x00007ffc157d0000 - 0x00007ffc1586a000 	C:\WINDOWS\System32\msvcp_win.dll
0x00007ffc0fe40000 - 0x00007ffc0fe5a000 	C:\Program Files\Java\jdk-17.0.2\bin\VCRUNTIME140.dll
0x00007ffbff660000 - 0x00007ffbff8ee000 	C:\WINDOWS\WinSxS\amd64_microsoft.windows.common-controls_6595b64144ccf1df_6.0.22621.1_none_60e502bd9af5bef0\COMCTL32.dll
0x00007ffc0c3e0000 - 0x00007ffc0c3ea000 	C:\WINDOWS\SYSTEM32\VERSION.dll
0x00007ffc16860000 - 0x00007ffc16891000 	C:\WINDOWS\System32\IMM32.DLL
0x00007ffc12140000 - 0x00007ffc1214c000 	C:\Program Files\Java\jdk-17.0.2\bin\vcruntime140_1.dll
0x00007ffbee5b0000 - 0x00007ffbee63d000 	C:\Program Files\Java\jdk-17.0.2\bin\msvcp140.dll
0x00007ffbc3ff0000 - 0x00007ffbc4bb1000 	C:\Program Files\Java\jdk-17.0.2\bin\server\jvm.dll
0x00007ffc15d20000 - 0x00007ffc15d28000 	C:\WINDOWS\System32\PSAPI.DLL
0x00007ffc04300000 - 0x00007ffc04309000 	C:\WINDOWS\SYSTEM32\WSOCK32.dll
0x00007ffc168c0000 - 0x00007ffc16931000 	C:\WINDOWS\System32\WS2_32.dll
0x00007ffc0cd80000 - 0x00007ffc0cdb4000 	C:\WINDOWS\SYSTEM32\WINMM.dll
0x00007ffc13f80000 - 0x00007ffc13f98000 	C:\WINDOWS\SYSTEM32\kernel.appcore.dll
0x00007ffc12090000 - 0x00007ffc1209a000 	C:\Program Files\Java\jdk-17.0.2\bin\jimage.dll
0x00007ffc009c0000 - 0x00007ffc00bee000 	C:\WINDOWS\SYSTEM32\DBGHELP.DLL
0x00007ffc17510000 - 0x00007ffc17899000 	C:\WINDOWS\System32\combase.dll
0x00007ffc17310000 - 0x00007ffc173e7000 	C:\WINDOWS\System32\OLEAUT32.dll
0x00007ffbf5390000 - 0x00007ffbf53c2000 	C:\WINDOWS\SYSTEM32\dbgcore.DLL
0x00007ffc15660000 - 0x00007ffc156db000 	C:\WINDOWS\System32\bcryptPrimitives.dll
0x00007ffc0a4b0000 - 0x00007ffc0a4be000 	C:\Program Files\Java\jdk-17.0.2\bin\instrument.dll
0x00007ffc04320000 - 0x00007ffc04345000 	C:\Program Files\Java\jdk-17.0.2\bin\java.dll

dbghelp: loaded successfully - version: 4.0.5 - missing functions: none
symbol engine: initialized successfully - sym options: 0x614 - pdb path: .;C:\Program Files\Java\jdk-17.0.2\bin;C:\WINDOWS\SYSTEM32;C:\WINDOWS\WinSxS\amd64_microsoft.windows.common-controls_6595b64144ccf1df_6.0.22621.1_none_60e502bd9af5bef0;C:\Program Files\Java\jdk-17.0.2\bin\server

VM Arguments:
jvm_args: -javaagent:C:\Program Files\JetBrains\IntelliJ IDEA 2021.3.2\lib\idea_rt.jar=63239:C:\Program Files\JetBrains\IntelliJ IDEA 2021.3.2\bin -Dfile.encoding=UTF-8 
java_command: DSPemilik.LaporanSupplier
java_class_path (initial): C:\Users\RIAN SURYANA\Documents\Kuliah\SEMESTER 2\PRG3\TokoSembako Barokah_KEL06\out\production\TokoSembako;C:\Users\RIAN SURYANA\Documents\Kuliah\SEMESTER 2\PRG3\TokoSembako Barokah_KEL06\src\sqljdbc4.jar;C:\Users\RIAN SURYANA\Documents\Kuliah\SEMESTER 2\PRG3\TokoSembako Barokah_KEL06\src\jcalendar-1.4.jar;C:\Users\RIAN SURYANA\Documents\Kuliah\SEMESTER 2\PRG3\TokoSembako Barokah_KEL06\src\commons-beanutils-1.9.4.jar;C:\Users\RIAN SURYANA\Documents\Kuliah\SEMESTER 2\PRG3\TokoSembako Barokah_KEL06\src\commons-collections4-4.2.jar;C:\Users\RIAN SURYANA\Documents\Kuliah\SEMESTER 2\PRG3\TokoSembako Barokah_KEL06\src\commons-digester-2.1.jar;C:\Users\RIAN SURYANA\Documents\Kuliah\SEMESTER 2\PRG3\TokoSembako Barokah_KEL06\src\commons-lang3-3.4.jar;C:\Users\RIAN SURYANA\Documents\Kuliah\SEMESTER 2\PRG3\TokoSembako Barokah_KEL06\src\commons-logging-1.1.1.jar;C:\Users\RIAN SURYANA\Documents\Kuliah\SEMESTER 2\PRG3\TokoSembako Barokah_KEL06\src\itext-2.1.7.js8.jar;C:\Users\RIAN SURYANA\Documents\Kuliah\SEMESTER 2\PRG3\TokoSembako Barokah_KEL06\src\jasperreports-6.19.1.jar
Launcher Type: SUN_STANDARD

[Global flags]
     intx CICompilerCount                          = 3                                         {product} {ergonomic}
     uint ConcGCThreads                            = 1                                         {product} {ergonomic}
     uint G1ConcRefinementThreads                  = 4                                         {product} {ergonomic}
   size_t G1HeapRegionSize                         = 1048576                                   {product} {ergonomic}
    uintx GCDrainStackTargetSize                   = 64                                        {product} {ergonomic}
   size_t InitialHeapSize                          = 100663296                                 {product} {ergonomic}
   size_t MarkStackSize                            = 4194304                                   {product} {ergonomic}
   size_t MaxHeapSize                              = 1589641216                                {product} {ergonomic}
   size_t MinHeapDeltaBytes                        = 1048576                                   {product} {ergonomic}
   size_t MinHeapSize                              = 8388608                                   {product} {ergonomic}
    uintx NonNMethodCodeHeapSize                   = 5832780                                {pd product} {ergonomic}
    uintx NonProfiledCodeHeapSize                  = 122912730                              {pd product} {ergonomic}
    uintx ProfiledCodeHeapSize                     = 122912730                              {pd product} {ergonomic}
    uintx ReservedCodeCacheSize                    = 251658240                              {pd product} {ergonomic}
     bool SegmentedCodeCache                       = true                                      {product} {ergonomic}
   size_t SoftMaxHeapSize                          = 1589641216                             {manageable} {ergonomic}
     bool UseCompressedClassPointers               = true                           {product lp64_product} {ergonomic}
     bool UseCompressedOops                        = true                           {product lp64_product} {ergonomic}
     bool UseG1GC                                  = true                                      {product} {ergonomic}
     bool UseLargePagesIndividualAllocation        = false                                  {pd product} {ergonomic}

Logging:
Log output configuration:
 #0: stdout all=warning uptime,level,tags
 #1: stderr all=off uptime,level,tags

Environment Variables:
PATH=C:\Program Files (x86)\VMware\VMware Workstation\bin\;C:\Program Files\Common Files\Oracle\Java\javapath;C:\WINDOWS\system32;C:\WINDOWS;C:\WINDOWS\System32\Wbem;C:\WINDOWS\System32\WindowsPowerShell\v1.0\;C:\WINDOWS\System32\OpenSSH\;C:\Program Files\dotnet\;C:\Program Files\Microsoft SQL Server\Client SDK\ODBC\170\Tools\Binn\;C:\Program Files (x86)\Microsoft SQL Server\150\Tools\Binn\;C:\Program Files\Microsoft SQL Server\150\Tools\Binn\;C:\Program Files\Microsoft SQL Server\150\DTS\Binn\;C:\Program Files (x86)\Microsoft SQL Server\150\DTS\Binn\;C:\Program Files\Azure Data Studio\bin;C:\Program Files (x86)\Dev-Cpp\MinGW64\bin;C:\Program Files\Microsoft SQL Server\130\Tools\Binn\;C:\Users\RIAN SURYANA\AppData\Local\Microsoft\WindowsApps;C:\Users\RIAN SURYANA\.dotnet\tools;C:\Program Files\Azure Data Studio\bin;C:\Users\RIAN SURYANA\AppData\Local\Programs\Microsoft VS Code\bin;;C:\Program Files\JetBrains\IntelliJ IDEA Community Edition 2021.3.2\bin;;C:\Program Files\JetBrains\IntelliJ IDEA 2021.3.2\bin;
USERNAME=RIAN SURYANA
OS=Windows_NT
PROCESSOR_IDENTIFIER=AMD64 Family 23 Model 24 Stepping 1, AuthenticAMD



---------------  S Y S T E M  ---------------

OS:
 Windows 11 , 64 bit Build 22621 (10.0.22621.1)
OS uptime: 1 days 17:01 hours

CPU: total 4 (initial active 4) (4 cores per cpu, 2 threads per core) family 23 model 24 stepping 1 microcode 0x0, cx8, cmov, fxsr, ht, mmx, 3dnowpref, sse, sse2, sse3, ssse3, sse4a, sse4.1, sse4.2, popcnt, lzcnt, tsc, tscinvbit, avx, avx2, aes, clmul, bmi1, bmi2, adx, sha, fma, vzeroupper, clflush, clflushopt

Memory: 4k page, system-wide physical 6059M (355M free)
TotalPageFile size 10059M (AvailPageFile size 48M)
current process WorkingSet (physical memory assigned to process): 12M, peak: 12M
current process commit charge ("private bytes"): 51M, peak: 147M

vm_info: Java HotSpot(TM) 64-Bit Server VM (17.0.2+8-LTS-86) for windows-amd64 JRE (17.0.2+8-LTS-86), built on Dec  7 2021 21:51:03 by "mach5one" with MS VC++ 16.8 / 16.9 (VS2019)

END.
