#
# There is insufficient memory for the Java Runtime Environment to continue.
# Native memory allocation (mmap) failed to map 134217728 bytes for Failed to commit area from 0x00000000d1200000 to 0x00000000d9200000 of length 134217728.
# Possible reasons:
#   The system is out of physical RAM or swap space
#   The process is running with CompressedOops enabled, and the Java Heap may be blocking the growth of the native heap
# Possible solutions:
#   Reduce memory load on the system
#   Increase physical memory or swap space
#   Check if swap backing store is full
#   Decrease Java heap size (-Xmx/-Xms)
#   Decrease number of Java threads
#   Decrease Java thread stack sizes (-Xss)
#   Set larger code cache with -XX:ReservedCodeCacheSize=
# This output file may be truncated or incomplete.
#
#  Out of Memory Error (./src/hotspot/os/windows/os_windows.cpp:3619), pid=3404, tid=5400
#
# JRE version:  (11.0.13+7) (build )
# Java VM: OpenJDK 64-Bit Server VM (11.0.13+7-b1751.25, mixed mode, sharing, tiered, compressed oops, g1 gc, windows-amd64)
# No core dump will be written. Minidumps are not enabled by default on client versions of Windows
#

---------------  S U M M A R Y ------------

Command Line: -Djava.rmi.server.hostname=127.0.0.1 -Duser.timezone=UTC -Djava.library.path=C:\Users\RIAN SURYANA\AppData\Local\JetBrains\IntelliJIdea2021.3\jdbc-native-deps\SQL Server\10.2.0\sqlserver-win-auth\x64 -Xmx750m -Xms128m -Dfile.encoding=UTF-8 com.intellij.database.remote.RemoteJdbcServer com.microsoft.sqlserver.jdbc.SQLServerDriver

Host: AMD Ryzen 3 3250U with Radeon Graphics         , 4 cores, 5G,  Windows 11 , 64 bit Build 22621 (10.0.22621.1)
Time: Wed Jul 20 01:21:07 2022 SE Asia Standard Time elapsed time: 0.030830 seconds (0d 0h 0m 0s)

---------------  T H R E A D  ---------------

Current thread (0x00000195895a9800):  JavaThread "Unknown thread" [_thread_in_vm, id=5400, stack(0x0000006a9ec00000,0x0000006a9ed00000)]

Stack: [0x0000006a9ec00000,0x0000006a9ed00000]
Native frames: (J=compiled Java code, j=interpreted, Vv=VM code, C=native code)
V  [jvm.dll+0x613daa]
V  [jvm.dll+0x799b30]
V  [jvm.dll+0x79b14d]
V  [jvm.dll+0x79b823]
V  [jvm.dll+0x24c958]
V  [jvm.dll+0x610e24]
V  [jvm.dll+0x605b25]
V  [jvm.dll+0x30aaab]
V  [jvm.dll+0x30aa1a]
V  [jvm.dll+0x30a8f2]
V  [jvm.dll+0x30f856]
V  [jvm.dll+0x359143]
V  [jvm.dll+0x359846]
V  [jvm.dll+0x359243]
V  [jvm.dll+0x2e57a8]
V  [jvm.dll+0x2e6947]
V  [jvm.dll+0x776d47]
V  [jvm.dll+0x77853c]
V  [jvm.dll+0x3666c9]
V  [jvm.dll+0x75a9ce]
V  [jvm.dll+0x3d47d3]
V  [jvm.dll+0x3d6d21]
C  [jli.dll+0x536b]
C  [ucrtbase.dll+0x29363]
C  [KERNEL32.DLL+0x1244d]
C  [ntdll.dll+0x5df88]


---------------  P R O C E S S  ---------------

Threads class SMR info:
_java_thread_list=0x0000019587345a80, length=0, elements={
}

Java Threads: ( => current thread )

Other Threads:
  0x00000195895c2800 GCTaskThread "GC Thread#0" [stack: 0x0000006a9ed00000,0x0000006a9ee00000] [id=9620]
  0x00000195895d9000 ConcurrentGCThread "G1 Main Marker" [stack: 0x0000006a9ee00000,0x0000006a9ef00000] [id=16140]
  0x00000195895db800 ConcurrentGCThread "G1 Conc#0" [stack: 0x0000006a9ef00000,0x0000006a9f000000] [id=14320]

[error occurred during error reporting (printing all threads), id 0xc0000005, EXCEPTION_ACCESS_VIOLATION (0xc0000005) at pc=0x00007ffbc1ae5c97]

VM state:not at safepoint (not fully initialized)

VM Mutex/Monitor currently owned by a thread:  ([mutex/lock_event])
[0x00000195895a55a0] Heap_lock - owner thread: 0x00000195895a9800

Heap address: 0x00000000d1200000, size: 750 MB, Compressed Oops mode: Non-zero based: 0x00000000d1200000
Narrow klass base: 0x0000000000000000, Narrow klass shift: 0

GC Heap History (0 events):
No events

Deoptimization events (0 events):
No events

Classes redefined (0 events):
No events

Internal exceptions (0 events):
No events

Events (1 events):
Event: 0.024 Loaded shared library C:\Program Files\JetBrains\IntelliJ IDEA 2021.3.2\jbr\bin\zip.dll


Dynamic libraries:
0x00007ff6a8630000 - 0x00007ff6a863a000 	C:\Program Files\JetBrains\IntelliJ IDEA 2021.3.2\jbr\bin\java.exe
0x00007ffc17ad0000 - 0x00007ffc17ce4000 	C:\WINDOWS\SYSTEM32\ntdll.dll
0x00007ffc16940000 - 0x00007ffc16a02000 	C:\WINDOWS\System32\KERNEL32.DLL
0x00007ffc151a0000 - 0x00007ffc1553c000 	C:\WINDOWS\System32\KERNELBASE.dll
0x00007ffbf9f60000 - 0x00007ffbf9f79000 	C:\Program Files\JetBrains\IntelliJ IDEA 2021.3.2\jbr\bin\jli.dll
0x00007ffc16f40000 - 0x00007ffc170eb000 	C:\WINDOWS\System32\USER32.dll
0x00007ffc157a0000 - 0x00007ffc157c6000 	C:\WINDOWS\System32\win32u.dll
0x00007ffc170f0000 - 0x00007ffc17119000 	C:\WINDOWS\System32\GDI32.dll
0x00007ffc14f10000 - 0x00007ffc15022000 	C:\WINDOWS\System32\gdi32full.dll
0x00007ffc157d0000 - 0x00007ffc1586a000 	C:\WINDOWS\System32\msvcp_win.dll
0x00007ffc15540000 - 0x00007ffc15651000 	C:\WINDOWS\System32\ucrtbase.dll
0x00007ffbee620000 - 0x00007ffbee637000 	C:\Program Files\JetBrains\IntelliJ IDEA 2021.3.2\jbr\bin\VCRUNTIME140.dll
0x00007ffbff660000 - 0x00007ffbff8ee000 	C:\WINDOWS\WinSxS\amd64_microsoft.windows.common-controls_6595b64144ccf1df_6.0.22621.1_none_60e502bd9af5bef0\COMCTL32.dll
0x00007ffc179e0000 - 0x00007ffc17a87000 	C:\WINDOWS\System32\msvcrt.dll
0x00007ffc16860000 - 0x00007ffc16891000 	C:\WINDOWS\System32\IMM32.DLL
0x00007ffbcfd80000 - 0x00007ffbcfe1d000 	C:\Program Files\JetBrains\IntelliJ IDEA 2021.3.2\jbr\bin\msvcp140.dll
0x00007ffbc17f0000 - 0x00007ffbc2366000 	C:\Program Files\JetBrains\IntelliJ IDEA 2021.3.2\jbr\bin\server\jvm.dll
0x00007ffc17460000 - 0x00007ffc1750e000 	C:\WINDOWS\System32\ADVAPI32.dll
0x00007ffc15d30000 - 0x00007ffc15dd4000 	C:\WINDOWS\System32\sechost.dll
0x00007ffc17190000 - 0x00007ffc172a5000 	C:\WINDOWS\System32\RPCRT4.dll
0x00007ffc15d20000 - 0x00007ffc15d28000 	C:\WINDOWS\System32\PSAPI.DLL
0x00007ffc12140000 - 0x00007ffc12149000 	C:\WINDOWS\SYSTEM32\WSOCK32.dll
0x00007ffc168c0000 - 0x00007ffc16931000 	C:\WINDOWS\System32\WS2_32.dll
0x00007ffc0cd80000 - 0x00007ffc0cdb4000 	C:\WINDOWS\SYSTEM32\WINMM.dll
0x00007ffc0c3e0000 - 0x00007ffc0c3ea000 	C:\WINDOWS\SYSTEM32\VERSION.dll
0x00007ffc13f80000 - 0x00007ffc13f98000 	C:\WINDOWS\SYSTEM32\kernel.appcore.dll
0x00007ffc10490000 - 0x00007ffc104a1000 	C:\Program Files\JetBrains\IntelliJ IDEA 2021.3.2\jbr\bin\verify.dll
0x00007ffc009c0000 - 0x00007ffc00bee000 	C:\WINDOWS\SYSTEM32\DBGHELP.DLL
0x00007ffc17510000 - 0x00007ffc17899000 	C:\WINDOWS\System32\combase.dll
0x00007ffc17310000 - 0x00007ffc173e7000 	C:\WINDOWS\System32\OLEAUT32.dll
0x00007ffbf5390000 - 0x00007ffbf53c2000 	C:\WINDOWS\SYSTEM32\dbgcore.DLL
0x00007ffc15660000 - 0x00007ffc156db000 	C:\WINDOWS\System32\bcryptPrimitives.dll
0x00007ffc03920000 - 0x00007ffc03949000 	C:\Program Files\JetBrains\IntelliJ IDEA 2021.3.2\jbr\bin\java.dll
0x00007ffc0fe50000 - 0x00007ffc0fe5b000 	C:\Program Files\JetBrains\IntelliJ IDEA 2021.3.2\jbr\bin\jimage.dll
0x00007ffc0a4a0000 - 0x00007ffc0a4b8000 	C:\Program Files\JetBrains\IntelliJ IDEA 2021.3.2\jbr\bin\zip.dll

dbghelp: loaded successfully - version: 4.0.5 - missing functions: none
symbol engine: initialized successfully - sym options: 0x614 - pdb path: .;C:\Program Files\JetBrains\IntelliJ IDEA 2021.3.2\jbr\bin;C:\WINDOWS\SYSTEM32;C:\WINDOWS\WinSxS\amd64_microsoft.windows.common-controls_6595b64144ccf1df_6.0.22621.1_none_60e502bd9af5bef0;C:\Program Files\JetBrains\IntelliJ IDEA 2021.3.2\jbr\bin\server

VM Arguments:
jvm_args: -Djava.rmi.server.hostname=127.0.0.1 -Duser.timezone=UTC -Djava.library.path=C:\Users\RIAN SURYANA\AppData\Local\JetBrains\IntelliJIdea2021.3\jdbc-native-deps\SQL Server\10.2.0\sqlserver-win-auth\x64 -Xmx750m -Xms128m -Dfile.encoding=UTF-8 
java_command: com.intellij.database.remote.RemoteJdbcServer com.microsoft.sqlserver.jdbc.SQLServerDriver
java_class_path (initial): C:\Program Files\JetBrains\IntelliJ IDEA 2021.3.2\lib\util.jar;C:\Program Files\JetBrains\IntelliJ IDEA 2021.3.2\lib\org_codehaus_groovy_groovy.jar;C:\Program Files\JetBrains\IntelliJ IDEA 2021.3.2\plugins\DatabaseTools\lib\jdbc-console.jar;C:\Users\RIAN SURYANA\AppData\Roaming\JetBrains\IntelliJIdea2021.3\jdbc-drivers\SQL Server\10.2.0\com\microsoft\sqlserver\mssql-jdbc\10.2.0.jre8\mssql-jdbc-10.2.0.jre8.jar
Launcher Type: SUN_STANDARD

[Global flags]
     intx CICompilerCount                          = 3                                         {product} {ergonomic}
     uint ConcGCThreads                            = 1                                         {product} {ergonomic}
     uint G1ConcRefinementThreads                  = 4                                         {product} {ergonomic}
   size_t G1HeapRegionSize                         = 1048576                                   {product} {ergonomic}
    uintx GCDrainStackTargetSize                   = 64                                        {product} {ergonomic}
   size_t InitialHeapSize                          = 134217728                                 {product} {command line}
   size_t MarkStackSize                            = 4194304                                   {product} {ergonomic}
   size_t MaxHeapSize                              = 786432000                                 {product} {command line}
   size_t MinHeapDeltaBytes                        = 1048576                                   {product} {ergonomic}
    uintx NonNMethodCodeHeapSize                   = 5830732                                {pd product} {ergonomic}
    uintx NonProfiledCodeHeapSize                  = 122913754                              {pd product} {ergonomic}
    uintx ProfiledCodeHeapSize                     = 122913754                              {pd product} {ergonomic}
    uintx ReservedCodeCacheSize                    = 251658240                              {pd product} {ergonomic}
     bool SegmentedCodeCache                       = true                                      {product} {ergonomic}
     bool UseCompressedClassPointers               = true                                 {lp64_product} {ergonomic}
     bool UseCompressedOops                        = true                                 {lp64_product} {ergonomic}
     bool UseG1GC                                  = true                                      {product} {ergonomic}
     bool UseLargePagesIndividualAllocation        = false                                  {pd product} {ergonomic}

Logging:
Log output configuration:
 #0: stdout all=warning uptime,level,tags
 #1: stderr all=off uptime,level,tags

Environment Variables:
PATH=C:\Program Files (x86)\VMware\VMware Workstation\bin\;C:\Program Files\Common Files\Oracle\Java\javapath;C:\WINDOWS\system32;C:\WINDOWS;C:\WINDOWS\System32\Wbem;C:\WINDOWS\System32\WindowsPowerShell\v1.0\;C:\WINDOWS\System32\OpenSSH\;C:\Program Files\dotnet\;C:\Program Files\Microsoft SQL Server\Client SDK\ODBC\170\Tools\Binn\;C:\Program Files (x86)\Microsoft SQL Server\150\Tools\Binn\;C:\Program Files\Microsoft SQL Server\150\Tools\Binn\;C:\Program Files\Microsoft SQL Server\150\DTS\Binn\;C:\Program Files (x86)\Microsoft SQL Server\150\DTS\Binn\;C:\Program Files\Azure Data Studio\bin;C:\Program Files (x86)\Dev-Cpp\MinGW64\bin;C:\Program Files\Microsoft SQL Server\130\Tools\Binn\;C:\Users\RIAN SURYANA\AppData\Local\Microsoft\WindowsApps;C:\Users\RIAN SURYANA\.dotnet\tools;C:\Program Files\Azure Data Studio\bin;C:\Users\RIAN SURYANA\AppData\Local\Programs\Microsoft VS Code\bin;;C:\Program Files\JetBrains\IntelliJ IDEA Community Edition 2021.3.2\bin;;C:\Program Files\JetBrains\IntelliJ IDEA 2021.3.2\bin;;C:\Users\RIAN SURYANA\AppData\Local\JetBrains\IntelliJIdea2021.3\jdbc-native-deps\SQL Server\10.2.0\sqlserver-win-auth\x64
USERNAME=RIAN SURYANA
OS=Windows_NT
PROCESSOR_IDENTIFIER=AMD64 Family 23 Model 24 Stepping 1, AuthenticAMD



---------------  S Y S T E M  ---------------

OS: Windows 11 , 64 bit Build 22621 (10.0.22621.1)
OS uptime: 2 days 5:35 hours

CPU:total 4 (initial active 4) (4 cores per cpu, 2 threads per core) family 23 model 24 stepping 1 microcode 0x0, cmov, cx8, fxsr, mmx, sse, sse2, sse3, ssse3, sse4.1, sse4.2, popcnt, avx, avx2, aes, clmul, mmxext, 3dnowpref, lzcnt, sse4a, ht, tsc, tscinvbit, tscinv, bmi1, bmi2, adx, sha, fma

Memory: 4k page, system-wide physical 6059M (358M free)
TotalPageFile size 10059M (AvailPageFile size 13M)
current process WorkingSet (physical memory assigned to process): 12M, peak: 12M
current process commit charge ("private bytes"): 51M, peak: 179M

vm_info: OpenJDK 64-Bit Server VM (11.0.13+7-b1751.25) for windows-amd64 JRE (11.0.13+7-b1751.25), built on Jan 13 2022 20:47:27 by "" with MS VC++ 14.0 (VS2015)

END.
