#
# There is insufficient memory for the Java Runtime Environment to continue.
# Native memory allocation (mmap) failed to map 1048576 bytes for G1 virtual space
# Possible reasons:
#   The system is out of physical RAM or swap space
#   The process is running with CompressedOops enabled, and the Java Heap may be blocking the growth of the native heap
# Possible solutions:
#   Reduce memory load on the system
#   Increase physical memory or swap space
#   Check if swap backing store is full
#   Decrease Java heap size (-Xmx/-Xms)
#   Decrease number of Java threads
#   Decrease Java thread stack sizes (-Xss)
#   Set larger code cache with -XX:ReservedCodeCacheSize=
#   JVM is running with Unscaled Compressed Oops mode in which the Java heap is
#     placed in the first 4GB address space. The Java Heap base address is the
#     maximum limit for the native heap growth. Please use -XX:HeapBaseMinAddress
#     to set the Java Heap base and to place the Java Heap above 4GB virtual address.
# This output file may be truncated or incomplete.
#
#  Out of Memory Error (os_windows.cpp:3532), pid=13940, tid=11536
#
# JRE version: Java(TM) SE Runtime Environment (17.0.2+8) (build 17.0.2+8-LTS-86)
# Java VM: Java HotSpot(TM) 64-Bit Server VM (17.0.2+8-LTS-86, mixed mode, sharing, tiered, compressed oops, compressed class ptrs, g1 gc, windows-amd64)
# No core dump will be written. Minidumps are not enabled by default on client versions of Windows
#

---------------  S U M M A R Y ------------

Command Line: -javaagent:C:\Program Files\JetBrains\IntelliJ IDEA 2021.3.2\lib\idea_rt.jar=53744:C:\Program Files\JetBrains\IntelliJ IDEA 2021.3.2\bin -Dfile.encoding=UTF-8 DSPemilik.LaporanSupplier

Host: AMD Ryzen 3 3250U with Radeon Graphics         , 4 cores, 5G,  Windows 11 , 64 bit Build 22621 (10.0.22621.1)
Time: Wed Jul 20 08:56:15 2022 SE Asia Standard Time elapsed time: 24.547177 seconds (0d 0h 0m 24s)

---------------  T H R E A D  ---------------

Current thread (0x000001cfe3e4a100):  JavaThread "AWT-EventQueue-0" [_thread_in_vm, id=11536, stack(0x000000ce09200000,0x000000ce09300000)]

Stack: [0x000000ce09200000,0x000000ce09300000]
Native frames: (J=compiled Java code, j=interpreted, Vv=VM code, C=native code)
V  [jvm.dll+0x670baa]
V  [jvm.dll+0x7cfcb4]
V  [jvm.dll+0x7d145e]
V  [jvm.dll+0x7d1ac3]
V  [jvm.dll+0x242bc5]
V  [jvm.dll+0x66dac9]
V  [jvm.dll+0x662412]
V  [jvm.dll+0x300c0b]
V  [jvm.dll+0x3081a6]
V  [jvm.dll+0x3579fb]
V  [jvm.dll+0x358024]
V  [jvm.dll+0x357bd6]
V  [jvm.dll+0x2d8414]
V  [jvm.dll+0x2d44a6]
V  [jvm.dll+0x605113]
V  [jvm.dll+0x20dab5]
V  [jvm.dll+0x799d96]
V  [jvm.dll+0x37da9a]
C  0x000001cfcb06b90d

Java frames: (J=compiled Java code, j=interpreted, Vv=VM code)
j  java.awt.image.DataBufferInt.<init>(I)V+11 java.desktop@17.0.2
j  java.awt.image.Raster.createPackedRaster(III[ILjava/awt/Point;)Ljava/awt/image/WritableRaster;+69 java.desktop@17.0.2
j  java.awt.image.DirectColorModel.createCompatibleWritableRaster(II)Ljava/awt/image/WritableRaster;+83 java.desktop@17.0.2
j  java.awt.image.BufferedImage.<init>(III)V+127 java.desktop@17.0.2
j  sun.java2d.pipe.DrawImage.makeBufferedImage(Ljava/awt/Image;Ljava/awt/Color;IIIII)Ljava/awt/image/BufferedImage;+23 java.desktop@17.0.2
j  sun.java2d.pipe.DrawImage.renderImageXform(Lsun/java2d/SunGraphics2D;Ljava/awt/Image;Ljava/awt/geom/AffineTransform;IIIIILjava/awt/Color;)V+437 java.desktop@17.0.2
j  sun.java2d.d3d.D3DDrawImage.renderImageXform(Lsun/java2d/SunGraphics2D;Ljava/awt/Image;Ljava/awt/geom/AffineTransform;IIIIILjava/awt/Color;)V+127 java.desktop@17.0.2
j  sun.java2d.pipe.DrawImage.transformImage(Lsun/java2d/SunGraphics2D;Ljava/awt/Image;Ljava/awt/geom/AffineTransform;IIIIILjava/awt/Color;)V+120 java.desktop@17.0.2
j  sun.java2d.pipe.DrawImage.scaleImage(Lsun/java2d/SunGraphics2D;Ljava/awt/Image;IIIILjava/awt/Color;)Z+181 java.desktop@17.0.2
j  sun.java2d.pipe.DrawImage.scaleImage(Lsun/java2d/SunGraphics2D;Ljava/awt/Image;IIIILjava/awt/Color;Ljava/awt/image/ImageObserver;)Z+19 java.desktop@17.0.2
j  sun.java2d.SunGraphics2D.drawImage(Ljava/awt/Image;IIIILjava/awt/Color;Ljava/awt/image/ImageObserver;)Z+119 java.desktop@17.0.2
j  sun.java2d.SunGraphics2D.drawImage(Ljava/awt/Image;IIIILjava/awt/image/ImageObserver;)Z+11 java.desktop@17.0.2
j  net.sf.jasperreports.renderers.WrappingImageDataToGraphics2DRenderer.render(Lnet/sf/jasperreports/engine/JasperReportsContext;Ljava/awt/Graphics2D;Ljava/awt/geom/Rectangle2D;)V+208
j  net.sf.jasperreports.engine.export.draw.ImageDrawer$InternalImageDrawer.drawRetainShape(Ljava/awt/Graphics2D;Lnet/sf/jasperreports/renderers/Graphics2DRenderable;)V+707
j  net.sf.jasperreports.engine.export.draw.ImageDrawer$InternalImageDrawer.draw(Ljava/awt/Graphics2D;Lnet/sf/jasperreports/renderers/Renderable;)V+97
j  net.sf.jasperreports.engine.export.draw.ImageDrawer.draw(Ljava/awt/Graphics2D;Lnet/sf/jasperreports/engine/JRPrintImage;II)V+103
j  net.sf.jasperreports.engine.export.draw.PrintDrawVisitor.visit(Lnet/sf/jasperreports/engine/JRPrintImage;Lnet/sf/jasperreports/engine/export/draw/Offset;)V+17
j  net.sf.jasperreports.engine.export.draw.PrintDrawVisitor.visit(Lnet/sf/jasperreports/engine/JRPrintImage;Ljava/lang/Object;)V+6
j  net.sf.jasperreports.engine.fill.JRTemplatePrintImage.accept(Lnet/sf/jasperreports/engine/PrintElementVisitor;Ljava/lang/Object;)V+3
j  net.sf.jasperreports.engine.export.draw.FrameDrawer.draw(Ljava/util/Collection;)V+263
j  net.sf.jasperreports.engine.export.draw.FrameDrawer.draw(Ljava/awt/Graphics2D;Ljava/util/Collection;II)V+14
j  net.sf.jasperreports.engine.export.JRGraphics2DExporter.exportPage(Ljava/awt/Graphics2D;I)V+112
j  net.sf.jasperreports.engine.export.JRGraphics2DExporter.exportReportToGraphics2D(Ljava/awt/Graphics2D;)V+237
j  net.sf.jasperreports.engine.export.JRGraphics2DExporter.exportReport()V+31
j  net.sf.jasperreports.swing.JRViewerPanel.paintPage(Ljava/awt/Graphics2D;)V+151
j  net.sf.jasperreports.swing.JRViewerPanel$PageRenderer.paintComponent(Ljava/awt/Graphics;)V+28
J 4492 c1 javax.swing.JComponent.paint(Ljava/awt/Graphics;)V java.desktop@17.0.2 (409 bytes) @ 0x000001cfcbebdca4 [0x000001cfcbebc480+0x0000000000001824]
J 4495 c1 javax.swing.JComponent.paintChildren(Ljava/awt/Graphics;)V java.desktop@17.0.2 (691 bytes) @ 0x000001cfcbeb591c [0x000001cfcbeb23c0+0x000000000000355c]
J 4492 c1 javax.swing.JComponent.paint(Ljava/awt/Graphics;)V java.desktop@17.0.2 (409 bytes) @ 0x000001cfcbebe15c [0x000001cfcbebc480+0x0000000000001cdc]
J 4495 c1 javax.swing.JComponent.paintChildren(Ljava/awt/Graphics;)V java.desktop@17.0.2 (691 bytes) @ 0x000001cfcbeb591c [0x000001cfcbeb23c0+0x000000000000355c]
J 4492 c1 javax.swing.JComponent.paint(Ljava/awt/Graphics;)V java.desktop@17.0.2 (409 bytes) @ 0x000001cfcbebe15c [0x000001cfcbebc480+0x0000000000001cdc]
J 4495 c1 javax.swing.JComponent.paintChildren(Ljava/awt/Graphics;)V java.desktop@17.0.2 (691 bytes) @ 0x000001cfcbeb591c [0x000001cfcbeb23c0+0x000000000000355c]
J 4492 c1 javax.swing.JComponent.paint(Ljava/awt/Graphics;)V java.desktop@17.0.2 (409 bytes) @ 0x000001cfcbebe15c [0x000001cfcbebc480+0x0000000000001cdc]
J 4495 c1 javax.swing.JComponent.paintChildren(Ljava/awt/Graphics;)V java.desktop@17.0.2 (691 bytes) @ 0x000001cfcbeb591c [0x000001cfcbeb23c0+0x000000000000355c]
J 4492 c1 javax.swing.JComponent.paint(Ljava/awt/Graphics;)V java.desktop@17.0.2 (409 bytes) @ 0x000001cfcbebe15c [0x000001cfcbebc480+0x0000000000001cdc]
j  javax.swing.JViewport.paint(Ljava/awt/Graphics;)V+205 java.desktop@17.0.2
J 4495 c1 javax.swing.JComponent.paintChildren(Ljava/awt/Graphics;)V java.desktop@17.0.2 (691 bytes) @ 0x000001cfcbeb591c [0x000001cfcbeb23c0+0x000000000000355c]
J 4492 c1 javax.swing.JComponent.paint(Ljava/awt/Graphics;)V java.desktop@17.0.2 (409 bytes) @ 0x000001cfcbebe15c [0x000001cfcbebc480+0x0000000000001cdc]
j  javax.swing.JComponent.paintToOffscreen(Ljava/awt/Graphics;IIIIII)V+41 java.desktop@17.0.2
j  javax.swing.RepaintManager$PaintManager.paintDoubleBufferedFPScales(Ljavax/swing/JComponent;Ljava/awt/Image;Ljava/awt/Graphics;IIII)V+320 java.desktop@17.0.2
j  javax.swing.RepaintManager$PaintManager.paintDoubleBuffered(Ljavax/swing/JComponent;Ljava/awt/Image;Ljava/awt/Graphics;IIII)V+28 java.desktop@17.0.2
j  javax.swing.RepaintManager$PaintManager.paint(Ljavax/swing/JComponent;Ljavax/swing/JComponent;Ljava/awt/Graphics;IIII)Z+128 java.desktop@17.0.2
j  javax.swing.RepaintManager.paint(Ljavax/swing/JComponent;Ljavax/swing/JComponent;Ljava/awt/Graphics;IIII)V+52 java.desktop@17.0.2
j  javax.swing.JComponent._paintImmediately(IIII)V+683 java.desktop@17.0.2
j  javax.swing.JComponent.paintImmediately(IIII)V+138 java.desktop@17.0.2
j  javax.swing.RepaintManager$4.run()Ljava/lang/Void;+81 java.desktop@17.0.2
j  javax.swing.RepaintManager$4.run()Ljava/lang/Object;+1 java.desktop@17.0.2
J 1942 c1 java.security.ProtectionDomain$JavaSecurityAccessImpl.doIntersectionPrivilege(Ljava/security/PrivilegedAction;Ljava/security/AccessControlContext;Ljava/security/AccessControlContext;)Ljava/lang/Object; java.base@17.0.2 (22 bytes) @ 0x000001cfcb951634 [0x000001cfcb9513a0+0x0000000000000294]
j  javax.swing.RepaintManager.paintDirtyRegions(Ljava/util/Map;)V+154 java.desktop@17.0.2
j  javax.swing.RepaintManager.paintDirtyRegions()V+46 java.desktop@17.0.2
j  javax.swing.RepaintManager.prePaintDirtyRegions()V+73 java.desktop@17.0.2
j  javax.swing.RepaintManager$ProcessingRunnable.run()V+37 java.desktop@17.0.2
J 2182 c1 java.awt.event.InvocationEvent.dispatch()V java.desktop@17.0.2 (69 bytes) @ 0x000001cfcb9d369c [0x000001cfcb9d3480+0x000000000000021c]
J 2131 c1 java.awt.EventQueue.dispatchEventImpl(Ljava/awt/AWTEvent;Ljava/lang/Object;)V java.desktop@17.0.2 (136 bytes) @ 0x000001cfcb9b6234 [0x000001cfcb9b4760+0x0000000000001ad4]
J 2130 c1 java.awt.EventQueue$4.run()Ljava/lang/Void; java.desktop@17.0.2 (60 bytes) @ 0x000001cfcb9b408c [0x000001cfcb9b3f60+0x000000000000012c]
J 2020 c1 java.awt.EventQueue.dispatchEvent(Ljava/awt/AWTEvent;)V java.desktop@17.0.2 (80 bytes) @ 0x000001cfcb97458c [0x000001cfcb973fe0+0x00000000000005ac]
J 2023 c1 java.awt.EventDispatchThread.pumpOneEventForFilters(I)V java.desktop@17.0.2 (113 bytes) @ 0x000001cfcb9775a4 [0x000001cfcb976f20+0x0000000000000684]
j  java.awt.EventDispatchThread.pumpEventsForFilter(ILjava/awt/Conditional;Ljava/awt/EventFilter;)V+35 java.desktop@17.0.2
j  java.awt.EventDispatchThread.pumpEventsForHierarchy(ILjava/awt/Conditional;Ljava/awt/Component;)V+11 java.desktop@17.0.2
j  java.awt.EventDispatchThread.pumpEvents(ILjava/awt/Conditional;)V+4 java.desktop@17.0.2
j  java.awt.EventDispatchThread.pumpEvents(Ljava/awt/Conditional;)V+3 java.desktop@17.0.2
j  java.awt.EventDispatchThread.run()V+9 java.desktop@17.0.2
v  ~StubRoutines::call_stub

---------------  P R O C E S S  ---------------

Threads class SMR info:
_java_thread_list=0x000001cfe78db4e0, length=21, elements={
0x000001cfc20be7d0, 0x000001cfe0473370, 0x000001cfe0484e60, 0x000001cfe0488830,
0x000001cfe04891e0, 0x000001cfe0489b90, 0x000001cfe048a920, 0x000001cfe048bde0,
0x000001cfe04f62d0, 0x000001cfe051fae0, 0x000001cfe118a3d0, 0x000001cfe10c7990,
0x000001cfe12e4810, 0x000001cfe131a1c0, 0x000001cfe3e49c30, 0x000001cfe3e4a100,
0x000001cfe3e49760, 0x000001cfe3e48dc0, 0x000001cfe3e49290, 0x000001cfe7361dd0,
0x000001cfe7364df0
}

Java Threads: ( => current thread )
  0x000001cfc20be7d0 JavaThread "Reference Handler" daemon [_thread_blocked, id=12036, stack(0x000000ce07c00000,0x000000ce07d00000)]
  0x000001cfe0473370 JavaThread "Finalizer" daemon [_thread_blocked, id=13780, stack(0x000000ce07d00000,0x000000ce07e00000)]
  0x000001cfe0484e60 JavaThread "Signal Dispatcher" daemon [_thread_blocked, id=13804, stack(0x000000ce07e00000,0x000000ce07f00000)]
  0x000001cfe0488830 JavaThread "Attach Listener" daemon [_thread_blocked, id=3320, stack(0x000000ce07f00000,0x000000ce08000000)]
  0x000001cfe04891e0 JavaThread "Service Thread" daemon [_thread_blocked, id=8312, stack(0x000000ce08000000,0x000000ce08100000)]
  0x000001cfe0489b90 JavaThread "Monitor Deflation Thread" daemon [_thread_blocked, id=13936, stack(0x000000ce08100000,0x000000ce08200000)]
  0x000001cfe048a920 JavaThread "C2 CompilerThread0" daemon [_thread_blocked, id=6352, stack(0x000000ce08200000,0x000000ce08300000)]
  0x000001cfe048bde0 JavaThread "C1 CompilerThread0" daemon [_thread_blocked, id=12176, stack(0x000000ce08300000,0x000000ce08400000)]
  0x000001cfe04f62d0 JavaThread "Sweeper thread" daemon [_thread_blocked, id=8548, stack(0x000000ce08400000,0x000000ce08500000)]
  0x000001cfe051fae0 JavaThread "Common-Cleaner" daemon [_thread_blocked, id=7832, stack(0x000000ce08500000,0x000000ce08600000)]
  0x000001cfe118a3d0 JavaThread "Monitor Ctrl-Break" daemon [_thread_in_native, id=2460, stack(0x000000ce08600000,0x000000ce08700000)]
  0x000001cfe10c7990 JavaThread "Notification Thread" daemon [_thread_blocked, id=2200, stack(0x000000ce08700000,0x000000ce08800000)]
  0x000001cfe12e4810 JavaThread "Java2D Disposer" daemon [_thread_blocked, id=12616, stack(0x000000ce08900000,0x000000ce08a00000)]
  0x000001cfe131a1c0 JavaThread "AWT-Windows" daemon [_thread_in_native, id=10588, stack(0x000000ce08b00000,0x000000ce08c00000)]
  0x000001cfe3e49c30 JavaThread "AWT-Shutdown" [_thread_blocked, id=892, stack(0x000000ce08a00000,0x000000ce08b00000)]
=>0x000001cfe3e4a100 JavaThread "AWT-EventQueue-0" [_thread_in_vm, id=11536, stack(0x000000ce09200000,0x000000ce09300000)]
  0x000001cfe3e49760 JavaThread "DestroyJavaVM" [_thread_blocked, id=13012, stack(0x000000ce07400000,0x000000ce07500000)]
  0x000001cfe3e48dc0 JavaThread "D3D Screen Updater" daemon [_thread_blocked, id=8556, stack(0x000000ce09b00000,0x000000ce09c00000)]
  0x000001cfe3e49290 JavaThread "TimerQueue" daemon [_thread_blocked, id=14332, stack(0x000000ce09c00000,0x000000ce09d00000)]
  0x000001cfe7361dd0 JavaThread "Image Fetcher 0" daemon [_thread_blocked, id=3564, stack(0x000000ce09f00000,0x000000ce0a000000)]
  0x000001cfe7364df0 JavaThread "Image Fetcher 1" daemon [_thread_blocked, id=14296, stack(0x000000ce0a000000,0x000000ce0a100000)]

Other Threads:
  0x000001cfc20bc680 VMThread "VM Thread" [stack: 0x000000ce07b00000,0x000000ce07c00000] [id=13076]
  0x000001cfe118a8a0 WatcherThread [stack: 0x000000ce08800000,0x000000ce08900000] [id=7896]
  0x000001cfc2023a00 GCTaskThread "GC Thread#0" [stack: 0x000000ce07600000,0x000000ce07700000] [id=7872]
  0x000001cfe3ea9ef0 GCTaskThread "GC Thread#1" [stack: 0x000000ce09600000,0x000000ce09700000] [id=6508]
  0x000001cfe1394ce0 GCTaskThread "GC Thread#2" [stack: 0x000000ce09700000,0x000000ce09800000] [id=11948]
  0x000001cfe3ff9420 GCTaskThread "GC Thread#3" [stack: 0x000000ce09800000,0x000000ce09900000] [id=11924]
  0x000001cfc20306c0 ConcurrentGCThread "G1 Main Marker" [stack: 0x000000ce07700000,0x000000ce07800000] [id=12572]
  0x000001cfc2033250 ConcurrentGCThread "G1 Conc#0" [stack: 0x000000ce07800000,0x000000ce07900000] [id=14204]
  0x000001cfc20950f0 ConcurrentGCThread "G1 Refine#0" [stack: 0x000000ce07900000,0x000000ce07a00000] [id=4820]
  0x000001cfe3f22920 ConcurrentGCThread "G1 Refine#1" [stack: 0x000000ce09900000,0x000000ce09a00000] [id=9652]
  0x000001cfea43fc20 ConcurrentGCThread "G1 Refine#2" [stack: 0x000000ce09300000,0x000000ce09400000] [id=12512]
  0x000001cfc20969c0 ConcurrentGCThread "G1 Service" [stack: 0x000000ce07a00000,0x000000ce07b00000] [id=14092]

Threads with active compile tasks:

VM state: not at safepoint (normal execution)

VM Mutex/Monitor currently owned by a thread:  ([mutex/lock_event])
[0x000001cfc1fea730] Heap_lock - owner thread: 0x000001cfe3e4a100

Heap address: 0x00000000a1400000, size: 1516 MB, Compressed Oops mode: 32-bit

CDS archive(s) mapped at: [0x0000000800000000-0x0000000800bc0000-0x0000000800bc0000), size 12320768, SharedBaseAddress: 0x0000000800000000, ArchiveRelocationMode: 0.
Compressed class space mapped at: 0x0000000800c00000-0x0000000840c00000, reserved size: 1073741824
Narrow klass base: 0x0000000800000000, Narrow klass shift: 0, Narrow klass range: 0x100000000

GC Precious Log:
 CPUs: 4 total, 4 available
 Memory: 6059M
 Large Page Support: Disabled
 NUMA Support: Disabled
 Compressed Oops: Enabled (32-bit)
 Heap Region Size: 1M
 Heap Min Capacity: 8M
 Heap Initial Capacity: 96M
 Heap Max Capacity: 1516M
 Pre-touch: Disabled
 Parallel Workers: 4
 Concurrent Workers: 1
 Concurrent Refinement Workers: 4
 Periodic GC: Disabled

Heap:
 garbage-first heap   total 148480K, used 137503K [0x00000000a1400000, 0x0000000100000000)
  region size 1024K, 5 young (5120K), 1 survivors (1024K)
 Metaspace       used 38796K, committed 39104K, reserved 1089536K
  class space    used 4579K, committed 4736K, reserved 1048576K

Heap Regions: E=young(eden), S=young(survivor), O=old, HS=humongous(starts), HC=humongous(continues), CS=collection set, F=free, OA=open archive, CA=closed archive, TAMS=top-at-mark-start (previous, next)
|   0|0x00000000a1400000, 0x00000000a1500000, 0x00000000a1500000|100%| O|  |TAMS 0x00000000a1500000, 0x00000000a1400000| Untracked 
|   1|0x00000000a1500000, 0x00000000a1600000, 0x00000000a1600000|100%| O|  |TAMS 0x00000000a1600000, 0x00000000a1500000| Untracked 
|   2|0x00000000a1600000, 0x00000000a1700000, 0x00000000a1700000|100%| O|  |TAMS 0x00000000a1700000, 0x00000000a1600000| Untracked 
|   3|0x00000000a1700000, 0x00000000a1800000, 0x00000000a1800000|100%| O|  |TAMS 0x00000000a1800000, 0x00000000a1700000| Untracked 
|   4|0x00000000a1800000, 0x00000000a1900000, 0x00000000a1900000|100%| O|  |TAMS 0x00000000a1900000, 0x00000000a1800000| Untracked 
|   5|0x00000000a1900000, 0x00000000a1a00000, 0x00000000a1a00000|100%| O|  |TAMS 0x00000000a1a00000, 0x00000000a1900000| Untracked 
|   6|0x00000000a1a00000, 0x00000000a1b00000, 0x00000000a1b00000|100%| O|  |TAMS 0x00000000a1b00000, 0x00000000a1a00000| Untracked 
|   7|0x00000000a1b00000, 0x00000000a1c00000, 0x00000000a1c00000|100%| O|  |TAMS 0x00000000a1c00000, 0x00000000a1b00000| Untracked 
|   8|0x00000000a1c00000, 0x00000000a1c00000, 0x00000000a1d00000|  0%| F|  |TAMS 0x00000000a1c00000, 0x00000000a1c00000| Untracked 
|   9|0x00000000a1d00000, 0x00000000a1e00000, 0x00000000a1e00000|100%| O|  |TAMS 0x00000000a1e00000, 0x00000000a1d00000| Complete 
|  10|0x00000000a1e00000, 0x00000000a1f00000, 0x00000000a1f00000|100%| O|  |TAMS 0x00000000a1f00000, 0x00000000a1e00000| Untracked 
|  11|0x00000000a1f00000, 0x00000000a2000000, 0x00000000a2000000|100%| O|  |TAMS 0x00000000a2000000, 0x00000000a1f00000| Untracked 
|  12|0x00000000a2000000, 0x00000000a2100000, 0x00000000a2100000|100%| O|  |TAMS 0x00000000a2100000, 0x00000000a2000000| Untracked 
|  13|0x00000000a2100000, 0x00000000a2200000, 0x00000000a2200000|100%| O|  |TAMS 0x00000000a2200000, 0x00000000a2100000| Untracked 
|  14|0x00000000a2200000, 0x00000000a2300000, 0x00000000a2300000|100%| O|  |TAMS 0x00000000a2300000, 0x00000000a2200000| Untracked 
|  15|0x00000000a2300000, 0x00000000a2400000, 0x00000000a2400000|100%| O|  |TAMS 0x00000000a2400000, 0x00000000a2300000| Complete 
|  16|0x00000000a2400000, 0x00000000a2500000, 0x00000000a2500000|100%|HS|  |TAMS 0x00000000a2500000, 0x00000000a2400000| Complete 
|  17|0x00000000a2500000, 0x00000000a2600000, 0x00000000a2600000|100%|HC|  |TAMS 0x00000000a2600000, 0x00000000a2500000| Complete 
|  18|0x00000000a2600000, 0x00000000a2700000, 0x00000000a2700000|100%|HC|  |TAMS 0x00000000a2700000, 0x00000000a2600000| Complete 
|  19|0x00000000a2700000, 0x00000000a2800000, 0x00000000a2800000|100%|HC|  |TAMS 0x00000000a2800000, 0x00000000a2700000| Complete 
|  20|0x00000000a2800000, 0x00000000a2900000, 0x00000000a2900000|100%|HC|  |TAMS 0x00000000a2900000, 0x00000000a2800000| Complete 
|  21|0x00000000a2900000, 0x00000000a2a00000, 0x00000000a2a00000|100%|HC|  |TAMS 0x00000000a2a00000, 0x00000000a2900000| Complete 
|  22|0x00000000a2a00000, 0x00000000a2b00000, 0x00000000a2b00000|100%| O|  |TAMS 0x00000000a2b00000, 0x00000000a2a00000| Untracked 
|  23|0x00000000a2b00000, 0x00000000a2b51600, 0x00000000a2c00000| 31%| O|  |TAMS 0x00000000a2b51600, 0x00000000a2b00000| Untracked 
|  24|0x00000000a2c00000, 0x00000000a2d00000, 0x00000000a2d00000|100%|HS|  |TAMS 0x00000000a2c00000, 0x00000000a2c00000| Complete 
|  25|0x00000000a2d00000, 0x00000000a2e00000, 0x00000000a2e00000|100%|HC|  |TAMS 0x00000000a2d00000, 0x00000000a2d00000| Complete 
|  26|0x00000000a2e00000, 0x00000000a2f00000, 0x00000000a2f00000|100%|HC|  |TAMS 0x00000000a2e00000, 0x00000000a2e00000| Complete 
|  27|0x00000000a2f00000, 0x00000000a3000000, 0x00000000a3000000|100%|HC|  |TAMS 0x00000000a2f00000, 0x00000000a2f00000| Complete 
|  28|0x00000000a3000000, 0x00000000a3100000, 0x00000000a3100000|100%|HC|  |TAMS 0x00000000a3000000, 0x00000000a3000000| Complete 
|  29|0x00000000a3100000, 0x00000000a3200000, 0x00000000a3200000|100%|HC|  |TAMS 0x00000000a3100000, 0x00000000a3100000| Complete 
|  30|0x00000000a3200000, 0x00000000a3300000, 0x00000000a3300000|100%|HS|  |TAMS 0x00000000a3200000, 0x00000000a3200000| Complete 
|  31|0x00000000a3300000, 0x00000000a3400000, 0x00000000a3400000|100%|HC|  |TAMS 0x00000000a3300000, 0x00000000a3300000| Complete 
|  32|0x00000000a3400000, 0x00000000a3500000, 0x00000000a3500000|100%|HC|  |TAMS 0x00000000a3400000, 0x00000000a3400000| Complete 
|  33|0x00000000a3500000, 0x00000000a3600000, 0x00000000a3600000|100%|HC|  |TAMS 0x00000000a3500000, 0x00000000a3500000| Complete 
|  34|0x00000000a3600000, 0x00000000a3700000, 0x00000000a3700000|100%|HC|  |TAMS 0x00000000a3600000, 0x00000000a3600000| Complete 
|  35|0x00000000a3700000, 0x00000000a3800000, 0x00000000a3800000|100%|HC|  |TAMS 0x00000000a3700000, 0x00000000a3700000| Complete 
|  36|0x00000000a3800000, 0x00000000a3900000, 0x00000000a3900000|100%|HS|  |TAMS 0x00000000a3800000, 0x00000000a3800000| Complete 
|  37|0x00000000a3900000, 0x00000000a3a00000, 0x00000000a3a00000|100%|HC|  |TAMS 0x00000000a3900000, 0x00000000a3900000| Complete 
|  38|0x00000000a3a00000, 0x00000000a3b00000, 0x00000000a3b00000|100%|HC|  |TAMS 0x00000000a3a00000, 0x00000000a3a00000| Complete 
|  39|0x00000000a3b00000, 0x00000000a3c00000, 0x00000000a3c00000|100%|HC|  |TAMS 0x00000000a3b00000, 0x00000000a3b00000| Complete 
|  40|0x00000000a3c00000, 0x00000000a3d00000, 0x00000000a3d00000|100%|HC|  |TAMS 0x00000000a3c00000, 0x00000000a3c00000| Complete 
|  41|0x00000000a3d00000, 0x00000000a3e00000, 0x00000000a3e00000|100%|HC|  |TAMS 0x00000000a3d00000, 0x00000000a3d00000| Complete 
|  42|0x00000000a3e00000, 0x00000000a3e00000, 0x00000000a3f00000|  0%| F|  |TAMS 0x00000000a3e00000, 0x00000000a3e00000| Untracked 
|  43|0x00000000a3f00000, 0x00000000a3f00000, 0x00000000a4000000|  0%| F|  |TAMS 0x00000000a3f00000, 0x00000000a3f00000| Untracked 
|  44|0x00000000a4000000, 0x00000000a4000000, 0x00000000a4100000|  0%| F|  |TAMS 0x00000000a4000000, 0x00000000a4000000| Untracked 
|  45|0x00000000a4100000, 0x00000000a4100000, 0x00000000a4200000|  0%| F|  |TAMS 0x00000000a4100000, 0x00000000a4100000| Untracked 
|  46|0x00000000a4200000, 0x00000000a4300000, 0x00000000a4300000|100%|HS|  |TAMS 0x00000000a4200000, 0x00000000a4200000| Complete 
|  47|0x00000000a4300000, 0x00000000a4400000, 0x00000000a4400000|100%|HC|  |TAMS 0x00000000a4300000, 0x00000000a4300000| Complete 
|  48|0x00000000a4400000, 0x00000000a4500000, 0x00000000a4500000|100%|HC|  |TAMS 0x00000000a4400000, 0x00000000a4400000| Complete 
|  49|0x00000000a4500000, 0x00000000a4600000, 0x00000000a4600000|100%|HC|  |TAMS 0x00000000a4500000, 0x00000000a4500000| Complete 
|  50|0x00000000a4600000, 0x00000000a4700000, 0x00000000a4700000|100%|HC|  |TAMS 0x00000000a4600000, 0x00000000a4600000| Complete 
|  51|0x00000000a4700000, 0x00000000a4800000, 0x00000000a4800000|100%|HC|  |TAMS 0x00000000a4700000, 0x00000000a4700000| Complete 
|  52|0x00000000a4800000, 0x00000000a4900000, 0x00000000a4900000|100%|HS|  |TAMS 0x00000000a4800000, 0x00000000a4800000| Complete 
|  53|0x00000000a4900000, 0x00000000a4a00000, 0x00000000a4a00000|100%|HC|  |TAMS 0x00000000a4900000, 0x00000000a4900000| Complete 
|  54|0x00000000a4a00000, 0x00000000a4b00000, 0x00000000a4b00000|100%|HC|  |TAMS 0x00000000a4a00000, 0x00000000a4a00000| Complete 
|  55|0x00000000a4b00000, 0x00000000a4c00000, 0x00000000a4c00000|100%|HC|  |TAMS 0x00000000a4b00000, 0x00000000a4b00000| Complete 
|  56|0x00000000a4c00000, 0x00000000a4d00000, 0x00000000a4d00000|100%|HC|  |TAMS 0x00000000a4c00000, 0x00000000a4c00000| Complete 
|  57|0x00000000a4d00000, 0x00000000a4e00000, 0x00000000a4e00000|100%|HC|  |TAMS 0x00000000a4d00000, 0x00000000a4d00000| Complete 
|  58|0x00000000a4e00000, 0x00000000a4f00000, 0x00000000a4f00000|100%|HS|  |TAMS 0x00000000a4e00000, 0x00000000a4e00000| Complete 
|  59|0x00000000a4f00000, 0x00000000a5000000, 0x00000000a5000000|100%|HC|  |TAMS 0x00000000a4f00000, 0x00000000a4f00000| Complete 
|  60|0x00000000a5000000, 0x00000000a5100000, 0x00000000a5100000|100%|HC|  |TAMS 0x00000000a5000000, 0x00000000a5000000| Complete 
|  61|0x00000000a5100000, 0x00000000a5200000, 0x00000000a5200000|100%|HC|  |TAMS 0x00000000a5100000, 0x00000000a5100000| Complete 
|  62|0x00000000a5200000, 0x00000000a5300000, 0x00000000a5300000|100%|HC|  |TAMS 0x00000000a5200000, 0x00000000a5200000| Complete 
|  63|0x00000000a5300000, 0x00000000a5400000, 0x00000000a5400000|100%|HC|  |TAMS 0x00000000a5300000, 0x00000000a5300000| Complete 
|  64|0x00000000a5400000, 0x00000000a5415870, 0x00000000a5500000|  8%| S|CS|TAMS 0x00000000a5400000, 0x00000000a5400000| Complete 
|  65|0x00000000a5500000, 0x00000000a5500000, 0x00000000a5600000|  0%| F|  |TAMS 0x00000000a5500000, 0x00000000a5500000| Untracked 
|  66|0x00000000a5600000, 0x00000000a5600000, 0x00000000a5700000|  0%| F|  |TAMS 0x00000000a5600000, 0x00000000a5600000| Untracked 
|  67|0x00000000a5700000, 0x00000000a5700000, 0x00000000a5800000|  0%| F|  |TAMS 0x00000000a5700000, 0x00000000a5700000| Untracked 
|  68|0x00000000a5800000, 0x00000000a58e0f18, 0x00000000a5900000| 87%| E|  |TAMS 0x00000000a5800000, 0x00000000a5800000| Complete 
|  69|0x00000000a5900000, 0x00000000a5a00000, 0x00000000a5a00000|100%|HS|  |TAMS 0x00000000a5900000, 0x00000000a5900000| Complete 
|  70|0x00000000a5a00000, 0x00000000a5b00000, 0x00000000a5b00000|100%|HC|  |TAMS 0x00000000a5a00000, 0x00000000a5a00000| Complete 
|  71|0x00000000a5b00000, 0x00000000a5c00000, 0x00000000a5c00000|100%|HC|  |TAMS 0x00000000a5b00000, 0x00000000a5b00000| Complete 
|  72|0x00000000a5c00000, 0x00000000a5d00000, 0x00000000a5d00000|100%|HC|  |TAMS 0x00000000a5c00000, 0x00000000a5c00000| Complete 
|  73|0x00000000a5d00000, 0x00000000a5e00000, 0x00000000a5e00000|100%|HC|  |TAMS 0x00000000a5d00000, 0x00000000a5d00000| Complete 
|  74|0x00000000a5e00000, 0x00000000a5f00000, 0x00000000a5f00000|100%|HC|  |TAMS 0x00000000a5e00000, 0x00000000a5e00000| Complete 
|  75|0x00000000a5f00000, 0x00000000a6000000, 0x00000000a6000000|100%|HS|  |TAMS 0x00000000a5f00000, 0x00000000a5f00000| Complete 
|  76|0x00000000a6000000, 0x00000000a6100000, 0x00000000a6100000|100%|HC|  |TAMS 0x00000000a6000000, 0x00000000a6000000| Complete 
|  77|0x00000000a6100000, 0x00000000a6200000, 0x00000000a6200000|100%|HC|  |TAMS 0x00000000a6100000, 0x00000000a6100000| Complete 
|  78|0x00000000a6200000, 0x00000000a6300000, 0x00000000a6300000|100%|HC|  |TAMS 0x00000000a6200000, 0x00000000a6200000| Complete 
|  79|0x00000000a6300000, 0x00000000a6400000, 0x00000000a6400000|100%|HC|  |TAMS 0x00000000a6300000, 0x00000000a6300000| Complete 
|  80|0x00000000a6400000, 0x00000000a6500000, 0x00000000a6500000|100%|HC|  |TAMS 0x00000000a6400000, 0x00000000a6400000| Complete 
|  81|0x00000000a6500000, 0x00000000a6600000, 0x00000000a6600000|100%| E|  |TAMS 0x00000000a6500000, 0x00000000a6500000| Complete 
|  82|0x00000000a6600000, 0x00000000a6700000, 0x00000000a6700000|100%| E|CS|TAMS 0x00000000a6600000, 0x00000000a6600000| Complete 
|  83|0x00000000a6700000, 0x00000000a6800000, 0x00000000a6800000|100%|HS|  |TAMS 0x00000000a6700000, 0x00000000a6700000| Complete 
|  84|0x00000000a6800000, 0x00000000a6900000, 0x00000000a6900000|100%|HC|  |TAMS 0x00000000a6800000, 0x00000000a6800000| Complete 
|  85|0x00000000a6900000, 0x00000000a6a00000, 0x00000000a6a00000|100%|HC|  |TAMS 0x00000000a6900000, 0x00000000a6900000| Complete 
|  86|0x00000000a6a00000, 0x00000000a6b00000, 0x00000000a6b00000|100%|HC|  |TAMS 0x00000000a6a00000, 0x00000000a6a00000| Complete 
|  87|0x00000000a6b00000, 0x00000000a6c00000, 0x00000000a6c00000|100%|HC|  |TAMS 0x00000000a6b00000, 0x00000000a6b00000| Complete 
|  88|0x00000000a6c00000, 0x00000000a6d00000, 0x00000000a6d00000|100%|HC|  |TAMS 0x00000000a6c00000, 0x00000000a6c00000| Complete 
|  89|0x00000000a6d00000, 0x00000000a6e00000, 0x00000000a6e00000|100%|HS|  |TAMS 0x00000000a6d00000, 0x00000000a6d00000| Complete 
|  90|0x00000000a6e00000, 0x00000000a6f00000, 0x00000000a6f00000|100%|HC|  |TAMS 0x00000000a6e00000, 0x00000000a6e00000| Complete 
|  91|0x00000000a6f00000, 0x00000000a7000000, 0x00000000a7000000|100%|HC|  |TAMS 0x00000000a6f00000, 0x00000000a6f00000| Complete 
|  92|0x00000000a7000000, 0x00000000a7100000, 0x00000000a7100000|100%|HC|  |TAMS 0x00000000a7000000, 0x00000000a7000000| Complete 
|  93|0x00000000a7100000, 0x00000000a7200000, 0x00000000a7200000|100%|HC|  |TAMS 0x00000000a7100000, 0x00000000a7100000| Complete 
|  94|0x00000000a7200000, 0x00000000a7300000, 0x00000000a7300000|100%|HC|  |TAMS 0x00000000a7200000, 0x00000000a7200000| Complete 
|  95|0x00000000a7300000, 0x00000000a7400000, 0x00000000a7400000|100%| E|CS|TAMS 0x00000000a7300000, 0x00000000a7300000| Complete 
|  96|0x00000000a7400000, 0x00000000a7500000, 0x00000000a7500000|100%|HS|  |TAMS 0x00000000a7400000, 0x00000000a7400000| Complete 
|  97|0x00000000a7500000, 0x00000000a7600000, 0x00000000a7600000|100%|HC|  |TAMS 0x00000000a7500000, 0x00000000a7500000| Complete 
|  98|0x00000000a7600000, 0x00000000a7700000, 0x00000000a7700000|100%|HC|  |TAMS 0x00000000a7600000, 0x00000000a7600000| Complete 
|  99|0x00000000a7700000, 0x00000000a7800000, 0x00000000a7800000|100%|HC|  |TAMS 0x00000000a7700000, 0x00000000a7700000| Complete 
| 100|0x00000000a7800000, 0x00000000a7900000, 0x00000000a7900000|100%|HC|  |TAMS 0x00000000a7800000, 0x00000000a7800000| Complete 
| 101|0x00000000a7900000, 0x00000000a7a00000, 0x00000000a7a00000|100%|HC|  |TAMS 0x00000000a7900000, 0x00000000a7900000| Complete 
| 102|0x00000000a7a00000, 0x00000000a7b00000, 0x00000000a7b00000|100%|HS|  |TAMS 0x00000000a7a00000, 0x00000000a7a00000| Complete 
| 103|0x00000000a7b00000, 0x00000000a7c00000, 0x00000000a7c00000|100%|HC|  |TAMS 0x00000000a7b00000, 0x00000000a7b00000| Complete 
| 104|0x00000000a7c00000, 0x00000000a7d00000, 0x00000000a7d00000|100%|HC|  |TAMS 0x00000000a7c00000, 0x00000000a7c00000| Complete 
| 105|0x00000000a7d00000, 0x00000000a7e00000, 0x00000000a7e00000|100%|HC|  |TAMS 0x00000000a7d00000, 0x00000000a7d00000| Complete 
| 106|0x00000000a7e00000, 0x00000000a7f00000, 0x00000000a7f00000|100%|HC|  |TAMS 0x00000000a7e00000, 0x00000000a7e00000| Complete 
| 107|0x00000000a7f00000, 0x00000000a8000000, 0x00000000a8000000|100%|HC|  |TAMS 0x00000000a7f00000, 0x00000000a7f00000| Complete 
| 108|0x00000000a8000000, 0x00000000a8100000, 0x00000000a8100000|100%|HS|  |TAMS 0x00000000a8000000, 0x00000000a8000000| Complete 
| 109|0x00000000a8100000, 0x00000000a8200000, 0x00000000a8200000|100%|HC|  |TAMS 0x00000000a8100000, 0x00000000a8100000| Complete 
| 110|0x00000000a8200000, 0x00000000a8300000, 0x00000000a8300000|100%|HC|  |TAMS 0x00000000a8200000, 0x00000000a8200000| Complete 
| 111|0x00000000a8300000, 0x00000000a8400000, 0x00000000a8400000|100%|HC|  |TAMS 0x00000000a8300000, 0x00000000a8300000| Complete 
| 112|0x00000000a8400000, 0x00000000a8500000, 0x00000000a8500000|100%|HC|  |TAMS 0x00000000a8400000, 0x00000000a8400000| Complete 
| 113|0x00000000a8500000, 0x00000000a8600000, 0x00000000a8600000|100%|HC|  |TAMS 0x00000000a8500000, 0x00000000a8500000| Complete 
| 114|0x00000000a8600000, 0x00000000a8700000, 0x00000000a8700000|100%|HS|  |TAMS 0x00000000a8600000, 0x00000000a8600000| Complete 
| 115|0x00000000a8700000, 0x00000000a8800000, 0x00000000a8800000|100%|HC|  |TAMS 0x00000000a8700000, 0x00000000a8700000| Complete 
| 116|0x00000000a8800000, 0x00000000a8900000, 0x00000000a8900000|100%|HC|  |TAMS 0x00000000a8800000, 0x00000000a8800000| Complete 
| 117|0x00000000a8900000, 0x00000000a8a00000, 0x00000000a8a00000|100%|HC|  |TAMS 0x00000000a8900000, 0x00000000a8900000| Complete 
| 118|0x00000000a8a00000, 0x00000000a8b00000, 0x00000000a8b00000|100%|HC|  |TAMS 0x00000000a8a00000, 0x00000000a8a00000| Complete 
| 119|0x00000000a8b00000, 0x00000000a8c00000, 0x00000000a8c00000|100%|HC|  |TAMS 0x00000000a8b00000, 0x00000000a8b00000| Complete 
| 120|0x00000000a8c00000, 0x00000000a8d00000, 0x00000000a8d00000|100%|HS|  |TAMS 0x00000000a8c00000, 0x00000000a8c00000| Complete 
| 121|0x00000000a8d00000, 0x00000000a8e00000, 0x00000000a8e00000|100%|HC|  |TAMS 0x00000000a8d00000, 0x00000000a8d00000| Complete 
| 122|0x00000000a8e00000, 0x00000000a8f00000, 0x00000000a8f00000|100%|HC|  |TAMS 0x00000000a8e00000, 0x00000000a8e00000| Complete 
| 123|0x00000000a8f00000, 0x00000000a9000000, 0x00000000a9000000|100%|HC|  |TAMS 0x00000000a8f00000, 0x00000000a8f00000| Complete 
| 124|0x00000000a9000000, 0x00000000a9100000, 0x00000000a9100000|100%|HC|  |TAMS 0x00000000a9000000, 0x00000000a9000000| Complete 
| 125|0x00000000a9100000, 0x00000000a9200000, 0x00000000a9200000|100%|HC|  |TAMS 0x00000000a9100000, 0x00000000a9100000| Complete 
| 126|0x00000000a9200000, 0x00000000a9300000, 0x00000000a9300000|100%|HS|  |TAMS 0x00000000a9200000, 0x00000000a9200000| Complete 
| 127|0x00000000a9300000, 0x00000000a9400000, 0x00000000a9400000|100%|HC|  |TAMS 0x00000000a9300000, 0x00000000a9300000| Complete 
| 128|0x00000000a9400000, 0x00000000a9500000, 0x00000000a9500000|100%|HC|  |TAMS 0x00000000a9400000, 0x00000000a9400000| Complete 
| 129|0x00000000a9500000, 0x00000000a9600000, 0x00000000a9600000|100%|HC|  |TAMS 0x00000000a9500000, 0x00000000a9500000| Complete 
| 130|0x00000000a9600000, 0x00000000a9700000, 0x00000000a9700000|100%|HC|  |TAMS 0x00000000a9600000, 0x00000000a9600000| Complete 
| 131|0x00000000a9700000, 0x00000000a9800000, 0x00000000a9800000|100%|HC|  |TAMS 0x00000000a9700000, 0x00000000a9700000| Complete 
| 132|0x00000000a9800000, 0x00000000a9900000, 0x00000000a9900000|100%|HS|  |TAMS 0x00000000a9800000, 0x00000000a9800000| Complete 
| 133|0x00000000a9900000, 0x00000000a9a00000, 0x00000000a9a00000|100%|HC|  |TAMS 0x00000000a9900000, 0x00000000a9900000| Complete 
| 134|0x00000000a9a00000, 0x00000000a9b00000, 0x00000000a9b00000|100%|HC|  |TAMS 0x00000000a9a00000, 0x00000000a9a00000| Complete 
| 135|0x00000000a9b00000, 0x00000000a9c00000, 0x00000000a9c00000|100%|HC|  |TAMS 0x00000000a9b00000, 0x00000000a9b00000| Complete 
| 136|0x00000000a9c00000, 0x00000000a9d00000, 0x00000000a9d00000|100%|HC|  |TAMS 0x00000000a9c00000, 0x00000000a9c00000| Complete 
| 137|0x00000000a9d00000, 0x00000000a9e00000, 0x00000000a9e00000|100%|HC|  |TAMS 0x00000000a9d00000, 0x00000000a9d00000| Complete 
| 138|0x00000000a9e00000, 0x00000000a9f00000, 0x00000000a9f00000|100%|HS|  |TAMS 0x00000000a9e00000, 0x00000000a9e00000| Complete 
| 139|0x00000000a9f00000, 0x00000000aa000000, 0x00000000aa000000|100%|HC|  |TAMS 0x00000000a9f00000, 0x00000000a9f00000| Complete 
| 140|0x00000000aa000000, 0x00000000aa100000, 0x00000000aa100000|100%|HC|  |TAMS 0x00000000aa000000, 0x00000000aa000000| Complete 
| 141|0x00000000aa100000, 0x00000000aa200000, 0x00000000aa200000|100%|HC|  |TAMS 0x00000000aa100000, 0x00000000aa100000| Complete 
| 142|0x00000000aa200000, 0x00000000aa300000, 0x00000000aa300000|100%|HC|  |TAMS 0x00000000aa200000, 0x00000000aa200000| Complete 
| 143|0x00000000aa300000, 0x00000000aa400000, 0x00000000aa400000|100%|HC|  |TAMS 0x00000000aa300000, 0x00000000aa300000| Complete 
| 144|0x00000000aa400000, 0x00000000aa400000, 0x00000000aa500000|  0%| F|  |TAMS 0x00000000aa400000, 0x00000000aa400000| Untracked 

Card table byte_map: [0x000001cfda970000,0x000001cfdac70000] _byte_map_base: 0x000001cfda466000

Marking Bits (Prev, Next): (CMBitMap*) 0x000001cfc2024050, (CMBitMap*) 0x000001cfc2024010
 Prev Bits: [0x000001cfdc720000, 0x000001cfdded0000)
 Next Bits: [0x000001cfdaf70000, 0x000001cfdc720000)

Polling page: 0x000001cfc20c0000

Metaspace:

Usage:
  Non-class:     33.42 MB used.
      Class:      4.47 MB used.
       Both:     37.89 MB used.

Virtual space:
  Non-class space:       40.00 MB reserved,      33.56 MB ( 84%) committed,  5 nodes.
      Class space:        1.00 GB reserved,       4.62 MB ( <1%) committed,  1 nodes.
             Both:        1.04 GB reserved,      38.19 MB (  4%) committed. 

Chunk freelists:
   Non-Class:  2.39 MB
       Class:  3.22 MB
        Both:  5.61 MB

MaxMetaspaceSize: unlimited
CompressedClassSpaceSize: 1.00 GB
Initial GC threshold: 21.00 MB
Current GC threshold: 63.25 MB
CDS: on
MetaspaceReclaimPolicy: balanced
 - commit_granule_bytes: 65536.
 - commit_granule_words: 8192.
 - virtual_space_node_default_size: 1048576.
 - enlarge_chunks_in_place: 1.
 - new_chunks_are_fully_committed: 0.
 - uncommit_free_chunks: 1.
 - use_allocation_guard: 0.
 - handle_deallocations: 1.


Internal statistics:

num_allocs_failed_limit: 6.
num_arena_births: 226.
num_arena_deaths: 0.
num_vsnodes_births: 6.
num_vsnodes_deaths: 0.
num_space_committed: 611.
num_space_uncommitted: 0.
num_chunks_returned_to_freelist: 6.
num_chunks_taken_from_freelist: 901.
num_chunk_merges: 6.
num_chunk_splits: 641.
num_chunks_enlarged: 482.
num_purges: 0.
num_inconsistent_stats: 0.

CodeHeap 'non-profiled nmethods': size=120000Kb used=1615Kb max_used=1615Kb free=118384Kb
 bounds [0x000001cfd2b20000, 0x000001cfd2d90000, 0x000001cfda050000]
CodeHeap 'profiled nmethods': size=120000Kb used=9803Kb max_used=9803Kb free=110196Kb
 bounds [0x000001cfcb5f0000, 0x000001cfcbf90000, 0x000001cfd2b20000]
CodeHeap 'non-nmethods': size=5760Kb used=1439Kb max_used=1459Kb free=4320Kb
 bounds [0x000001cfcb050000, 0x000001cfcb2c0000, 0x000001cfcb5f0000]
 total_blobs=5666 nmethods=4866 adapters=713
 compilation: enabled
              stopped_count=0, restarted_count=0
 full_count=0

Compilation events (20 events):
Event: 24.455 Thread 0x000001cfe048bde0 nmethod 4888 0x000001cfcbf7b590 code [0x000001cfcbf7b940, 0x000001cfcbf7d278]
Event: 24.455 Thread 0x000001cfe048bde0 4889       3       java.awt.geom.Point2D::setLocation (13 bytes)
Event: 24.455 Thread 0x000001cfe048bde0 nmethod 4889 0x000001cfcbf7da90 code [0x000001cfcbf7dc60, 0x000001cfcbf7dfc8]
Event: 24.455 Thread 0x000001cfe048bde0 4890       3       sun.font.ScriptRun::init (72 bytes)
Event: 24.455 Thread 0x000001cfe048bde0 nmethod 4890 0x000001cfcbf7e110 code [0x000001cfcbf7e2c0, 0x000001cfcbf7e608]
Event: 24.455 Thread 0x000001cfe048bde0 4891       3       sun.font.GlyphLayout::nextEngineRecord (81 bytes)
Event: 24.457 Thread 0x000001cfe048bde0 nmethod 4891 0x000001cfcbf7e710 code [0x000001cfcbf7e980, 0x000001cfcbf7f5c8]
Event: 24.457 Thread 0x000001cfe048bde0 4892       3       sun.font.GlyphLayout$EngineRecord::layout (108 bytes)
Event: 24.457 Thread 0x000001cfe048bde0 nmethod 4892 0x000001cfcbf7fb90 code [0x000001cfcbf7fd40, 0x000001cfcbf7ff68]
Event: 24.457 Thread 0x000001cfe048bde0 4886       3       org.apache.commons.collections4.map.AbstractHashedMap::getEntry (64 bytes)
Event: 24.458 Thread 0x000001cfe048bde0 nmethod 4886 0x000001cfcbf80090 code [0x000001cfcbf80280, 0x000001cfcbf808f8]
Event: 24.458 Thread 0x000001cfe048bde0 4894       3       net.sf.jasperreports.engine.util.JRPenUtil::getStroke (262 bytes)
Event: 24.459 Thread 0x000001cfe048bde0 nmethod 4894 0x000001cfcbf80b10 code [0x000001cfcbf80e20, 0x000001cfcbf81cd8]
Event: 24.471 Thread 0x000001cfe048bde0 4895       3       sun.java2d.pipe.BufferedPaints::setGradientPaint (36 bytes)
Event: 24.472 Thread 0x000001cfe048bde0 nmethod 4895 0x000001cfcbf82110 code [0x000001cfcbf82340, 0x000001cfcbf82b68]
Event: 24.481 Thread 0x000001cfe048a920 nmethod 4883 0x000001cfd2cb1d10 code [0x000001cfd2cb1f40, 0x000001cfd2cb2d30]
Event: 24.481 Thread 0x000001cfe048a920 4884       4       java.awt.geom.AffineTransform::deltaTransform (179 bytes)
Event: 24.483 Thread 0x000001cfe048a920 nmethod 4884 0x000001cfd2cb3710 code [0x000001cfd2cb38a0, 0x000001cfd2cb39d8]
Event: 24.483 Thread 0x000001cfe048a920 4893       4       sun.java2d.pipe.RenderBuffer::position (11 bytes)
Event: 24.483 Thread 0x000001cfe048a920 nmethod 4893 0x000001cfd2cb3b90 code [0x000001cfd2cb3d00, 0x000001cfd2cb3d78]

GC Heap History (20 events):
Event: 14.572 GC heap before
{Heap before GC invocations=4 (full 0):
 garbage-first heap   total 27648K, used 17845K [0x00000000a1400000, 0x0000000100000000)
  region size 1024K, 14 young (14336K), 2 survivors (2048K)
 Metaspace       used 24138K, committed 24320K, reserved 1073152K
  class space    used 2840K, committed 2944K, reserved 1048576K
}
Event: 14.577 GC heap after
{Heap after GC invocations=5 (full 0):
 garbage-first heap   total 27648K, used 8436K [0x00000000a1400000, 0x0000000100000000)
  region size 1024K, 4 young (4096K), 4 survivors (4096K)
 Metaspace       used 24138K, committed 24320K, reserved 1073152K
  class space    used 2840K, committed 2944K, reserved 1048576K
}
Event: 14.610 GC heap before
{Heap before GC invocations=5 (full 0):
 garbage-first heap   total 27648K, used 9460K [0x00000000a1400000, 0x0000000100000000)
  region size 1024K, 5 young (5120K), 4 survivors (4096K)
 Metaspace       used 24307K, committed 24512K, reserved 1073152K
  class space    used 2866K, committed 2944K, reserved 1048576K
}
Event: 14.616 GC heap after
{Heap after GC invocations=6 (full 0):
 garbage-first heap   total 27648K, used 8637K [0x00000000a1400000, 0x0000000100000000)
  region size 1024K, 1 young (1024K), 1 survivors (1024K)
 Metaspace       used 24307K, committed 24512K, reserved 1073152K
  class space    used 2866K, committed 2944K, reserved 1048576K
}
Event: 16.651 GC heap before
{Heap before GC invocations=6 (full 0):
 garbage-first heap   total 27648K, used 16829K [0x00000000a1400000, 0x0000000100000000)
  region size 1024K, 10 young (10240K), 1 survivors (1024K)
 Metaspace       used 27610K, committed 27904K, reserved 1081344K
  class space    used 3316K, committed 3456K, reserved 1048576K
}
Event: 16.654 GC heap after
{Heap after GC invocations=7 (full 0):
 garbage-first heap   total 41984K, used 8838K [0x00000000a1400000, 0x0000000100000000)
  region size 1024K, 1 young (1024K), 1 survivors (1024K)
 Metaspace       used 27610K, committed 27904K, reserved 1081344K
  class space    used 3316K, committed 3456K, reserved 1048576K
}
Event: 17.486 GC heap before
{Heap before GC invocations=7 (full 0):
 garbage-first heap   total 41984K, used 25222K [0x00000000a1400000, 0x0000000100000000)
  region size 1024K, 18 young (18432K), 1 survivors (1024K)
 Metaspace       used 32789K, committed 33088K, reserved 1081344K
  class space    used 3890K, committed 4032K, reserved 1048576K
}
Event: 17.494 GC heap after
{Heap after GC invocations=8 (full 0):
 garbage-first heap   total 41984K, used 13581K [0x00000000a1400000, 0x0000000100000000)
  region size 1024K, 3 young (3072K), 3 survivors (3072K)
 Metaspace       used 32789K, committed 33088K, reserved 1081344K
  class space    used 3890K, committed 4032K, reserved 1048576K
}
Event: 18.498 GC heap before
{Heap before GC invocations=8 (full 0):
 garbage-first heap   total 41984K, used 26893K [0x00000000a1400000, 0x0000000100000000)
  region size 1024K, 16 young (16384K), 3 survivors (3072K)
 Metaspace       used 34249K, committed 34560K, reserved 1081344K
  class space    used 4064K, committed 4224K, reserved 1048576K
}
Event: 18.506 GC heap after
{Heap after GC invocations=9 (full 0):
 garbage-first heap   total 41984K, used 16074K [0x00000000a1400000, 0x0000000100000000)
  region size 1024K, 2 young (2048K), 2 survivors (2048K)
 Metaspace       used 34249K, committed 34560K, reserved 1081344K
  class space    used 4064K, committed 4224K, reserved 1048576K
}
Event: 18.926 GC heap before
{Heap before GC invocations=9 (full 0):
 garbage-first heap   total 41984K, used 20170K [0x00000000a1400000, 0x0000000100000000)
  region size 1024K, 7 young (7168K), 2 survivors (2048K)
 Metaspace       used 35727K, committed 35968K, reserved 1081344K
  class space    used 4236K, committed 4416K, reserved 1048576K
}
Event: 18.930 GC heap after
{Heap after GC invocations=10 (full 0):
 garbage-first heap   total 41984K, used 16874K [0x00000000a1400000, 0x0000000100000000)
  region size 1024K, 1 young (1024K), 1 survivors (1024K)
 Metaspace       used 35727K, committed 35968K, reserved 1081344K
  class space    used 4236K, committed 4416K, reserved 1048576K
}
Event: 19.709 GC heap before
{Heap before GC invocations=11 (full 0):
 garbage-first heap   total 41984K, used 35306K [0x00000000a1400000, 0x0000000100000000)
  region size 1024K, 13 young (13312K), 1 survivors (1024K)
 Metaspace       used 38350K, committed 38656K, reserved 1089536K
  class space    used 4559K, committed 4736K, reserved 1048576K
}
Event: 19.712 GC heap after
{Heap after GC invocations=12 (full 0):
 garbage-first heap   total 41984K, used 23723K [0x00000000a1400000, 0x0000000100000000)
  region size 1024K, 2 young (2048K), 2 survivors (2048K)
 Metaspace       used 38350K, committed 38656K, reserved 1089536K
  class space    used 4559K, committed 4736K, reserved 1048576K
}
Event: 19.779 GC heap before
{Heap before GC invocations=12 (full 0):
 garbage-first heap   total 44032K, used 36011K [0x00000000a1400000, 0x0000000100000000)
  region size 1024K, 3 young (3072K), 2 survivors (2048K)
 Metaspace       used 38462K, committed 38720K, reserved 1089536K
  class space    used 4569K, committed 4736K, reserved 1048576K
}
Event: 19.782 GC heap after
{Heap after GC invocations=13 (full 0):
 garbage-first heap   total 44032K, used 35354K [0x00000000a1400000, 0x0000000100000000)
  region size 1024K, 1 young (1024K), 1 survivors (1024K)
 Metaspace       used 38462K, committed 38720K, reserved 1089536K
  class space    used 4569K, committed 4736K, reserved 1048576K
}
Event: 19.895 GC heap before
{Heap before GC invocations=13 (full 0):
 garbage-first heap   total 50176K, used 41498K [0x00000000a1400000, 0x0000000100000000)
  region size 1024K, 2 young (2048K), 1 survivors (1024K)
 Metaspace       used 38546K, committed 38784K, reserved 1089536K
  class space    used 4572K, committed 4736K, reserved 1048576K
}
Event: 19.897 GC heap after
{Heap after GC invocations=14 (full 0):
 garbage-first heap   total 50176K, used 29080K [0x00000000a1400000, 0x0000000100000000)
  region size 1024K, 1 young (1024K), 1 survivors (1024K)
 Metaspace       used 38546K, committed 38784K, reserved 1089536K
  class space    used 4572K, committed 4736K, reserved 1048576K
}
Event: 23.976 GC heap before
{Heap before GC invocations=15 (full 0):
 garbage-first heap   total 104448K, used 94616K [0x00000000a1400000, 0x0000000100000000)
  region size 1024K, 7 young (7168K), 1 survivors (1024K)
 Metaspace       used 38737K, committed 39040K, reserved 1089536K
  class space    used 4577K, committed 4736K, reserved 1048576K
}
Event: 23.978 GC heap after
{Heap after GC invocations=16 (full 0):
 garbage-first heap   total 104448K, used 84379K [0x00000000a1400000, 0x0000000100000000)
  region size 1024K, 1 young (1024K), 1 survivors (1024K)
 Metaspace       used 38737K, committed 39040K, reserved 1089536K
  class space    used 4577K, committed 4736K, reserved 1048576K
}

Deoptimization events (20 events):
Event: 19.639 Thread 0x000001cfe3e4a100 DEOPT PACKING pc=0x000001cfcbe37af0 sp=0x000000ce092fbdb0
Event: 19.639 Thread 0x000001cfe3e4a100 DEOPT UNPACKING pc=0x000001cfcb0a2b43 sp=0x000000ce092fb2b8 mode 0
Event: 19.640 Thread 0x000001cfe3e4a100 DEOPT PACKING pc=0x000001cfcbe37af0 sp=0x000000ce092fbdb0
Event: 19.640 Thread 0x000001cfe3e4a100 DEOPT UNPACKING pc=0x000001cfcb0a2b43 sp=0x000000ce092fb2b8 mode 0
Event: 19.641 Thread 0x000001cfe3e4a100 DEOPT PACKING pc=0x000001cfcbe37af0 sp=0x000000ce092fbdb0
Event: 19.641 Thread 0x000001cfe3e4a100 DEOPT UNPACKING pc=0x000001cfcb0a2b43 sp=0x000000ce092fb2b8 mode 0
Event: 19.641 Thread 0x000001cfe3e4a100 DEOPT PACKING pc=0x000001cfcbe37af0 sp=0x000000ce092fbdb0
Event: 19.641 Thread 0x000001cfe3e4a100 DEOPT UNPACKING pc=0x000001cfcb0a2b43 sp=0x000000ce092fb2b8 mode 0
Event: 19.642 Thread 0x000001cfe3e4a100 DEOPT PACKING pc=0x000001cfcbe37af0 sp=0x000000ce092fbdb0
Event: 19.642 Thread 0x000001cfe3e4a100 DEOPT UNPACKING pc=0x000001cfcb0a2b43 sp=0x000000ce092fb2b8 mode 0
Event: 19.643 Thread 0x000001cfe3e4a100 DEOPT PACKING pc=0x000001cfcbe37af0 sp=0x000000ce092fbdb0
Event: 19.643 Thread 0x000001cfe3e4a100 DEOPT UNPACKING pc=0x000001cfcb0a2b43 sp=0x000000ce092fb2b8 mode 0
Event: 19.644 Thread 0x000001cfe3e4a100 DEOPT PACKING pc=0x000001cfcbe37af0 sp=0x000000ce092fbdb0
Event: 19.644 Thread 0x000001cfe3e4a100 DEOPT UNPACKING pc=0x000001cfcb0a2b43 sp=0x000000ce092fb2b8 mode 0
Event: 19.644 Thread 0x000001cfe3e4a100 DEOPT PACKING pc=0x000001cfcbe37af0 sp=0x000000ce092fbdb0
Event: 19.644 Thread 0x000001cfe3e4a100 DEOPT UNPACKING pc=0x000001cfcb0a2b43 sp=0x000000ce092fb2b8 mode 0
Event: 19.645 Thread 0x000001cfe3e4a100 DEOPT PACKING pc=0x000001cfcbe37af0 sp=0x000000ce092fbdb0
Event: 19.645 Thread 0x000001cfe3e4a100 DEOPT UNPACKING pc=0x000001cfcb0a2b43 sp=0x000000ce092fb2b8 mode 0
Event: 19.646 Thread 0x000001cfe3e4a100 DEOPT PACKING pc=0x000001cfcbe37af0 sp=0x000000ce092fbdb0
Event: 19.646 Thread 0x000001cfe3e4a100 DEOPT UNPACKING pc=0x000001cfcb0a2b43 sp=0x000000ce092fb2b8 mode 0

Classes unloaded (0 events):
No events

Classes redefined (0 events):
No events

Internal exceptions (20 events):
Event: 17.108 Thread 0x000001cfe3e4a100 Exception <a 'java/lang/NoSuchMethodError'{0x00000000a392f040}: 'java.lang.Object java.lang.invoke.DirectMethodHandle$Holder.invokeVirtual(java.lang.Object, java.lang.Object, int)'> (0x00000000a392f040) 
thrown [t:\workspace\open\src\hotspot\share\interpreter\linkResolver.cpp, line 766]
Event: 17.111 Thread 0x000001cfe3e4a100 Exception <a 'java/lang/NoSuchMethodError'{0x00000000a3937938}: 'java.lang.Object java.lang.invoke.DirectMethodHandle$Holder.invokeSpecial(java.lang.Object, java.lang.Object, java.lang.Object, int, int)'> (0x00000000a3937938) 
thrown [t:\workspace\open\src\hotspot\share\interpreter\linkResolver.cpp, line 766]
Event: 17.361 Thread 0x000001cfe3e4a100 Exception <a 'sun/nio/fs/WindowsException'{0x00000000a321c138}> (0x00000000a321c138) 
thrown [t:\workspace\open\src\hotspot\share\prims\jni.cpp, line 516]
Event: 17.430 Thread 0x000001cfe3e4a100 Exception <a 'java/lang/NoSuchMethodError'{0x00000000a30bf4f0}: 'int java.lang.invoke.DirectMethodHandle$Holder.invokeSpecial(java.lang.Object, java.lang.Object, java.lang.Object)'> (0x00000000a30bf4f0) 
thrown [t:\workspace\open\src\hotspot\share\interpreter\linkResolver.cpp, line 766]
Event: 17.434 Thread 0x000001cfe3e4a100 Exception <a 'sun/nio/fs/WindowsException'{0x00000000a30c9ef8}> (0x00000000a30c9ef8) 
thrown [t:\workspace\open\src\hotspot\share\prims\jni.cpp, line 516]
Event: 17.434 Thread 0x000001cfe3e4a100 Exception <a 'sun/nio/fs/WindowsException'{0x00000000a30ca2c8}> (0x00000000a30ca2c8) 
thrown [t:\workspace\open\src\hotspot\share\prims\jni.cpp, line 516]
Event: 17.438 Thread 0x000001cfe3e4a100 Exception <a 'sun/nio/fs/WindowsException'{0x00000000a30d4438}> (0x00000000a30d4438) 
thrown [t:\workspace\open\src\hotspot\share\prims\jni.cpp, line 516]
Event: 17.438 Thread 0x000001cfe3e4a100 Exception <a 'sun/nio/fs/WindowsException'{0x00000000a30d4818}> (0x00000000a30d4818) 
thrown [t:\workspace\open\src\hotspot\share\prims\jni.cpp, line 516]
Event: 17.439 Thread 0x000001cfe3e4a100 Exception <a 'sun/nio/fs/WindowsException'{0x00000000a30d6f28}> (0x00000000a30d6f28) 
thrown [t:\workspace\open\src\hotspot\share\prims\jni.cpp, line 516]
Event: 17.439 Thread 0x000001cfe3e4a100 Exception <a 'sun/nio/fs/WindowsException'{0x00000000a30d7360}> (0x00000000a30d7360) 
thrown [t:\workspace\open\src\hotspot\share\prims\jni.cpp, line 516]
Event: 17.440 Thread 0x000001cfe3e4a100 Exception <a 'sun/nio/fs/WindowsException'{0x00000000a30dc900}> (0x00000000a30dc900) 
thrown [t:\workspace\open\src\hotspot\share\prims\jni.cpp, line 516]
Event: 17.440 Thread 0x000001cfe3e4a100 Exception <a 'sun/nio/fs/WindowsException'{0x00000000a30dcd60}> (0x00000000a30dcd60) 
thrown [t:\workspace\open\src\hotspot\share\prims\jni.cpp, line 516]
Event: 17.452 Thread 0x000001cfe3e4a100 Exception <a 'sun/nio/fs/WindowsException'{0x00000000a2f77118}> (0x00000000a2f77118) 
thrown [t:\workspace\open\src\hotspot\share\prims\jni.cpp, line 516]
Event: 17.452 Thread 0x000001cfe3e4a100 Exception <a 'sun/nio/fs/WindowsException'{0x00000000a2f77598}> (0x00000000a2f77598) 
thrown [t:\workspace\open\src\hotspot\share\prims\jni.cpp, line 516]
Event: 17.466 Thread 0x000001cfe3e4a100 Exception <a 'sun/nio/fs/WindowsException'{0x00000000a2e92318}> (0x00000000a2e92318) 
thrown [t:\workspace\open\src\hotspot\share\prims\jni.cpp, line 516]
Event: 17.466 Thread 0x000001cfe3e4a100 Exception <a 'sun/nio/fs/WindowsException'{0x00000000a2e926f0}> (0x00000000a2e926f0) 
thrown [t:\workspace\open\src\hotspot\share\prims\jni.cpp, line 516]
Event: 17.537 Thread 0x000001cfe3e4a100 Exception <a 'java/lang/NoSuchMethodError'{0x00000000a38af070}: 'java.lang.Object java.lang.invoke.DirectMethodHandle$Holder.invokeStatic(java.lang.Object, java.lang.Object, int, int)'> (0x00000000a38af070) 
thrown [t:\workspace\open\src\hotspot\share\interpreter\linkResolver.cpp, line 766]
Event: 17.708 Thread 0x000001cfe3e4a100 Exception <a 'sun/nio/fs/WindowsException'{0x00000000a34889a8}> (0x00000000a34889a8) 
thrown [t:\workspace\open\src\hotspot\share\prims\jni.cpp, line 516]
Event: 18.990 Thread 0x000001cfe3e4a100 Exception <a 'java/lang/ClassNotFoundException'{0x00000000a73eb688}: sun/net/www/protocol/c/Handler> (0x00000000a73eb688) 
thrown [t:\workspace\open\src\hotspot\share\classfile\systemDictionary.cpp, line 256]
Event: 18.997 Thread 0x000001cfe3e4a100 Exception <a 'java/lang/ClassNotFoundException'{0x00000000a73f1028}: sun/net/www/protocol/c/Handler> (0x00000000a73f1028) 
thrown [t:\workspace\open\src\hotspot\share\classfile\systemDictionary.cpp, line 256]

VM Operations (20 events):
Event: 19.217 Executing VM operation: HandshakeAllThreads
Event: 19.217 Executing VM operation: HandshakeAllThreads done
Event: 19.709 Executing VM operation: G1CollectForAllocation
Event: 19.712 Executing VM operation: G1CollectForAllocation done
Event: 19.779 Executing VM operation: G1CollectForAllocation
Event: 19.783 Executing VM operation: G1CollectForAllocation done
Event: 19.886 Executing VM operation: G1TryInitiateConcMark
Event: 19.897 Executing VM operation: G1TryInitiateConcMark done
Event: 19.932 Executing VM operation: G1Concurrent
Event: 19.937 Executing VM operation: G1Concurrent done
Event: 19.954 Executing VM operation: G1Concurrent
Event: 19.954 Executing VM operation: G1Concurrent done
Event: 21.943 Executing VM operation: Cleanup
Event: 21.943 Executing VM operation: Cleanup done
Event: 22.944 Executing VM operation: Cleanup
Event: 22.944 Executing VM operation: Cleanup done
Event: 23.871 Executing VM operation: HandshakeAllThreads
Event: 23.871 Executing VM operation: HandshakeAllThreads done
Event: 23.976 Executing VM operation: G1CollectForAllocation
Event: 23.978 Executing VM operation: G1CollectForAllocation done

Events (20 events):
Event: 19.740 loading class java/awt/font/TextLine$TextLineMetrics done
Event: 19.740 loading class java/awt/font/TextLayout
Event: 19.741 loading class java/awt/font/TextLayout done
Event: 19.741 loading class java/awt/font/TextLayout$CaretPolicy
Event: 19.742 loading class java/awt/font/TextLayout$CaretPolicy done
Event: 19.751 loading class sun/java2d/loops/MaskBlit$General
Event: 19.751 loading class sun/java2d/loops/GraphicsPrimitive$GeneralBinaryOp
Event: 19.752 loading class sun/java2d/loops/GraphicsPrimitive$GeneralBinaryOp done
Event: 19.752 loading class sun/java2d/loops/MaskBlit$General done
Event: 19.856 loading class java/awt/image/FilteredImageSource
Event: 19.857 loading class java/awt/image/FilteredImageSource done
Event: 19.857 loading class javax/swing/plaf/metal/MetalUtils$OceanDisabledButtonImageFilter
Event: 19.857 loading class java/awt/image/RGBImageFilter
Event: 19.858 loading class java/awt/image/ImageFilter
Event: 19.858 loading class java/awt/image/ImageFilter done
Event: 19.858 loading class java/awt/image/RGBImageFilter done
Event: 19.858 loading class javax/swing/plaf/metal/MetalUtils$OceanDisabledButtonImageFilter done
Event: 19.858 loading class sun/swing/ImageIconUIResource
Event: 19.858 loading class sun/swing/ImageIconUIResource done
Event: 19.864 Thread 0x000001cfe7364df0 Thread added: 0x000001cfe7364df0


Dynamic libraries:
0x00007ff7b6c20000 - 0x00007ff7b6c30000 	C:\Program Files\Java\jdk-17.0.2\bin\java.exe
0x00007ffa87450000 - 0x00007ffa87664000 	C:\WINDOWS\SYSTEM32\ntdll.dll
0x00007ffa86460000 - 0x00007ffa86522000 	C:\WINDOWS\System32\KERNEL32.DLL
0x00007ffa84980000 - 0x00007ffa84d1c000 	C:\WINDOWS\System32\KERNELBASE.dll
0x00007ffa84ee0000 - 0x00007ffa84ff1000 	C:\WINDOWS\System32\ucrtbase.dll
0x00007ffa7d400000 - 0x00007ffa7d418000 	C:\Program Files\Java\jdk-17.0.2\bin\jli.dll
0x00007ffa86e40000 - 0x00007ffa86eee000 	C:\WINDOWS\System32\ADVAPI32.dll
0x00007ffa871a0000 - 0x00007ffa87247000 	C:\WINDOWS\System32\msvcrt.dll
0x00007ffa86330000 - 0x00007ffa863d4000 	C:\WINDOWS\System32\sechost.dll
0x00007ffa86750000 - 0x00007ffa86865000 	C:\WINDOWS\System32\RPCRT4.dll
0x00007ffa86c00000 - 0x00007ffa86dab000 	C:\WINDOWS\System32\USER32.dll
0x00007ffa84950000 - 0x00007ffa84976000 	C:\WINDOWS\System32\win32u.dll
0x00007ffa86540000 - 0x00007ffa86569000 	C:\WINDOWS\System32\GDI32.dll
0x00007ffa84dc0000 - 0x00007ffa84ed2000 	C:\WINDOWS\System32\gdi32full.dll
0x00007ffa84d20000 - 0x00007ffa84dba000 	C:\WINDOWS\System32\msvcp_win.dll
0x00007ffa7c650000 - 0x00007ffa7c66a000 	C:\Program Files\Java\jdk-17.0.2\bin\VCRUNTIME140.dll
0x00007ffa83b60000 - 0x00007ffa83dee000 	C:\WINDOWS\WinSxS\amd64_microsoft.windows.common-controls_6595b64144ccf1df_6.0.22621.1_none_60e502bd9af5bef0\COMCTL32.dll
0x00007ffa7bfd0000 - 0x00007ffa7bfda000 	C:\WINDOWS\SYSTEM32\VERSION.dll
0x00007ffa870b0000 - 0x00007ffa870e1000 	C:\WINDOWS\System32\IMM32.DLL
0x00007ffa81000000 - 0x00007ffa8100c000 	C:\Program Files\Java\jdk-17.0.2\bin\vcruntime140_1.dll
0x00007ffa4ecb0000 - 0x00007ffa4ed3d000 	C:\Program Files\Java\jdk-17.0.2\bin\msvcp140.dll
0x00007ffa15d30000 - 0x00007ffa168f1000 	C:\Program Files\Java\jdk-17.0.2\bin\server\jvm.dll
0x00007ffa87250000 - 0x00007ffa87258000 	C:\WINDOWS\System32\PSAPI.DLL
0x00007ffa7f0e0000 - 0x00007ffa7f0e9000 	C:\WINDOWS\SYSTEM32\WSOCK32.dll
0x00007ffa87380000 - 0x00007ffa873f1000 	C:\WINDOWS\System32\WS2_32.dll
0x00007ffa7c4a0000 - 0x00007ffa7c4d4000 	C:\WINDOWS\SYSTEM32\WINMM.dll
0x00007ffa83060000 - 0x00007ffa83078000 	C:\WINDOWS\SYSTEM32\kernel.appcore.dll
0x00007ffa7da30000 - 0x00007ffa7da3a000 	C:\Program Files\Java\jdk-17.0.2\bin\jimage.dll
0x00007ffa84120000 - 0x00007ffa8434e000 	C:\WINDOWS\SYSTEM32\DBGHELP.DLL
0x00007ffa86870000 - 0x00007ffa86bf9000 	C:\WINDOWS\System32\combase.dll
0x00007ffa85f40000 - 0x00007ffa86017000 	C:\WINDOWS\System32\OLEAUT32.dll
0x00007ffa83fc0000 - 0x00007ffa83ff2000 	C:\WINDOWS\SYSTEM32\dbgcore.DLL
0x00007ffa851e0000 - 0x00007ffa8525b000 	C:\WINDOWS\System32\bcryptPrimitives.dll
0x00007ffa7b590000 - 0x00007ffa7b59e000 	C:\Program Files\Java\jdk-17.0.2\bin\instrument.dll
0x00007ffa6e040000 - 0x00007ffa6e065000 	C:\Program Files\Java\jdk-17.0.2\bin\java.dll
0x00007ffa4e3b0000 - 0x00007ffa4e486000 	C:\Program Files\Java\jdk-17.0.2\bin\jsvml.dll
0x00007ffa852e0000 - 0x00007ffa85abb000 	C:\WINDOWS\System32\SHELL32.dll
0x00007ffa81f10000 - 0x00007ffa827c4000 	C:\WINDOWS\SYSTEM32\windows.storage.dll
0x00007ffa81dd0000 - 0x00007ffa81f0d000 	C:\WINDOWS\SYSTEM32\wintypes.dll
0x00007ffa86090000 - 0x00007ffa86181000 	C:\WINDOWS\System32\SHCORE.dll
0x00007ffa866f0000 - 0x00007ffa8674e000 	C:\WINDOWS\System32\shlwapi.dll
0x00007ffa847c0000 - 0x00007ffa847e1000 	C:\WINDOWS\SYSTEM32\profapi.dll
0x00007ffa566f0000 - 0x00007ffa56708000 	C:\Program Files\Java\jdk-17.0.2\bin\zip.dll
0x00007ffa7b320000 - 0x00007ffa7b339000 	C:\Program Files\Java\jdk-17.0.2\bin\net.dll
0x00007ffa7bdd0000 - 0x00007ffa7beff000 	C:\WINDOWS\SYSTEM32\WINHTTP.dll
0x00007ffa83680000 - 0x00007ffa836e9000 	C:\WINDOWS\system32\mswsock.dll
0x00007ffa56710000 - 0x00007ffa56726000 	C:\Program Files\Java\jdk-17.0.2\bin\nio.dll
0x00007ffa519e0000 - 0x00007ffa519fa000 	C:\Program Files\JetBrains\IntelliJ IDEA 2021.3.2\bin\breakgen64.dll
0x00007ffa4e0a0000 - 0x00007ffa4e22f000 	C:\Program Files\Java\jdk-17.0.2\bin\awt.dll
0x00007ffa810b0000 - 0x00007ffa81146000 	C:\WINDOWS\SYSTEM32\apphelp.dll
0x00007ffa819d0000 - 0x00007ffa819fb000 	C:\WINDOWS\system32\DWMAPI.DLL
0x00007ffa81660000 - 0x00007ffa8170b000 	C:\WINDOWS\system32\uxtheme.dll
0x00007ffa6e680000 - 0x00007ffa6e780000 	C:\WINDOWS\system32\opengl32.dll
0x00007ffa73f90000 - 0x00007ffa73fbd000 	C:\WINDOWS\SYSTEM32\GLU32.dll
0x00007ffa81880000 - 0x00007ffa818b6000 	C:\WINDOWS\SYSTEM32\dxcore.dll
0x00007ffa87260000 - 0x00007ffa8737e000 	C:\WINDOWS\System32\MSCTF.dll
0x00007ffa86190000 - 0x00007ffa8632c000 	C:\WINDOWS\System32\ole32.dll
0x00007ffa443c0000 - 0x00007ffa44568000 	C:\WINDOWS\system32\d3d9.dll
0x00007ffa7b7b0000 - 0x00007ffa7b968000 	C:\WINDOWS\System32\DriverStore\FileRepository\u0375529.inf_amd64_f5dbe9a47d69bf14\B374868\aticfx64.dll
0x00007ffa2c500000 - 0x00007ffa2c534000 	C:\WINDOWS\System32\DriverStore\FileRepository\u0375529.inf_amd64_f5dbe9a47d69bf14\B374868\atiu9p64.dll
0x00007ffa29260000 - 0x00007ffa29fb4000 	C:\WINDOWS\System32\DriverStore\FileRepository\u0375529.inf_amd64_f5dbe9a47d69bf14\B374868\atiumd64.dll
0x000000006ac60000 - 0x000000006bad3000 	C:\WINDOWS\System32\DriverStore\FileRepository\u0375529.inf_amd64_f5dbe9a47d69bf14\B374868\atiumd6a.dll
0x00007ffa85ac0000 - 0x00007ffa85f34000 	C:\WINDOWS\System32\SETUPAPI.dll
0x00007ffa84760000 - 0x00007ffa847ad000 	C:\WINDOWS\SYSTEM32\POWRPROF.dll
0x00007ffa84740000 - 0x00007ffa84753000 	C:\WINDOWS\SYSTEM32\UMPDC.dll
0x00007ffa7b680000 - 0x00007ffa7b6b0000 	C:\WINDOWS\SYSTEM32\amdihk64.dll
0x00007ffa7ee00000 - 0x00007ffa7ee48000 	C:\WINDOWS\SYSTEM32\directxdatabasehelper.dll
0x00007ffa4e010000 - 0x00007ffa4e099000 	C:\Program Files\Java\jdk-17.0.2\bin\freetype.dll
0x00007ffa4df60000 - 0x00007ffa4e008000 	C:\Program Files\Java\jdk-17.0.2\bin\fontmanager.dll
0x00007ffa82bf0000 - 0x00007ffa82ce2000 	C:\WINDOWS\SYSTEM32\DNSAPI.dll
0x00007ffa82b80000 - 0x00007ffa82bad000 	C:\WINDOWS\SYSTEM32\IPHLPAPI.DLL
0x00007ffa866e0000 - 0x00007ffa866e9000 	C:\WINDOWS\System32\NSI.dll
0x00007ffa747f0000 - 0x00007ffa747fa000 	C:\Windows\System32\rasadhlp.dll
0x00007ffa7b4f0000 - 0x00007ffa7b573000 	C:\WINDOWS\System32\fwpuclnt.dll
0x00007ffa84440000 - 0x00007ffa8445b000 	C:\WINDOWS\SYSTEM32\CRYPTSP.dll
0x00007ffa83210000 - 0x00007ffa83245000 	C:\WINDOWS\system32\rsaenh.dll
0x00007ffa838c0000 - 0x00007ffa838e8000 	C:\WINDOWS\SYSTEM32\USERENV.dll
0x00007ffa840d0000 - 0x00007ffa840f8000 	C:\WINDOWS\SYSTEM32\bcrypt.dll
0x00007ffa83960000 - 0x00007ffa8396c000 	C:\WINDOWS\SYSTEM32\CRYPTBASE.dll
0x00007ffa7bfe0000 - 0x00007ffa7bff9000 	C:\WINDOWS\SYSTEM32\dhcpcsvc6.DLL
0x00007ffa7bd30000 - 0x00007ffa7bd4f000 	C:\WINDOWS\SYSTEM32\dhcpcsvc.DLL
0x00007ffa69ef0000 - 0x00007ffa69efe000 	C:\Program Files\Java\jdk-17.0.2\bin\sunmscapi.dll
0x00007ffa85000000 - 0x00007ffa85166000 	C:\WINDOWS\System32\CRYPT32.dll
0x00007ffa83a40000 - 0x00007ffa83a6d000 	C:\WINDOWS\SYSTEM32\ncrypt.dll
0x00007ffa83a00000 - 0x00007ffa83a37000 	C:\WINDOWS\SYSTEM32\NTASN1.dll
0x00007ffa6f100000 - 0x00007ffa6f117000 	C:\WINDOWS\system32\napinsp.dll
0x00007ffa6ee90000 - 0x00007ffa6eeab000 	C:\WINDOWS\system32\pnrpnsp.dll
0x00007ffa6edb0000 - 0x00007ffa6edc1000 	C:\WINDOWS\System32\winrnr.dll
0x00007ffa6a590000 - 0x00007ffa6a5a5000 	C:\WINDOWS\system32\wshbth.dll
0x00007ffa6ed50000 - 0x00007ffa6ed71000 	C:\WINDOWS\system32\nlansp_c.dll
0x00007ffa870f0000 - 0x00007ffa871a0000 	C:\WINDOWS\System32\clbcatq.dll
0x00007ffa7f4c0000 - 0x00007ffa7f670000 	C:\WINDOWS\SYSTEM32\WindowsCodecs.dll
0x00007ffa598c0000 - 0x00007ffa5991e000 	C:\WINDOWS\system32\dataexchange.dll
0x00007ffa7ccf0000 - 0x00007ffa7cf5a000 	C:\WINDOWS\system32\twinapi.appcore.dll
0x00007ffa6ffd0000 - 0x00007ffa700fd000 	C:\WINDOWS\SYSTEM32\textinputframework.dll
0x00007ffa80ce0000 - 0x00007ffa80e13000 	C:\WINDOWS\SYSTEM32\CoreMessaging.dll
0x00007ffa7e7f0000 - 0x00007ffa7eb5c000 	C:\WINDOWS\SYSTEM32\CoreUIComponents.dll
0x00007ffa7b2d0000 - 0x00007ffa7b2e0000 	C:\Program Files\Java\jdk-17.0.2\bin\verify.dll

dbghelp: loaded successfully - version: 4.0.5 - missing functions: none
symbol engine: initialized successfully - sym options: 0x614 - pdb path: .;C:\Program Files\Java\jdk-17.0.2\bin;C:\WINDOWS\SYSTEM32;C:\WINDOWS\WinSxS\amd64_microsoft.windows.common-controls_6595b64144ccf1df_6.0.22621.1_none_60e502bd9af5bef0;C:\Program Files\Java\jdk-17.0.2\bin\server;C:\Program Files\JetBrains\IntelliJ IDEA 2021.3.2\bin;C:\WINDOWS\System32\DriverStore\FileRepository\u0375529.inf_amd64_f5dbe9a47d69bf14\B374868

VM Arguments:
jvm_args: -javaagent:C:\Program Files\JetBrains\IntelliJ IDEA 2021.3.2\lib\idea_rt.jar=53744:C:\Program Files\JetBrains\IntelliJ IDEA 2021.3.2\bin -Dfile.encoding=UTF-8 
java_command: DSPemilik.LaporanSupplier
java_class_path (initial): C:\Users\RIAN SURYANA\Documents\Kuliah\SEMESTER 2\PRG3\TokoSembako Barokah_KEL06\out\production\TokoSembako;C:\Users\RIAN SURYANA\Documents\Kuliah\SEMESTER 2\PRG3\TokoSembako Barokah_KEL06\src\sqljdbc4.jar;C:\Users\RIAN SURYANA\Documents\Kuliah\SEMESTER 2\PRG3\TokoSembako Barokah_KEL06\src\jcalendar-1.4.jar;C:\Users\RIAN SURYANA\Documents\Kuliah\SEMESTER 2\PRG3\TokoSembako Barokah_KEL06\src\commons-beanutils-1.9.4.jar;C:\Users\RIAN SURYANA\Documents\Kuliah\SEMESTER 2\PRG3\TokoSembako Barokah_KEL06\src\commons-collections4-4.2.jar;C:\Users\RIAN SURYANA\Documents\Kuliah\SEMESTER 2\PRG3\TokoSembako Barokah_KEL06\src\commons-digester-2.1.jar;C:\Users\RIAN SURYANA\Documents\Kuliah\SEMESTER 2\PRG3\TokoSembako Barokah_KEL06\src\commons-lang3-3.4.jar;C:\Users\RIAN SURYANA\Documents\Kuliah\SEMESTER 2\PRG3\TokoSembako Barokah_KEL06\src\commons-logging-1.1.1.jar;C:\Users\RIAN SURYANA\Documents\Kuliah\SEMESTER 2\PRG3\TokoSembako Barokah_KEL06\src\itext-2.1.7.js8.jar;C:\Users\RIAN SURYANA\Documents\Kuliah\SEMESTER 2\PRG3\TokoSembako Barokah_KEL06\src\jasperreports-6.19.1.jar
Launcher Type: SUN_STANDARD

[Global flags]
     intx CICompilerCount                          = 3                                         {product} {ergonomic}
     uint ConcGCThreads                            = 1                                         {product} {ergonomic}
     uint G1ConcRefinementThreads                  = 4                                         {product} {ergonomic}
   size_t G1HeapRegionSize                         = 1048576                                   {product} {ergonomic}
    uintx GCDrainStackTargetSize                   = 64                                        {product} {ergonomic}
   size_t InitialHeapSize                          = 100663296                                 {product} {ergonomic}
   size_t MarkStackSize                            = 4194304                                   {product} {ergonomic}
   size_t MaxHeapSize                              = 1589641216                                {product} {ergonomic}
   size_t MaxNewSize                               = 953155584                                 {product} {ergonomic}
   size_t MinHeapDeltaBytes                        = 1048576                                   {product} {ergonomic}
   size_t MinHeapSize                              = 8388608                                   {product} {ergonomic}
    uintx NonNMethodCodeHeapSize                   = 5832780                                {pd product} {ergonomic}
    uintx NonProfiledCodeHeapSize                  = 122912730                              {pd product} {ergonomic}
    uintx ProfiledCodeHeapSize                     = 122912730                              {pd product} {ergonomic}
    uintx ReservedCodeCacheSize                    = 251658240                              {pd product} {ergonomic}
     bool SegmentedCodeCache                       = true                                      {product} {ergonomic}
   size_t SoftMaxHeapSize                          = 1589641216                             {manageable} {ergonomic}
     bool UseCompressedClassPointers               = true                           {product lp64_product} {ergonomic}
     bool UseCompressedOops                        = true                           {product lp64_product} {ergonomic}
     bool UseG1GC                                  = true                                      {product} {ergonomic}
     bool UseLargePagesIndividualAllocation        = false                                  {pd product} {ergonomic}

Logging:
Log output configuration:
 #0: stdout all=warning uptime,level,tags
 #1: stderr all=off uptime,level,tags

Environment Variables:
PATH=C:\Program Files (x86)\VMware\VMware Workstation\bin\;C:\Program Files\Common Files\Oracle\Java\javapath;C:\WINDOWS\system32;C:\WINDOWS;C:\WINDOWS\System32\Wbem;C:\WINDOWS\System32\WindowsPowerShell\v1.0\;C:\WINDOWS\System32\OpenSSH\;C:\Program Files\dotnet\;C:\Program Files\Microsoft SQL Server\Client SDK\ODBC\170\Tools\Binn\;C:\Program Files (x86)\Microsoft SQL Server\150\Tools\Binn\;C:\Program Files\Microsoft SQL Server\150\Tools\Binn\;C:\Program Files\Microsoft SQL Server\150\DTS\Binn\;C:\Program Files (x86)\Microsoft SQL Server\150\DTS\Binn\;C:\Program Files\Azure Data Studio\bin;C:\Program Files (x86)\Dev-Cpp\MinGW64\bin;C:\Program Files\Microsoft SQL Server\130\Tools\Binn\;C:\Users\RIAN SURYANA\AppData\Local\Microsoft\WindowsApps;C:\Users\RIAN SURYANA\.dotnet\tools;C:\Program Files\Azure Data Studio\bin;C:\Users\RIAN SURYANA\AppData\Local\Programs\Microsoft VS Code\bin;;C:\Program Files\JetBrains\IntelliJ IDEA Community Edition 2021.3.2\bin;;C:\Program Files\JetBrains\IntelliJ IDEA 2021.3.2\bin;
USERNAME=RIAN SURYANA
OS=Windows_NT
PROCESSOR_IDENTIFIER=AMD64 Family 23 Model 24 Stepping 1, AuthenticAMD



---------------  S Y S T E M  ---------------

OS:
 Windows 11 , 64 bit Build 22621 (10.0.22621.1)
OS uptime: 0 days 7:34 hours

CPU: total 4 (initial active 4) (4 cores per cpu, 2 threads per core) family 23 model 24 stepping 1 microcode 0x0, cx8, cmov, fxsr, ht, mmx, 3dnowpref, sse, sse2, sse3, ssse3, sse4a, sse4.1, sse4.2, popcnt, lzcnt, tsc, tscinvbit, avx, avx2, aes, clmul, bmi1, bmi2, adx, sha, fma, vzeroupper, clflush, clflushopt

Memory: 4k page, system-wide physical 6059M (160M free)
TotalPageFile size 10059M (AvailPageFile size 7M)
current process WorkingSet (physical memory assigned to process): 309M, peak: 309M
current process commit charge ("private bytes"): 363M, peak: 364M

vm_info: Java HotSpot(TM) 64-Bit Server VM (17.0.2+8-LTS-86) for windows-amd64 JRE (17.0.2+8-LTS-86), built on Dec  7 2021 21:51:03 by "mach5one" with MS VC++ 16.8 / 16.9 (VS2019)

END.
