#
# There is insufficient memory for the Java Runtime Environment to continue.
# Native memory allocation (malloc) failed to allocate 972016 bytes for Chunk::new
# Possible reasons:
#   The system is out of physical RAM or swap space
#   The process is running with CompressedOops enabled, and the Java Heap may be blocking the growth of the native heap
# Possible solutions:
#   Reduce memory load on the system
#   Increase physical memory or swap space
#   Check if swap backing store is full
#   Decrease Java heap size (-Xmx/-Xms)
#   Decrease number of Java threads
#   Decrease Java thread stack sizes (-Xss)
#   Set larger code cache with -XX:ReservedCodeCacheSize=
#   JVM is running with Unscaled Compressed Oops mode in which the Java heap is
#     placed in the first 4GB address space. The Java Heap base address is the
#     maximum limit for the native heap growth. Please use -XX:HeapBaseMinAddress
#     to set the Java Heap base and to place the Java Heap above 4GB virtual address.
# This output file may be truncated or incomplete.
#
#  Out of Memory Error (arena.cpp:189), pid=8360, tid=7360
#
# JRE version: Java(TM) SE Runtime Environment (17.0.2+8) (build 17.0.2+8-LTS-86)
# Java VM: Java HotSpot(TM) 64-Bit Server VM (17.0.2+8-LTS-86, mixed mode, sharing, tiered, compressed oops, compressed class ptrs, g1 gc, windows-amd64)
# No core dump will be written. Minidumps are not enabled by default on client versions of Windows
#

---------------  S U M M A R Y ------------

Command Line: -javaagent:C:\Program Files\JetBrains\IntelliJ IDEA 2021.3.2\lib\idea_rt.jar=53631:C:\Program Files\JetBrains\IntelliJ IDEA 2021.3.2\bin -Dfile.encoding=UTF-8 DSPemilik.LaporanSupplier

Host: AMD Ryzen 3 3250U with Radeon Graphics         , 4 cores, 5G,  Windows 11 , 64 bit Build 22621 (10.0.22621.1)
Time: Wed Jul 20 08:51:57 2022 SE Asia Standard Time elapsed time: 2.355938 seconds (0d 0h 0m 2s)

---------------  T H R E A D  ---------------

Current thread (0x000001757ebdc610):  JavaThread "C2 CompilerThread0" daemon [_thread_in_native, id=7360, stack(0x0000006d45c00000,0x0000006d45d00000)]


Current CompileTask:
C2:   2356  865       4       sun.util.locale.BaseLocale::getInstance (149 bytes)

Stack: [0x0000006d45c00000,0x0000006d45d00000]
Native frames: (J=compiled Java code, j=interpreted, Vv=VM code, C=native code)
V  [jvm.dll+0x670baa]
V  [jvm.dll+0x7cfcb4]
V  [jvm.dll+0x7d145e]
V  [jvm.dll+0x7d1ac3]
V  [jvm.dll+0x242bc5]
V  [jvm.dll+0xaa57b]
V  [jvm.dll+0xaab0c]
V  [jvm.dll+0x35fcb2]
V  [jvm.dll+0x32a331]
V  [jvm.dll+0x3297da]
V  [jvm.dll+0x215c91]
V  [jvm.dll+0x2150b1]
V  [jvm.dll+0x1a1bbd]
V  [jvm.dll+0x224908]
V  [jvm.dll+0x222a6c]
V  [jvm.dll+0x7859bb]
V  [jvm.dll+0x77ff7a]
V  [jvm.dll+0x66fa35]
C  [ucrtbase.dll+0x29363]
C  [KERNEL32.DLL+0x1244d]
C  [ntdll.dll+0x5df88]


---------------  P R O C E S S  ---------------

Threads class SMR info:
_java_thread_list=0x00000175189405e0, length=18, elements={
0x000001757ae3cf70, 0x000001757ebc45e0, 0x000001757ebc5190, 0x000001757ebd4b40,
0x000001757ebda520, 0x000001757ebdaed0, 0x000001757ebdb880, 0x000001757ebdc610,
0x000001757ec4dce0, 0x000001757ec4e2e0, 0x000001757aef7b70, 0x000001757f906b50,
0x000001757f907020, 0x000001757fb50f30, 0x000001757fb51400, 0x000001757fb57750,
0x000001751891a370, 0x00000175189e03e0
}

Java Threads: ( => current thread )
  0x000001757ae3cf70 JavaThread "main" [_thread_in_vm, id=13788, stack(0x0000006d44f00000,0x0000006d45000000)]
  0x000001757ebc45e0 JavaThread "Reference Handler" daemon [_thread_blocked, id=3980, stack(0x0000006d45600000,0x0000006d45700000)]
  0x000001757ebc5190 JavaThread "Finalizer" daemon [_thread_blocked, id=8896, stack(0x0000006d45700000,0x0000006d45800000)]
  0x000001757ebd4b40 JavaThread "Signal Dispatcher" daemon [_thread_blocked, id=14108, stack(0x0000006d45800000,0x0000006d45900000)]
  0x000001757ebda520 JavaThread "Attach Listener" daemon [_thread_blocked, id=13576, stack(0x0000006d45900000,0x0000006d45a00000)]
  0x000001757ebdaed0 JavaThread "Service Thread" daemon [_thread_blocked, id=12372, stack(0x0000006d45a00000,0x0000006d45b00000)]
  0x000001757ebdb880 JavaThread "Monitor Deflation Thread" daemon [_thread_blocked, id=1880, stack(0x0000006d45b00000,0x0000006d45c00000)]
=>0x000001757ebdc610 JavaThread "C2 CompilerThread0" daemon [_thread_in_native, id=7360, stack(0x0000006d45c00000,0x0000006d45d00000)]
  0x000001757ec4dce0 JavaThread "C1 CompilerThread0" daemon [_thread_blocked, id=6172, stack(0x0000006d45d00000,0x0000006d45e00000)]
  0x000001757ec4e2e0 JavaThread "Sweeper thread" daemon [_thread_blocked, id=14240, stack(0x0000006d45e00000,0x0000006d45f00000)]
  0x000001757aef7b70 JavaThread "Common-Cleaner" daemon [_thread_blocked, id=12644, stack(0x0000006d45f00000,0x0000006d46000000)]
  0x000001757f906b50 JavaThread "Monitor Ctrl-Break" daemon [_thread_in_native, id=12292, stack(0x0000006d46000000,0x0000006d46100000)]
  0x000001757f907020 JavaThread "Notification Thread" daemon [_thread_blocked, id=13628, stack(0x0000006d46100000,0x0000006d46200000)]
  0x000001757fb50f30 JavaThread "Java2D Disposer" daemon [_thread_blocked, id=11032, stack(0x0000006d46300000,0x0000006d46400000)]
  0x000001757fb51400 JavaThread "AWT-Shutdown" [_thread_blocked, id=12228, stack(0x0000006d46400000,0x0000006d46500000)]
  0x000001757fb57750 JavaThread "AWT-Windows" daemon [_thread_in_native, id=11096, stack(0x0000006d46500000,0x0000006d46600000)]
  0x000001751891a370 JavaThread "AWT-EventQueue-0" [_thread_blocked, id=7088, stack(0x0000006d46c00000,0x0000006d46d00000)]
  0x00000175189e03e0 JavaThread "Image Fetcher 0" daemon [_thread_blocked, id=10784, stack(0x0000006d46d00000,0x0000006d46e00000)]

Other Threads:
  0x000001757af0db20 VMThread "VM Thread" [stack: 0x0000006d45500000,0x0000006d45600000] [id=13184]
  0x000001757f907870 WatcherThread [stack: 0x0000006d46200000,0x0000006d46300000] [id=1104]
  0x000001757ae720a0 GCTaskThread "GC Thread#0" [stack: 0x0000006d45000000,0x0000006d45100000] [id=8180]
  0x000001757ae7ed60 ConcurrentGCThread "G1 Main Marker" [stack: 0x0000006d45100000,0x0000006d45200000] [id=2800]
  0x000001757ae80780 ConcurrentGCThread "G1 Conc#0" [stack: 0x0000006d45200000,0x0000006d45300000] [id=9900]
  0x000001757aee2940 ConcurrentGCThread "G1 Refine#0" [stack: 0x0000006d45300000,0x0000006d45400000] [id=5164]
  0x000001757aee3360 ConcurrentGCThread "G1 Service" [stack: 0x0000006d45400000,0x0000006d45500000] [id=12768]

Threads with active compile tasks:
C2 CompilerThread0     2390  865       4       sun.util.locale.BaseLocale::getInstance (149 bytes)

VM state: not at safepoint (normal execution)

VM Mutex/Monitor currently owned by a thread: None

Heap address: 0x00000000a1400000, size: 1516 MB, Compressed Oops mode: 32-bit

CDS archive(s) mapped at: [0x0000000800000000-0x0000000800bc0000-0x0000000800bc0000), size 12320768, SharedBaseAddress: 0x0000000800000000, ArchiveRelocationMode: 0.
Compressed class space mapped at: 0x0000000800c00000-0x0000000840c00000, reserved size: 1073741824
Narrow klass base: 0x0000000800000000, Narrow klass shift: 0, Narrow klass range: 0x100000000

GC Precious Log:
 CPUs: 4 total, 4 available
 Memory: 6059M
 Large Page Support: Disabled
 NUMA Support: Disabled
 Compressed Oops: Enabled (32-bit)
 Heap Region Size: 1M
 Heap Min Capacity: 8M
 Heap Initial Capacity: 96M
 Heap Max Capacity: 1516M
 Pre-touch: Disabled
 Parallel Workers: 4
 Concurrent Workers: 1
 Concurrent Refinement Workers: 4
 Periodic GC: Disabled

Heap:
 garbage-first heap   total 98304K, used 9216K [0x00000000a1400000, 0x0000000100000000)
  region size 1024K, 10 young (10240K), 0 survivors (0K)
 Metaspace       used 9378K, committed 9600K, reserved 1064960K
  class space    used 1090K, committed 1216K, reserved 1048576K

Heap Regions: E=young(eden), S=young(survivor), O=old, HS=humongous(starts), HC=humongous(continues), CS=collection set, F=free, OA=open archive, CA=closed archive, TAMS=top-at-mark-start (previous, next)
|   0|0x00000000a1400000, 0x00000000a1400000, 0x00000000a1500000|  0%| F|  |TAMS 0x00000000a1400000, 0x00000000a1400000| Untracked 
|   1|0x00000000a1500000, 0x00000000a1500000, 0x00000000a1600000|  0%| F|  |TAMS 0x00000000a1500000, 0x00000000a1500000| Untracked 
|   2|0x00000000a1600000, 0x00000000a1600000, 0x00000000a1700000|  0%| F|  |TAMS 0x00000000a1600000, 0x00000000a1600000| Untracked 
|   3|0x00000000a1700000, 0x00000000a1700000, 0x00000000a1800000|  0%| F|  |TAMS 0x00000000a1700000, 0x00000000a1700000| Untracked 
|   4|0x00000000a1800000, 0x00000000a1800000, 0x00000000a1900000|  0%| F|  |TAMS 0x00000000a1800000, 0x00000000a1800000| Untracked 
|   5|0x00000000a1900000, 0x00000000a1900000, 0x00000000a1a00000|  0%| F|  |TAMS 0x00000000a1900000, 0x00000000a1900000| Untracked 
|   6|0x00000000a1a00000, 0x00000000a1a00000, 0x00000000a1b00000|  0%| F|  |TAMS 0x00000000a1a00000, 0x00000000a1a00000| Untracked 
|   7|0x00000000a1b00000, 0x00000000a1b00000, 0x00000000a1c00000|  0%| F|  |TAMS 0x00000000a1b00000, 0x00000000a1b00000| Untracked 
|   8|0x00000000a1c00000, 0x00000000a1c00000, 0x00000000a1d00000|  0%| F|  |TAMS 0x00000000a1c00000, 0x00000000a1c00000| Untracked 
|   9|0x00000000a1d00000, 0x00000000a1d00000, 0x00000000a1e00000|  0%| F|  |TAMS 0x00000000a1d00000, 0x00000000a1d00000| Untracked 
|  10|0x00000000a1e00000, 0x00000000a1e00000, 0x00000000a1f00000|  0%| F|  |TAMS 0x00000000a1e00000, 0x00000000a1e00000| Untracked 
|  11|0x00000000a1f00000, 0x00000000a1f00000, 0x00000000a2000000|  0%| F|  |TAMS 0x00000000a1f00000, 0x00000000a1f00000| Untracked 
|  12|0x00000000a2000000, 0x00000000a2000000, 0x00000000a2100000|  0%| F|  |TAMS 0x00000000a2000000, 0x00000000a2000000| Untracked 
|  13|0x00000000a2100000, 0x00000000a2100000, 0x00000000a2200000|  0%| F|  |TAMS 0x00000000a2100000, 0x00000000a2100000| Untracked 
|  14|0x00000000a2200000, 0x00000000a2200000, 0x00000000a2300000|  0%| F|  |TAMS 0x00000000a2200000, 0x00000000a2200000| Untracked 
|  15|0x00000000a2300000, 0x00000000a2300000, 0x00000000a2400000|  0%| F|  |TAMS 0x00000000a2300000, 0x00000000a2300000| Untracked 
|  16|0x00000000a2400000, 0x00000000a2400000, 0x00000000a2500000|  0%| F|  |TAMS 0x00000000a2400000, 0x00000000a2400000| Untracked 
|  17|0x00000000a2500000, 0x00000000a2500000, 0x00000000a2600000|  0%| F|  |TAMS 0x00000000a2500000, 0x00000000a2500000| Untracked 
|  18|0x00000000a2600000, 0x00000000a2600000, 0x00000000a2700000|  0%| F|  |TAMS 0x00000000a2600000, 0x00000000a2600000| Untracked 
|  19|0x00000000a2700000, 0x00000000a2700000, 0x00000000a2800000|  0%| F|  |TAMS 0x00000000a2700000, 0x00000000a2700000| Untracked 
|  20|0x00000000a2800000, 0x00000000a2800000, 0x00000000a2900000|  0%| F|  |TAMS 0x00000000a2800000, 0x00000000a2800000| Untracked 
|  21|0x00000000a2900000, 0x00000000a2900000, 0x00000000a2a00000|  0%| F|  |TAMS 0x00000000a2900000, 0x00000000a2900000| Untracked 
|  22|0x00000000a2a00000, 0x00000000a2a00000, 0x00000000a2b00000|  0%| F|  |TAMS 0x00000000a2a00000, 0x00000000a2a00000| Untracked 
|  23|0x00000000a2b00000, 0x00000000a2b00000, 0x00000000a2c00000|  0%| F|  |TAMS 0x00000000a2b00000, 0x00000000a2b00000| Untracked 
|  24|0x00000000a2c00000, 0x00000000a2c00000, 0x00000000a2d00000|  0%| F|  |TAMS 0x00000000a2c00000, 0x00000000a2c00000| Untracked 
|  25|0x00000000a2d00000, 0x00000000a2d00000, 0x00000000a2e00000|  0%| F|  |TAMS 0x00000000a2d00000, 0x00000000a2d00000| Untracked 
|  26|0x00000000a2e00000, 0x00000000a2e00000, 0x00000000a2f00000|  0%| F|  |TAMS 0x00000000a2e00000, 0x00000000a2e00000| Untracked 
|  27|0x00000000a2f00000, 0x00000000a2f00000, 0x00000000a3000000|  0%| F|  |TAMS 0x00000000a2f00000, 0x00000000a2f00000| Untracked 
|  28|0x00000000a3000000, 0x00000000a3000000, 0x00000000a3100000|  0%| F|  |TAMS 0x00000000a3000000, 0x00000000a3000000| Untracked 
|  29|0x00000000a3100000, 0x00000000a3100000, 0x00000000a3200000|  0%| F|  |TAMS 0x00000000a3100000, 0x00000000a3100000| Untracked 
|  30|0x00000000a3200000, 0x00000000a3200000, 0x00000000a3300000|  0%| F|  |TAMS 0x00000000a3200000, 0x00000000a3200000| Untracked 
|  31|0x00000000a3300000, 0x00000000a3300000, 0x00000000a3400000|  0%| F|  |TAMS 0x00000000a3300000, 0x00000000a3300000| Untracked 
|  32|0x00000000a3400000, 0x00000000a3400000, 0x00000000a3500000|  0%| F|  |TAMS 0x00000000a3400000, 0x00000000a3400000| Untracked 
|  33|0x00000000a3500000, 0x00000000a3500000, 0x00000000a3600000|  0%| F|  |TAMS 0x00000000a3500000, 0x00000000a3500000| Untracked 
|  34|0x00000000a3600000, 0x00000000a3600000, 0x00000000a3700000|  0%| F|  |TAMS 0x00000000a3600000, 0x00000000a3600000| Untracked 
|  35|0x00000000a3700000, 0x00000000a3700000, 0x00000000a3800000|  0%| F|  |TAMS 0x00000000a3700000, 0x00000000a3700000| Untracked 
|  36|0x00000000a3800000, 0x00000000a3800000, 0x00000000a3900000|  0%| F|  |TAMS 0x00000000a3800000, 0x00000000a3800000| Untracked 
|  37|0x00000000a3900000, 0x00000000a3900000, 0x00000000a3a00000|  0%| F|  |TAMS 0x00000000a3900000, 0x00000000a3900000| Untracked 
|  38|0x00000000a3a00000, 0x00000000a3a00000, 0x00000000a3b00000|  0%| F|  |TAMS 0x00000000a3a00000, 0x00000000a3a00000| Untracked 
|  39|0x00000000a3b00000, 0x00000000a3b00000, 0x00000000a3c00000|  0%| F|  |TAMS 0x00000000a3b00000, 0x00000000a3b00000| Untracked 
|  40|0x00000000a3c00000, 0x00000000a3c00000, 0x00000000a3d00000|  0%| F|  |TAMS 0x00000000a3c00000, 0x00000000a3c00000| Untracked 
|  41|0x00000000a3d00000, 0x00000000a3d00000, 0x00000000a3e00000|  0%| F|  |TAMS 0x00000000a3d00000, 0x00000000a3d00000| Untracked 
|  42|0x00000000a3e00000, 0x00000000a3e00000, 0x00000000a3f00000|  0%| F|  |TAMS 0x00000000a3e00000, 0x00000000a3e00000| Untracked 
|  43|0x00000000a3f00000, 0x00000000a3f00000, 0x00000000a4000000|  0%| F|  |TAMS 0x00000000a3f00000, 0x00000000a3f00000| Untracked 
|  44|0x00000000a4000000, 0x00000000a4000000, 0x00000000a4100000|  0%| F|  |TAMS 0x00000000a4000000, 0x00000000a4000000| Untracked 
|  45|0x00000000a4100000, 0x00000000a4100000, 0x00000000a4200000|  0%| F|  |TAMS 0x00000000a4100000, 0x00000000a4100000| Untracked 
|  46|0x00000000a4200000, 0x00000000a4200000, 0x00000000a4300000|  0%| F|  |TAMS 0x00000000a4200000, 0x00000000a4200000| Untracked 
|  47|0x00000000a4300000, 0x00000000a4300000, 0x00000000a4400000|  0%| F|  |TAMS 0x00000000a4300000, 0x00000000a4300000| Untracked 
|  48|0x00000000a4400000, 0x00000000a4400000, 0x00000000a4500000|  0%| F|  |TAMS 0x00000000a4400000, 0x00000000a4400000| Untracked 
|  49|0x00000000a4500000, 0x00000000a4500000, 0x00000000a4600000|  0%| F|  |TAMS 0x00000000a4500000, 0x00000000a4500000| Untracked 
|  50|0x00000000a4600000, 0x00000000a4600000, 0x00000000a4700000|  0%| F|  |TAMS 0x00000000a4600000, 0x00000000a4600000| Untracked 
|  51|0x00000000a4700000, 0x00000000a4700000, 0x00000000a4800000|  0%| F|  |TAMS 0x00000000a4700000, 0x00000000a4700000| Untracked 
|  52|0x00000000a4800000, 0x00000000a4800000, 0x00000000a4900000|  0%| F|  |TAMS 0x00000000a4800000, 0x00000000a4800000| Untracked 
|  53|0x00000000a4900000, 0x00000000a4900000, 0x00000000a4a00000|  0%| F|  |TAMS 0x00000000a4900000, 0x00000000a4900000| Untracked 
|  54|0x00000000a4a00000, 0x00000000a4a00000, 0x00000000a4b00000|  0%| F|  |TAMS 0x00000000a4a00000, 0x00000000a4a00000| Untracked 
|  55|0x00000000a4b00000, 0x00000000a4b00000, 0x00000000a4c00000|  0%| F|  |TAMS 0x00000000a4b00000, 0x00000000a4b00000| Untracked 
|  56|0x00000000a4c00000, 0x00000000a4c00000, 0x00000000a4d00000|  0%| F|  |TAMS 0x00000000a4c00000, 0x00000000a4c00000| Untracked 
|  57|0x00000000a4d00000, 0x00000000a4d00000, 0x00000000a4e00000|  0%| F|  |TAMS 0x00000000a4d00000, 0x00000000a4d00000| Untracked 
|  58|0x00000000a4e00000, 0x00000000a4e00000, 0x00000000a4f00000|  0%| F|  |TAMS 0x00000000a4e00000, 0x00000000a4e00000| Untracked 
|  59|0x00000000a4f00000, 0x00000000a4f00000, 0x00000000a5000000|  0%| F|  |TAMS 0x00000000a4f00000, 0x00000000a4f00000| Untracked 
|  60|0x00000000a5000000, 0x00000000a5000000, 0x00000000a5100000|  0%| F|  |TAMS 0x00000000a5000000, 0x00000000a5000000| Untracked 
|  61|0x00000000a5100000, 0x00000000a5100000, 0x00000000a5200000|  0%| F|  |TAMS 0x00000000a5100000, 0x00000000a5100000| Untracked 
|  62|0x00000000a5200000, 0x00000000a5200000, 0x00000000a5300000|  0%| F|  |TAMS 0x00000000a5200000, 0x00000000a5200000| Untracked 
|  63|0x00000000a5300000, 0x00000000a5300000, 0x00000000a5400000|  0%| F|  |TAMS 0x00000000a5300000, 0x00000000a5300000| Untracked 
|  64|0x00000000a5400000, 0x00000000a5400000, 0x00000000a5500000|  0%| F|  |TAMS 0x00000000a5400000, 0x00000000a5400000| Untracked 
|  65|0x00000000a5500000, 0x00000000a5500000, 0x00000000a5600000|  0%| F|  |TAMS 0x00000000a5500000, 0x00000000a5500000| Untracked 
|  66|0x00000000a5600000, 0x00000000a5600000, 0x00000000a5700000|  0%| F|  |TAMS 0x00000000a5600000, 0x00000000a5600000| Untracked 
|  67|0x00000000a5700000, 0x00000000a5700000, 0x00000000a5800000|  0%| F|  |TAMS 0x00000000a5700000, 0x00000000a5700000| Untracked 
|  68|0x00000000a5800000, 0x00000000a5800000, 0x00000000a5900000|  0%| F|  |TAMS 0x00000000a5800000, 0x00000000a5800000| Untracked 
|  69|0x00000000a5900000, 0x00000000a5900000, 0x00000000a5a00000|  0%| F|  |TAMS 0x00000000a5900000, 0x00000000a5900000| Untracked 
|  70|0x00000000a5a00000, 0x00000000a5a00000, 0x00000000a5b00000|  0%| F|  |TAMS 0x00000000a5a00000, 0x00000000a5a00000| Untracked 
|  71|0x00000000a5b00000, 0x00000000a5b00000, 0x00000000a5c00000|  0%| F|  |TAMS 0x00000000a5b00000, 0x00000000a5b00000| Untracked 
|  72|0x00000000a5c00000, 0x00000000a5c00000, 0x00000000a5d00000|  0%| F|  |TAMS 0x00000000a5c00000, 0x00000000a5c00000| Untracked 
|  73|0x00000000a5d00000, 0x00000000a5d00000, 0x00000000a5e00000|  0%| F|  |TAMS 0x00000000a5d00000, 0x00000000a5d00000| Untracked 
|  74|0x00000000a5e00000, 0x00000000a5e00000, 0x00000000a5f00000|  0%| F|  |TAMS 0x00000000a5e00000, 0x00000000a5e00000| Untracked 
|  75|0x00000000a5f00000, 0x00000000a5f00000, 0x00000000a6000000|  0%| F|  |TAMS 0x00000000a5f00000, 0x00000000a5f00000| Untracked 
|  76|0x00000000a6000000, 0x00000000a6000000, 0x00000000a6100000|  0%| F|  |TAMS 0x00000000a6000000, 0x00000000a6000000| Untracked 
|  77|0x00000000a6100000, 0x00000000a6100000, 0x00000000a6200000|  0%| F|  |TAMS 0x00000000a6100000, 0x00000000a6100000| Untracked 
|  78|0x00000000a6200000, 0x00000000a6200000, 0x00000000a6300000|  0%| F|  |TAMS 0x00000000a6200000, 0x00000000a6200000| Untracked 
|  79|0x00000000a6300000, 0x00000000a6300000, 0x00000000a6400000|  0%| F|  |TAMS 0x00000000a6300000, 0x00000000a6300000| Untracked 
|  80|0x00000000a6400000, 0x00000000a6400000, 0x00000000a6500000|  0%| F|  |TAMS 0x00000000a6400000, 0x00000000a6400000| Untracked 
|  81|0x00000000a6500000, 0x00000000a6500000, 0x00000000a6600000|  0%| F|  |TAMS 0x00000000a6500000, 0x00000000a6500000| Untracked 
|  82|0x00000000a6600000, 0x00000000a6600000, 0x00000000a6700000|  0%| F|  |TAMS 0x00000000a6600000, 0x00000000a6600000| Untracked 
|  83|0x00000000a6700000, 0x00000000a6700000, 0x00000000a6800000|  0%| F|  |TAMS 0x00000000a6700000, 0x00000000a6700000| Untracked 
|  84|0x00000000a6800000, 0x00000000a6800000, 0x00000000a6900000|  0%| F|  |TAMS 0x00000000a6800000, 0x00000000a6800000| Untracked 
|  85|0x00000000a6900000, 0x00000000a6943228, 0x00000000a6a00000| 26%| E|  |TAMS 0x00000000a6900000, 0x00000000a6900000| Complete 
|  86|0x00000000a6a00000, 0x00000000a6b00000, 0x00000000a6b00000|100%| E|CS|TAMS 0x00000000a6a00000, 0x00000000a6a00000| Complete 
|  87|0x00000000a6b00000, 0x00000000a6c00000, 0x00000000a6c00000|100%| E|CS|TAMS 0x00000000a6b00000, 0x00000000a6b00000| Complete 
|  88|0x00000000a6c00000, 0x00000000a6d00000, 0x00000000a6d00000|100%| E|CS|TAMS 0x00000000a6c00000, 0x00000000a6c00000| Complete 
|  89|0x00000000a6d00000, 0x00000000a6e00000, 0x00000000a6e00000|100%| E|CS|TAMS 0x00000000a6d00000, 0x00000000a6d00000| Complete 
|  90|0x00000000a6e00000, 0x00000000a6f00000, 0x00000000a6f00000|100%| E|CS|TAMS 0x00000000a6e00000, 0x00000000a6e00000| Complete 
|  91|0x00000000a6f00000, 0x00000000a7000000, 0x00000000a7000000|100%| E|CS|TAMS 0x00000000a6f00000, 0x00000000a6f00000| Complete 
|  92|0x00000000a7000000, 0x00000000a7100000, 0x00000000a7100000|100%| E|CS|TAMS 0x00000000a7000000, 0x00000000a7000000| Complete 
|  93|0x00000000a7100000, 0x00000000a7200000, 0x00000000a7200000|100%| E|CS|TAMS 0x00000000a7100000, 0x00000000a7100000| Complete 
|  94|0x00000000a7200000, 0x00000000a7300000, 0x00000000a7300000|100%| E|CS|TAMS 0x00000000a7200000, 0x00000000a7200000| Complete 
|  95|0x00000000a7300000, 0x00000000a7400000, 0x00000000a7400000|100%| E|CS|TAMS 0x00000000a7300000, 0x00000000a7300000| Complete 

Card table byte_map: [0x000001757b210000,0x000001757b510000] _byte_map_base: 0x000001757ad06000

Marking Bits (Prev, Next): (CMBitMap*) 0x000001757ae726b0, (CMBitMap*) 0x000001757ae726f0
 Prev Bits: [0x000001757b810000, 0x000001757cfc0000)
 Next Bits: [0x000001757cfc0000, 0x000001757e770000)

Polling page: 0x0000017578e20000

Metaspace:

Usage:
  Non-class:      8.13 MB used.
      Class:      1.07 MB used.
       Both:      9.20 MB used.

Virtual space:
  Non-class space:       16.00 MB reserved,       8.19 MB ( 51%) committed,  2 nodes.
      Class space:        1.00 GB reserved,       1.19 MB ( <1%) committed,  1 nodes.
             Both:        1.02 GB reserved,       9.38 MB ( <1%) committed. 

Chunk freelists:
   Non-Class:  3.00 MB
       Class:  2.74 MB
        Both:  5.74 MB

MaxMetaspaceSize: unlimited
CompressedClassSpaceSize: 1.00 GB
Initial GC threshold: 21.00 MB
Current GC threshold: 21.00 MB
CDS: on
MetaspaceReclaimPolicy: balanced
 - commit_granule_bytes: 65536.
 - commit_granule_words: 8192.
 - virtual_space_node_default_size: 1048576.
 - enlarge_chunks_in_place: 1.
 - new_chunks_are_fully_committed: 0.
 - uncommit_free_chunks: 1.
 - use_allocation_guard: 0.
 - handle_deallocations: 1.


Internal statistics:

num_allocs_failed_limit: 0.
num_arena_births: 114.
num_arena_deaths: 0.
num_vsnodes_births: 3.
num_vsnodes_deaths: 0.
num_space_committed: 150.
num_space_uncommitted: 0.
num_chunks_returned_to_freelist: 0.
num_chunks_taken_from_freelist: 178.
num_chunk_merges: 0.
num_chunk_splits: 95.
num_chunks_enlarged: 39.
num_purges: 0.
num_inconsistent_stats: 0.

CodeHeap 'non-profiled nmethods': size=120000Kb used=253Kb max_used=253Kb free=119746Kb
 bounds [0x000001750f250000, 0x000001750f4c0000, 0x0000017516780000]
CodeHeap 'profiled nmethods': size=120000Kb used=1558Kb max_used=1558Kb free=118441Kb
 bounds [0x0000017507d20000, 0x0000017507f90000, 0x000001750f250000]
CodeHeap 'non-nmethods': size=5760Kb used=1249Kb max_used=1260Kb free=4510Kb
 bounds [0x0000017507780000, 0x00000175079f0000, 0x0000017507d20000]
 total_blobs=1519 nmethods=948 adapters=484
 compilation: enabled
              stopped_count=0, restarted_count=0
 full_count=0

Compilation events (20 events):
Event: 2.201 Thread 0x000001757ec4dce0  913       3       java.lang.invoke.LambdaForm$MH/0x0000000800c00400::invoke (8 bytes)
Event: 2.202 Thread 0x000001757ec4dce0 nmethod 913 0x0000017507e8ce90 code [0x0000017507e8d020, 0x0000017507e8d278]
Event: 2.202 Thread 0x000001757ec4dce0  914       3       sun.security.util.ManifestDigester::findSection (181 bytes)
Event: 2.203 Thread 0x000001757ec4dce0 nmethod 914 0x0000017507e8d390 code [0x0000017507e8d560, 0x0000017507e8da18]
Event: 2.204 Thread 0x000001757ec4dce0  915       3       java.io.ByteArrayOutputStream::<init> (43 bytes)
Event: 2.204 Thread 0x000001757ec4dce0 nmethod 915 0x0000017507e8db90 code [0x0000017507e8dde0, 0x0000017507e8e618]
Event: 2.205 Thread 0x000001757ec4dce0  916  s    3       java.io.ByteArrayOutputStream::write (43 bytes)
Event: 2.206 Thread 0x000001757ec4dce0 nmethod 916 0x0000017507e8e910 code [0x0000017507e8eae0, 0x0000017507e8ef88]
Event: 2.206 Thread 0x000001757ec4dce0  917       3       java.io.ByteArrayOutputStream::ensureCapacity (32 bytes)
Event: 2.206 Thread 0x000001757ec4dce0 nmethod 917 0x0000017507e8f190 code [0x0000017507e8f360, 0x0000017507e8f718]
Event: 2.215 Thread 0x000001757ec4dce0  918       3       java.lang.String::toLowerCase (29 bytes)
Event: 2.216 Thread 0x000001757ec4dce0 nmethod 918 0x0000017507e8f890 code [0x0000017507e8fa60, 0x0000017507e8fd18]
Event: 2.228 Thread 0x000001757ec4dce0  919       1       java.lang.Enum::name (5 bytes)
Event: 2.229 Thread 0x000001757ec4dce0 nmethod 919 0x000001750f28e290 code [0x000001750f28e420, 0x000001750f28e4f8]
Event: 2.232 Thread 0x000001757ec4dce0  920       3       java.lang.CharacterDataLatin1::toUpperCaseEx (71 bytes)
Event: 2.232 Thread 0x000001757ec4dce0 nmethod 920 0x0000017507e8fe10 code [0x0000017507e8ffc0, 0x0000017507e90298]
Event: 2.234 Thread 0x000001757ec4dce0  921       3       java.util.Locale::getLanguage (8 bytes)
Event: 2.234 Thread 0x000001757ec4dce0 nmethod 921 0x0000017507e90390 code [0x0000017507e90520, 0x0000017507e90658]
Event: 2.236 Thread 0x000001757ec4dce0  922       1       sun.security.util.KnownOIDs::registerNames (2 bytes)
Event: 2.236 Thread 0x000001757ec4dce0 nmethod 922 0x000001750f28e590 code [0x000001750f28e720, 0x000001750f28e7f8]

GC Heap History (0 events):
No events

Deoptimization events (20 events):
Event: 1.424 Thread 0x000001757ae3cf70 DEOPT PACKING pc=0x000001750f25c0b4 sp=0x0000006d44ffe050
Event: 1.424 Thread 0x000001757ae3cf70 DEOPT UNPACKING pc=0x00000175077d23a3 sp=0x0000006d44ffdff0 mode 2
Event: 1.586 Thread 0x000001757ae3cf70 DEOPT PACKING pc=0x0000017507d49267 sp=0x0000006d44ffb0d0
Event: 1.586 Thread 0x000001757ae3cf70 DEOPT UNPACKING pc=0x00000175077d2b43 sp=0x0000006d44ffa4f0 mode 0
Event: 1.588 Thread 0x000001757ae3cf70 Uncommon trap: trap_request=0xffffff45 fr.pc=0x000001750f278aa0 relative=0x0000000000000460
Event: 1.588 Thread 0x000001757ae3cf70 Uncommon trap: reason=unstable_if action=reinterpret pc=0x000001750f278aa0 method=java.lang.StringLatin1.replace([BCC)Ljava/lang/String; @ 19 c2
Event: 1.588 Thread 0x000001757ae3cf70 DEOPT PACKING pc=0x000001750f278aa0 sp=0x0000006d44ffe050
Event: 1.589 Thread 0x000001757ae3cf70 DEOPT UNPACKING pc=0x00000175077d23a3 sp=0x0000006d44ffdfd0 mode 2
Event: 1.775 Thread 0x000001757ae3cf70 Uncommon trap: trap_request=0xffffff45 fr.pc=0x000001750f271018 relative=0x0000000000000098
Event: 1.775 Thread 0x000001757ae3cf70 Uncommon trap: reason=unstable_if action=reinterpret pc=0x000001750f271018 method=java.util.HashMap.hash(Ljava/lang/Object;)I @ 1 c2
Event: 1.775 Thread 0x000001757ae3cf70 DEOPT PACKING pc=0x000001750f271018 sp=0x0000006d44ffe930
Event: 1.775 Thread 0x000001757ae3cf70 DEOPT UNPACKING pc=0x00000175077d23a3 sp=0x0000006d44ffe8c8 mode 2
Event: 2.082 Thread 0x00000175189e03e0 Uncommon trap: trap_request=0xffffff45 fr.pc=0x000001750f27435c relative=0x000000000000005c
Event: 2.082 Thread 0x00000175189e03e0 Uncommon trap: reason=unstable_if action=reinterpret pc=0x000001750f27435c method=java.lang.AbstractStringBuilder.isLatin1()Z @ 10 c2
Event: 2.082 Thread 0x00000175189e03e0 DEOPT PACKING pc=0x000001750f27435c sp=0x0000006d46dfeaa0
Event: 2.082 Thread 0x00000175189e03e0 DEOPT UNPACKING pc=0x00000175077d23a3 sp=0x0000006d46dfea30 mode 2
Event: 2.121 Thread 0x000001757ae3cf70 Uncommon trap: trap_request=0xffffffde fr.pc=0x000001750f25cca4 relative=0x00000000000001a4
Event: 2.121 Thread 0x000001757ae3cf70 Uncommon trap: reason=class_check action=maybe_recompile pc=0x000001750f25cca4 method=java.lang.String.equals(Ljava/lang/Object;)Z @ 8 c2
Event: 2.121 Thread 0x000001757ae3cf70 DEOPT PACKING pc=0x000001750f25cca4 sp=0x0000006d44fff1a0
Event: 2.121 Thread 0x000001757ae3cf70 DEOPT UNPACKING pc=0x00000175077d23a3 sp=0x0000006d44fff148 mode 2

Classes unloaded (0 events):
No events

Classes redefined (0 events):
No events

Internal exceptions (14 events):
Event: 0.519 Thread 0x000001757f906b50 Exception <a 'java/lang/NoSuchMethodError'{0x00000000a71c76e8}: 'java.lang.Object java.lang.invoke.DirectMethodHandle$Holder.invokeStaticInit(java.lang.Object)'> (0x00000000a71c76e8) 
thrown [t:\workspace\open\src\hotspot\share\interpreter\linkResolver.cpp, line 766]
Event: 0.521 Thread 0x000001757ae3cf70 Exception <a 'java/lang/ClassNotFoundException'{0x00000000a719e880}: sun/awt/resources/spi/awtProvider> (0x00000000a719e880) 
thrown [t:\workspace\open\src\hotspot\share\classfile\systemDictionary.cpp, line 256]
Event: 0.535 Thread 0x000001757f906b50 Exception <a 'java/lang/NoSuchMethodError'{0x00000000a71d4c28}: 'void java.lang.invoke.DirectMethodHandle$Holder.invokeStatic(java.lang.Object, java.lang.Object)'> (0x00000000a71d4c28) 
thrown [t:\workspace\open\src\hotspot\share\interpreter\linkResolver.cpp, line 766]
Event: 0.641 Thread 0x000001757ae3cf70 Exception <a 'java/io/FileNotFoundException'{0x00000000a702f898}> (0x00000000a702f898) 
thrown [t:\workspace\open\src\hotspot\share\prims\jni.cpp, line 516]
Event: 0.708 Thread 0x000001757ae3cf70 Exception <a 'java/io/FileNotFoundException'{0x00000000a705cc88}> (0x00000000a705cc88) 
thrown [t:\workspace\open\src\hotspot\share\prims\jni.cpp, line 516]
Event: 1.430 Thread 0x000001757ae3cf70 Exception <a 'java/lang/NoSuchMethodError'{0x00000000a6f15c48}: 'void java.lang.invoke.DirectMethodHandle$Holder.invokeSpecial(java.lang.Object, java.lang.Object, java.lang.Object)'> (0x00000000a6f15c48) 
thrown [t:\workspace\open\src\hotspot\share\interpreter\linkResolver.cpp, line 766]
Event: 1.449 Thread 0x000001757ae3cf70 Exception <a 'java/lang/NoSuchMethodError'{0x00000000a6f3f9a8}: 'java.lang.Object java.lang.invoke.DirectMethodHandle$Holder.newInvokeSpecial(java.lang.Object, java.lang.Object, java.lang.Object, java.lang.Object, java.lang.Object)'> (0x00000000a6f3f9a8) 
thrown [t:\workspace\open\src\hotspot\share\interpreter\linkResolver.cpp, line 766]
Event: 1.454 Thread 0x000001757ae3cf70 Exception <a 'java/lang/NoSuchMethodError'{0x00000000a6f4b5c0}: 'java.lang.Object java.lang.invoke.DirectMethodHandle$Holder.invokeStatic(java.lang.Object, int, java.lang.Object, java.lang.Object, java.lang.Object, java.lang.Object)'> (0x00000000a6f4b5c0) 
thrown [t:\workspace\open\src\hotspot\share\interpreter\linkResolver.cpp, line 766]
Event: 1.465 Thread 0x000001757ae3cf70 Exception <a 'java/lang/NoSuchMethodError'{0x00000000a6f70d80}: 'java.lang.Object java.lang.invoke.DirectMethodHandle$Holder.invokeStatic(java.lang.Object, int, java.lang.Object)'> (0x00000000a6f70d80) 
thrown [t:\workspace\open\src\hotspot\share\interpreter\linkResolver.cpp, line 766]
Event: 1.548 Thread 0x000001757ae3cf70 Exception <a 'java/lang/ClassNotFoundException'{0x00000000a6e29208}: com/sun/swing/internal/plaf/metal/resources/spi/metalProvider> (0x00000000a6e29208) 
thrown [t:\workspace\open\src\hotspot\share\classfile\systemDictionary.cpp, line 256]
Event: 1.551 Thread 0x000001757ae3cf70 Exception <a 'java/lang/ClassNotFoundException'{0x00000000a6e2ce08}: com/sun/swing/internal/plaf/basic/resources/spi/basicProvider> (0x00000000a6e2ce08) 
thrown [t:\workspace\open\src\hotspot\share\classfile\systemDictionary.cpp, line 256]
Event: 1.595 Thread 0x000001757ae3cf70 Exception <a 'java/lang/NoSuchMethodError'{0x00000000a6e70168}: 'void java.lang.invoke.DirectMethodHandle$Holder.invokeStatic(java.lang.Object, java.lang.Object, java.lang.Object)'> (0x00000000a6e70168) 
thrown [t:\workspace\open\src\hotspot\share\interpreter\linkResolver.cpp, line 766]
Event: 1.775 Thread 0x000001757ae3cf70 Implicit null exception at 0x000001750f270f8f to 0x000001750f271009
Event: 2.093 Thread 0x00000175189e03e0 Exception <a 'java/lang/NoSuchMethodError'{0x00000000a6cfc2e8}: 'java.lang.Object java.lang.invoke.DirectMethodHandle$Holder.newInvokeSpecial(java.lang.Object, java.lang.Object, java.lang.Object, int, int, int, int, int)'> (0x00000000a6cfc2e8) 
thrown [t:\workspace\open\src\hotspot\share\interpreter\linkResolver.cpp, line 766]

VM Operations (10 events):
Event: 0.249 Executing VM operation: HandshakeAllThreads
Event: 0.249 Executing VM operation: HandshakeAllThreads done
Event: 0.497 Executing VM operation: HandshakeAllThreads
Event: 0.515 Executing VM operation: HandshakeAllThreads done
Event: 1.516 Executing VM operation: Cleanup
Event: 1.522 Executing VM operation: Cleanup done
Event: 1.701 Executing VM operation: HandshakeAllThreads
Event: 1.701 Executing VM operation: HandshakeAllThreads done
Event: 1.865 Executing VM operation: HandshakeAllThreads
Event: 1.865 Executing VM operation: HandshakeAllThreads done

Events (20 events):
Event: 2.224 loading class sun/security/util/KnownOIDs$1
Event: 2.224 loading class sun/security/util/KnownOIDs$1 done
Event: 2.225 loading class sun/security/util/KnownOIDs$2
Event: 2.225 loading class sun/security/util/KnownOIDs$2 done
Event: 2.227 loading class sun/security/util/KnownOIDs$3
Event: 2.227 loading class sun/security/util/KnownOIDs$3 done
Event: 2.229 loading class sun/security/util/KnownOIDs$4
Event: 2.229 loading class sun/security/util/KnownOIDs$4 done
Event: 2.230 loading class sun/security/util/KnownOIDs$5
Event: 2.230 loading class sun/security/util/KnownOIDs$5 done
Event: 2.230 loading class sun/security/util/KnownOIDs$6
Event: 2.230 loading class sun/security/util/KnownOIDs$6 done
Event: 2.230 loading class sun/security/util/KnownOIDs$7
Event: 2.231 loading class sun/security/util/KnownOIDs$7 done
Event: 2.231 loading class sun/security/util/KnownOIDs$8
Event: 2.231 loading class sun/security/util/KnownOIDs$8 done
Event: 2.231 loading class sun/security/util/KnownOIDs$9
Event: 2.231 loading class sun/security/util/KnownOIDs$9 done
Event: 2.231 loading class sun/security/util/KnownOIDs$10
Event: 2.231 loading class sun/security/util/KnownOIDs$10 done


Dynamic libraries:
0x00007ff7b6c20000 - 0x00007ff7b6c30000 	C:\Program Files\Java\jdk-17.0.2\bin\java.exe
0x00007ffa87450000 - 0x00007ffa87664000 	C:\WINDOWS\SYSTEM32\ntdll.dll
0x00007ffa86460000 - 0x00007ffa86522000 	C:\WINDOWS\System32\KERNEL32.DLL
0x00007ffa84980000 - 0x00007ffa84d1c000 	C:\WINDOWS\System32\KERNELBASE.dll
0x00007ffa84ee0000 - 0x00007ffa84ff1000 	C:\WINDOWS\System32\ucrtbase.dll
0x00007ffa81000000 - 0x00007ffa81018000 	C:\Program Files\Java\jdk-17.0.2\bin\jli.dll
0x00007ffa86e40000 - 0x00007ffa86eee000 	C:\WINDOWS\System32\ADVAPI32.dll
0x00007ffa871a0000 - 0x00007ffa87247000 	C:\WINDOWS\System32\msvcrt.dll
0x00007ffa86330000 - 0x00007ffa863d4000 	C:\WINDOWS\System32\sechost.dll
0x00007ffa86750000 - 0x00007ffa86865000 	C:\WINDOWS\System32\RPCRT4.dll
0x00007ffa86c00000 - 0x00007ffa86dab000 	C:\WINDOWS\System32\USER32.dll
0x00007ffa84950000 - 0x00007ffa84976000 	C:\WINDOWS\System32\win32u.dll
0x00007ffa86540000 - 0x00007ffa86569000 	C:\WINDOWS\System32\GDI32.dll
0x00007ffa84dc0000 - 0x00007ffa84ed2000 	C:\WINDOWS\System32\gdi32full.dll
0x00007ffa84d20000 - 0x00007ffa84dba000 	C:\WINDOWS\System32\msvcp_win.dll
0x00007ffa80fe0000 - 0x00007ffa80ffa000 	C:\Program Files\Java\jdk-17.0.2\bin\VCRUNTIME140.dll
0x00007ffa83b60000 - 0x00007ffa83dee000 	C:\WINDOWS\WinSxS\amd64_microsoft.windows.common-controls_6595b64144ccf1df_6.0.22621.1_none_60e502bd9af5bef0\COMCTL32.dll
0x00007ffa7bfd0000 - 0x00007ffa7bfda000 	C:\WINDOWS\SYSTEM32\VERSION.dll
0x00007ffa870b0000 - 0x00007ffa870e1000 	C:\WINDOWS\System32\IMM32.DLL
0x00007ffa7da90000 - 0x00007ffa7da9c000 	C:\Program Files\Java\jdk-17.0.2\bin\vcruntime140_1.dll
0x00007ffa4ecb0000 - 0x00007ffa4ed3d000 	C:\Program Files\Java\jdk-17.0.2\bin\msvcp140.dll
0x00007ffa15d30000 - 0x00007ffa168f1000 	C:\Program Files\Java\jdk-17.0.2\bin\server\jvm.dll
0x00007ffa87250000 - 0x00007ffa87258000 	C:\WINDOWS\System32\PSAPI.DLL
0x00007ffa7f0e0000 - 0x00007ffa7f0e9000 	C:\WINDOWS\SYSTEM32\WSOCK32.dll
0x00007ffa87380000 - 0x00007ffa873f1000 	C:\WINDOWS\System32\WS2_32.dll
0x00007ffa7c4a0000 - 0x00007ffa7c4d4000 	C:\WINDOWS\SYSTEM32\WINMM.dll
0x00007ffa83060000 - 0x00007ffa83078000 	C:\WINDOWS\SYSTEM32\kernel.appcore.dll
0x00007ffa7da80000 - 0x00007ffa7da8a000 	C:\Program Files\Java\jdk-17.0.2\bin\jimage.dll
0x00007ffa84120000 - 0x00007ffa8434e000 	C:\WINDOWS\SYSTEM32\DBGHELP.DLL
0x00007ffa86870000 - 0x00007ffa86bf9000 	C:\WINDOWS\System32\combase.dll
0x00007ffa85f40000 - 0x00007ffa86017000 	C:\WINDOWS\System32\OLEAUT32.dll
0x00007ffa83fc0000 - 0x00007ffa83ff2000 	C:\WINDOWS\SYSTEM32\dbgcore.DLL
0x00007ffa851e0000 - 0x00007ffa8525b000 	C:\WINDOWS\System32\bcryptPrimitives.dll
0x00007ffa7b2d0000 - 0x00007ffa7b2de000 	C:\Program Files\Java\jdk-17.0.2\bin\instrument.dll
0x00007ffa6eaa0000 - 0x00007ffa6eac5000 	C:\Program Files\Java\jdk-17.0.2\bin\java.dll
0x00007ffa4e3b0000 - 0x00007ffa4e486000 	C:\Program Files\Java\jdk-17.0.2\bin\jsvml.dll
0x00007ffa852e0000 - 0x00007ffa85abb000 	C:\WINDOWS\System32\SHELL32.dll
0x00007ffa81f10000 - 0x00007ffa827c4000 	C:\WINDOWS\SYSTEM32\windows.storage.dll
0x00007ffa81dd0000 - 0x00007ffa81f0d000 	C:\WINDOWS\SYSTEM32\wintypes.dll
0x00007ffa86090000 - 0x00007ffa86181000 	C:\WINDOWS\System32\SHCORE.dll
0x00007ffa866f0000 - 0x00007ffa8674e000 	C:\WINDOWS\System32\shlwapi.dll
0x00007ffa847c0000 - 0x00007ffa847e1000 	C:\WINDOWS\SYSTEM32\profapi.dll
0x00007ffa6e850000 - 0x00007ffa6e868000 	C:\Program Files\Java\jdk-17.0.2\bin\zip.dll
0x00007ffa6ea60000 - 0x00007ffa6ea79000 	C:\Program Files\Java\jdk-17.0.2\bin\net.dll
0x00007ffa7bdd0000 - 0x00007ffa7beff000 	C:\WINDOWS\SYSTEM32\WINHTTP.dll
0x00007ffa83680000 - 0x00007ffa836e9000 	C:\WINDOWS\system32\mswsock.dll
0x00007ffa6ea40000 - 0x00007ffa6ea56000 	C:\Program Files\Java\jdk-17.0.2\bin\nio.dll
0x00007ffa519e0000 - 0x00007ffa519fa000 	C:\Program Files\JetBrains\IntelliJ IDEA 2021.3.2\bin\breakgen64.dll
0x00007ffa4e0a0000 - 0x00007ffa4e22f000 	C:\Program Files\Java\jdk-17.0.2\bin\awt.dll
0x00007ffa810b0000 - 0x00007ffa81146000 	C:\WINDOWS\SYSTEM32\apphelp.dll
0x00007ffa819d0000 - 0x00007ffa819fb000 	C:\WINDOWS\system32\DWMAPI.DLL
0x00007ffa81660000 - 0x00007ffa8170b000 	C:\WINDOWS\system32\uxtheme.dll
0x00007ffa6e680000 - 0x00007ffa6e780000 	C:\WINDOWS\system32\opengl32.dll
0x00007ffa73f90000 - 0x00007ffa73fbd000 	C:\WINDOWS\SYSTEM32\GLU32.dll
0x00007ffa81880000 - 0x00007ffa818b6000 	C:\WINDOWS\SYSTEM32\dxcore.dll
0x00007ffa87260000 - 0x00007ffa8737e000 	C:\WINDOWS\System32\MSCTF.dll
0x00007ffa86190000 - 0x00007ffa8632c000 	C:\WINDOWS\System32\ole32.dll
0x00007ffa443c0000 - 0x00007ffa44568000 	C:\WINDOWS\system32\d3d9.dll
0x00007ffa7b7b0000 - 0x00007ffa7b968000 	C:\WINDOWS\System32\DriverStore\FileRepository\u0375529.inf_amd64_f5dbe9a47d69bf14\B374868\aticfx64.dll
0x00007ffa2c500000 - 0x00007ffa2c534000 	C:\WINDOWS\System32\DriverStore\FileRepository\u0375529.inf_amd64_f5dbe9a47d69bf14\B374868\atiu9p64.dll
0x00007ffa29260000 - 0x00007ffa29fb4000 	C:\WINDOWS\System32\DriverStore\FileRepository\u0375529.inf_amd64_f5dbe9a47d69bf14\B374868\atiumd64.dll
0x000000006ac60000 - 0x000000006bad3000 	C:\WINDOWS\System32\DriverStore\FileRepository\u0375529.inf_amd64_f5dbe9a47d69bf14\B374868\atiumd6a.dll
0x00007ffa85ac0000 - 0x00007ffa85f34000 	C:\WINDOWS\System32\SETUPAPI.dll
0x00007ffa84760000 - 0x00007ffa847ad000 	C:\WINDOWS\SYSTEM32\POWRPROF.dll
0x00007ffa84740000 - 0x00007ffa84753000 	C:\WINDOWS\SYSTEM32\UMPDC.dll
0x00007ffa7b680000 - 0x00007ffa7b6b0000 	C:\WINDOWS\SYSTEM32\amdihk64.dll
0x00007ffa7ee00000 - 0x00007ffa7ee48000 	C:\WINDOWS\SYSTEM32\directxdatabasehelper.dll
0x00007ffa4e010000 - 0x00007ffa4e099000 	C:\Program Files\Java\jdk-17.0.2\bin\freetype.dll
0x00007ffa4df60000 - 0x00007ffa4e008000 	C:\Program Files\Java\jdk-17.0.2\bin\fontmanager.dll

dbghelp: loaded successfully - version: 4.0.5 - missing functions: none
symbol engine: initialized successfully - sym options: 0x614 - pdb path: .;C:\Program Files\Java\jdk-17.0.2\bin;C:\WINDOWS\SYSTEM32;C:\WINDOWS\WinSxS\amd64_microsoft.windows.common-controls_6595b64144ccf1df_6.0.22621.1_none_60e502bd9af5bef0;C:\Program Files\Java\jdk-17.0.2\bin\server;C:\Program Files\JetBrains\IntelliJ IDEA 2021.3.2\bin;C:\WINDOWS\System32\DriverStore\FileRepository\u0375529.inf_amd64_f5dbe9a47d69bf14\B374868

VM Arguments:
jvm_args: -javaagent:C:\Program Files\JetBrains\IntelliJ IDEA 2021.3.2\lib\idea_rt.jar=53631:C:\Program Files\JetBrains\IntelliJ IDEA 2021.3.2\bin -Dfile.encoding=UTF-8 
java_command: DSPemilik.LaporanSupplier
java_class_path (initial): C:\Users\RIAN SURYANA\Documents\Kuliah\SEMESTER 2\PRG3\TokoSembako Barokah_KEL06\out\production\TokoSembako;C:\Users\RIAN SURYANA\Documents\Kuliah\SEMESTER 2\PRG3\TokoSembako Barokah_KEL06\src\sqljdbc4.jar;C:\Users\RIAN SURYANA\Documents\Kuliah\SEMESTER 2\PRG3\TokoSembako Barokah_KEL06\src\jcalendar-1.4.jar;C:\Users\RIAN SURYANA\Documents\Kuliah\SEMESTER 2\PRG3\TokoSembako Barokah_KEL06\src\commons-beanutils-1.9.4.jar;C:\Users\RIAN SURYANA\Documents\Kuliah\SEMESTER 2\PRG3\TokoSembako Barokah_KEL06\src\commons-collections4-4.2.jar;C:\Users\RIAN SURYANA\Documents\Kuliah\SEMESTER 2\PRG3\TokoSembako Barokah_KEL06\src\commons-digester-2.1.jar;C:\Users\RIAN SURYANA\Documents\Kuliah\SEMESTER 2\PRG3\TokoSembako Barokah_KEL06\src\commons-lang3-3.4.jar;C:\Users\RIAN SURYANA\Documents\Kuliah\SEMESTER 2\PRG3\TokoSembako Barokah_KEL06\src\commons-logging-1.1.1.jar;C:\Users\RIAN SURYANA\Documents\Kuliah\SEMESTER 2\PRG3\TokoSembako Barokah_KEL06\src\itext-2.1.7.js8.jar;C:\Users\RIAN SURYANA\Documents\Kuliah\SEMESTER 2\PRG3\TokoSembako Barokah_KEL06\src\jasperreports-6.19.1.jar
Launcher Type: SUN_STANDARD

[Global flags]
     intx CICompilerCount                          = 3                                         {product} {ergonomic}
     uint ConcGCThreads                            = 1                                         {product} {ergonomic}
     uint G1ConcRefinementThreads                  = 4                                         {product} {ergonomic}
   size_t G1HeapRegionSize                         = 1048576                                   {product} {ergonomic}
    uintx GCDrainStackTargetSize                   = 64                                        {product} {ergonomic}
   size_t InitialHeapSize                          = 100663296                                 {product} {ergonomic}
   size_t MarkStackSize                            = 4194304                                   {product} {ergonomic}
   size_t MaxHeapSize                              = 1589641216                                {product} {ergonomic}
   size_t MaxNewSize                               = 953155584                                 {product} {ergonomic}
   size_t MinHeapDeltaBytes                        = 1048576                                   {product} {ergonomic}
   size_t MinHeapSize                              = 8388608                                   {product} {ergonomic}
    uintx NonNMethodCodeHeapSize                   = 5832780                                {pd product} {ergonomic}
    uintx NonProfiledCodeHeapSize                  = 122912730                              {pd product} {ergonomic}
    uintx ProfiledCodeHeapSize                     = 122912730                              {pd product} {ergonomic}
    uintx ReservedCodeCacheSize                    = 251658240                              {pd product} {ergonomic}
     bool SegmentedCodeCache                       = true                                      {product} {ergonomic}
   size_t SoftMaxHeapSize                          = 1589641216                             {manageable} {ergonomic}
     bool UseCompressedClassPointers               = true                           {product lp64_product} {ergonomic}
     bool UseCompressedOops                        = true                           {product lp64_product} {ergonomic}
     bool UseG1GC                                  = true                                      {product} {ergonomic}
     bool UseLargePagesIndividualAllocation        = false                                  {pd product} {ergonomic}

Logging:
Log output configuration:
 #0: stdout all=warning uptime,level,tags
 #1: stderr all=off uptime,level,tags

Environment Variables:
PATH=C:\Program Files (x86)\VMware\VMware Workstation\bin\;C:\Program Files\Common Files\Oracle\Java\javapath;C:\WINDOWS\system32;C:\WINDOWS;C:\WINDOWS\System32\Wbem;C:\WINDOWS\System32\WindowsPowerShell\v1.0\;C:\WINDOWS\System32\OpenSSH\;C:\Program Files\dotnet\;C:\Program Files\Microsoft SQL Server\Client SDK\ODBC\170\Tools\Binn\;C:\Program Files (x86)\Microsoft SQL Server\150\Tools\Binn\;C:\Program Files\Microsoft SQL Server\150\Tools\Binn\;C:\Program Files\Microsoft SQL Server\150\DTS\Binn\;C:\Program Files (x86)\Microsoft SQL Server\150\DTS\Binn\;C:\Program Files\Azure Data Studio\bin;C:\Program Files (x86)\Dev-Cpp\MinGW64\bin;C:\Program Files\Microsoft SQL Server\130\Tools\Binn\;C:\Users\RIAN SURYANA\AppData\Local\Microsoft\WindowsApps;C:\Users\RIAN SURYANA\.dotnet\tools;C:\Program Files\Azure Data Studio\bin;C:\Users\RIAN SURYANA\AppData\Local\Programs\Microsoft VS Code\bin;;C:\Program Files\JetBrains\IntelliJ IDEA Community Edition 2021.3.2\bin;;C:\Program Files\JetBrains\IntelliJ IDEA 2021.3.2\bin;
USERNAME=RIAN SURYANA
OS=Windows_NT
PROCESSOR_IDENTIFIER=AMD64 Family 23 Model 24 Stepping 1, AuthenticAMD



---------------  S Y S T E M  ---------------

OS:
 Windows 11 , 64 bit Build 22621 (10.0.22621.1)
OS uptime: 0 days 7:30 hours

CPU: total 4 (initial active 4) (4 cores per cpu, 2 threads per core) family 23 model 24 stepping 1 microcode 0x0, cx8, cmov, fxsr, ht, mmx, 3dnowpref, sse, sse2, sse3, ssse3, sse4a, sse4.1, sse4.2, popcnt, lzcnt, tsc, tscinvbit, avx, avx2, aes, clmul, bmi1, bmi2, adx, sha, fma, vzeroupper, clflush, clflushopt

Memory: 4k page, system-wide physical 6059M (378M free)
TotalPageFile size 10059M (AvailPageFile size 5M)
current process WorkingSet (physical memory assigned to process): 78M, peak: 78M
current process commit charge ("private bytes"): 202M, peak: 202M

vm_info: Java HotSpot(TM) 64-Bit Server VM (17.0.2+8-LTS-86) for windows-amd64 JRE (17.0.2+8-LTS-86), built on Dec  7 2021 21:51:03 by "mach5one" with MS VC++ 16.8 / 16.9 (VS2019)

END.
