#
# There is insufficient memory for the Java Runtime Environment to continue.
# Native memory allocation (mmap) failed to map 65536 bytes for Failed to commit metaspace.
# Possible reasons:
#   The system is out of physical RAM or swap space
#   The process is running with CompressedOops enabled, and the Java Heap may be blocking the growth of the native heap
# Possible solutions:
#   Reduce memory load on the system
#   Increase physical memory or swap space
#   Check if swap backing store is full
#   Decrease Java heap size (-Xmx/-Xms)
#   Decrease number of Java threads
#   Decrease Java thread stack sizes (-Xss)
#   Set larger code cache with -XX:ReservedCodeCacheSize=
#   JVM is running with Unscaled Compressed Oops mode in which the Java heap is
#     placed in the first 4GB address space. The Java Heap base address is the
#     maximum limit for the native heap growth. Please use -XX:HeapBaseMinAddress
#     to set the Java Heap base and to place the Java Heap above 4GB virtual address.
# This output file may be truncated or incomplete.
#
#  Out of Memory Error (virtualSpaceNode.cpp:110), pid=13440, tid=9668
#
# JRE version: Java(TM) SE Runtime Environment (17.0.2+8) (build 17.0.2+8-LTS-86)
# Java VM: Java HotSpot(TM) 64-Bit Server VM (17.0.2+8-LTS-86, mixed mode, sharing, tiered, compressed oops, compressed class ptrs, g1 gc, windows-amd64)
# No core dump will be written. Minidumps are not enabled by default on client versions of Windows
#

---------------  S U M M A R Y ------------

Command Line: -agentlib:jdwp=transport=dt_socket,address=127.0.0.1:63294,suspend=y,server=n -javaagent:C:\Users\RIANSU~1\AppData\Local\Temp\captureAgentjars\debugger-agent.jar -Dfile.encoding=UTF-8 DSPemilik.LaporanSupplier

Host: AMD Ryzen 3 3250U with Radeon Graphics         , 4 cores, 5G,  Windows 11 , 64 bit Build 22621 (10.0.22621.1)
Time: Tue Jul 19 12:48:35 2022 SE Asia Standard Time elapsed time: 2.625926 seconds (0d 0h 0m 2s)

---------------  T H R E A D  ---------------

Current thread (0x000001d2081c3a50):  JavaThread "main" [_thread_in_vm, id=9668, stack(0x000000c8e6500000,0x000000c8e6600000)]

Stack: [0x000000c8e6500000,0x000000c8e6600000]
Native frames: (J=compiled Java code, j=interpreted, Vv=VM code, C=native code)
V  [jvm.dll+0x670baa]
V  [jvm.dll+0x7cfcb4]
V  [jvm.dll+0x7d145e]
V  [jvm.dll+0x7d1ac3]
V  [jvm.dll+0x242bc5]
V  [jvm.dll+0x7cbc5b]
V  [jvm.dll+0x616966]
V  [jvm.dll+0x6169ca]
V  [jvm.dll+0x6191da]
V  [jvm.dll+0x617306]
V  [jvm.dll+0x2385a0]
V  [jvm.dll+0x1e880d]
V  [jvm.dll+0x1de251]
V  [jvm.dll+0x537c30]
V  [jvm.dll+0x1eea37]
V  [jvm.dll+0x74a15b]
V  [jvm.dll+0x74b502]
V  [jvm.dll+0x74b838]
V  [jvm.dll+0x23af1e]
V  [jvm.dll+0x37b2fe]
C  0x000001d21120780d

Java frames: (J=compiled Java code, j=interpreted, Vv=VM code)
j  javax.swing.plaf.metal.MetalLookAndFeel.initComponentDefaults(Ljavax/swing/UIDefaults;)V+12181 java.desktop@17.0.2
j  javax.swing.plaf.basic.BasicLookAndFeel.getDefaults()Ljavax/swing/UIDefaults;+25 java.desktop@17.0.2
j  javax.swing.plaf.metal.MetalLookAndFeel.getDefaults()Ljavax/swing/UIDefaults;+9 java.desktop@17.0.2
j  javax.swing.UIManager.setLookAndFeel(Ljavax/swing/LookAndFeel;)V+66 java.desktop@17.0.2
j  javax.swing.UIManager.setLookAndFeel(Ljava/lang/String;)V+16 java.desktop@17.0.2
j  javax.swing.UIManager.initializeDefaultLAF(Ljava/util/Properties;)V+58 java.desktop@17.0.2
j  javax.swing.UIManager.initialize()V+9 java.desktop@17.0.2
j  javax.swing.UIManager.maybeInitialize()V+22 java.desktop@17.0.2
j  javax.swing.UIManager.getUI(Ljavax/swing/JComponent;)Ljavax/swing/plaf/ComponentUI;+0 java.desktop@17.0.2
j  javax.swing.JPanel.updateUI()V+2 java.desktop@17.0.2
j  javax.swing.JPanel.<init>(Ljava/awt/LayoutManager;Z)V+24 java.desktop@17.0.2
j  javax.swing.JPanel.<init>(Z)V+9 java.desktop@17.0.2
j  javax.swing.JPanel.<init>()V+2 java.desktop@17.0.2
j  javax.swing.JRootPane.createGlassPane()Ljava/awt/Component;+4 java.desktop@17.0.2
j  javax.swing.JRootPane.<init>()V+11 java.desktop@17.0.2
j  javax.swing.JFrame.createRootPane()Ljavax/swing/JRootPane;+4 java.desktop@17.0.2
j  javax.swing.JFrame.frameInit()V+16 java.desktop@17.0.2
j  javax.swing.JFrame.<init>(Ljava/lang/String;)V+21 java.desktop@17.0.2
j  DSPemilik.LaporanSupplier.main([Ljava/lang/String;)V+6
v  ~StubRoutines::call_stub

---------------  P R O C E S S  ---------------

Threads class SMR info:
_java_thread_list=0x000001d22733dfa0, length=18, elements={
0x000001d2081c3a50, 0x000001d2266135b0, 0x000001d226614070, 0x000001d226624d20,
0x000001d2266296f0, 0x000001d22662a0a0, 0x000001d22662aa50, 0x000001d22662b730,
0x000001d22662c1d0, 0x000001d226692a90, 0x000001d2266c41b0, 0x000001d22705acf0,
0x000001d227073b30, 0x000001d227076030, 0x000001d22707d360, 0x000001d22737d300,
0x000001d22737df60, 0x000001d227389fc0
}

Java Threads: ( => current thread )
=>0x000001d2081c3a50 JavaThread "main" [_thread_in_vm, id=9668, stack(0x000000c8e6500000,0x000000c8e6600000)]
  0x000001d2266135b0 JavaThread "Reference Handler" daemon [_thread_blocked, id=13320, stack(0x000000c8e6c00000,0x000000c8e6d00000)]
  0x000001d226614070 JavaThread "Finalizer" daemon [_thread_blocked, id=13916, stack(0x000000c8e6d00000,0x000000c8e6e00000)]
  0x000001d226624d20 JavaThread "Signal Dispatcher" daemon [_thread_blocked, id=7856, stack(0x000000c8e6e00000,0x000000c8e6f00000)]
  0x000001d2266296f0 JavaThread "Attach Listener" daemon [_thread_blocked, id=10560, stack(0x000000c8e6f00000,0x000000c8e7000000)]
  0x000001d22662a0a0 JavaThread "Service Thread" daemon [_thread_blocked, id=2480, stack(0x000000c8e7000000,0x000000c8e7100000)]
  0x000001d22662aa50 JavaThread "Monitor Deflation Thread" daemon [_thread_blocked, id=4352, stack(0x000000c8e7100000,0x000000c8e7200000)]
  0x000001d22662b730 JavaThread "C2 CompilerThread0" daemon [_thread_blocked, id=2184, stack(0x000000c8e7200000,0x000000c8e7300000)]
  0x000001d22662c1d0 JavaThread "C1 CompilerThread0" daemon [_thread_blocked, id=5116, stack(0x000000c8e7300000,0x000000c8e7400000)]
  0x000001d226692a90 JavaThread "Sweeper thread" daemon [_thread_blocked, id=15028, stack(0x000000c8e7400000,0x000000c8e7500000)]
  0x000001d2266c41b0 JavaThread "Common-Cleaner" daemon [_thread_blocked, id=15816, stack(0x000000c8e7500000,0x000000c8e7600000)]
  0x000001d22705acf0 JavaThread "JDWP Transport Listener: dt_socket" daemon [_thread_blocked, id=7844, stack(0x000000c8e7600000,0x000000c8e7700000)]
  0x000001d227073b30 JavaThread "JDWP Event Helper Thread" daemon [_thread_blocked, id=6360, stack(0x000000c8e7700000,0x000000c8e7800000)]
  0x000001d227076030 JavaThread "JDWP Command Reader" daemon [_thread_in_native, id=4180, stack(0x000000c8e7800000,0x000000c8e7900000)]
  0x000001d22707d360 JavaThread "Notification Thread" daemon [_thread_blocked, id=11988, stack(0x000000c8e7900000,0x000000c8e7a00000)]
  0x000001d22737d300 JavaThread "Java2D Disposer" daemon [_thread_blocked, id=5016, stack(0x000000c8e7b00000,0x000000c8e7c00000)]
  0x000001d22737df60 JavaThread "AWT-Shutdown" [_thread_blocked, id=13580, stack(0x000000c8e7c00000,0x000000c8e7d00000)]
  0x000001d227389fc0 JavaThread "AWT-Windows" daemon [_thread_in_native, id=10588, stack(0x000000c8e7d00000,0x000000c8e7e00000)]

Other Threads:
  0x000001d20828cf60 VMThread "VM Thread" [stack: 0x000000c8e6b00000,0x000000c8e6c00000] [id=13080]
  0x000001d227087950 WatcherThread [stack: 0x000000c8e7a00000,0x000000c8e7b00000] [id=10928]
  0x000001d2081f5ba0 GCTaskThread "GC Thread#0" [stack: 0x000000c8e6600000,0x000000c8e6700000] [id=13436]
  0x000001d208202760 ConcurrentGCThread "G1 Main Marker" [stack: 0x000000c8e6700000,0x000000c8e6800000] [id=15804]
  0x000001d208203080 ConcurrentGCThread "G1 Conc#0" [stack: 0x000000c8e6800000,0x000000c8e6900000] [id=7264]
  0x000001d208264150 ConcurrentGCThread "G1 Refine#0" [stack: 0x000000c8e6900000,0x000000c8e6a00000] [id=10824]
  0x000001d208265b80 ConcurrentGCThread "G1 Service" [stack: 0x000000c8e6a00000,0x000000c8e6b00000] [id=2132]

Threads with active compile tasks:

VM state: not at safepoint (normal execution)

VM Mutex/Monitor currently owned by a thread:  ([mutex/lock_event])
[0x000001d2081bf0a0] Metaspace_lock - owner thread: 0x000001d2081c3a50

Heap address: 0x00000000a1400000, size: 1516 MB, Compressed Oops mode: 32-bit

CDS archive(s) mapped at: [0x0000000800000000-0x0000000800bc0000-0x0000000800bc0000), size 12320768, SharedBaseAddress: 0x0000000800000000, ArchiveRelocationMode: 0.
Compressed class space mapped at: 0x0000000800c00000-0x0000000840c00000, reserved size: 1073741824
Narrow klass base: 0x0000000800000000, Narrow klass shift: 0, Narrow klass range: 0x100000000

GC Precious Log:
 CPUs: 4 total, 4 available
 Memory: 6059M
 Large Page Support: Disabled
 NUMA Support: Disabled
 Compressed Oops: Enabled (32-bit)
 Heap Region Size: 1M
 Heap Min Capacity: 8M
 Heap Initial Capacity: 96M
 Heap Max Capacity: 1516M
 Pre-touch: Disabled
 Parallel Workers: 4
 Concurrent Workers: 1
 Concurrent Refinement Workers: 4
 Periodic GC: Disabled

Heap:
 garbage-first heap   total 98304K, used 8192K [0x00000000a1400000, 0x0000000100000000)
  region size 1024K, 9 young (9216K), 0 survivors (0K)
 Metaspace       used 4019K, committed 4160K, reserved 1056768K
  class space    used 425K, committed 512K, reserved 1048576K

Heap Regions: E=young(eden), S=young(survivor), O=old, HS=humongous(starts), HC=humongous(continues), CS=collection set, F=free, OA=open archive, CA=closed archive, TAMS=top-at-mark-start (previous, next)
|   0|0x00000000a1400000, 0x00000000a1400000, 0x00000000a1500000|  0%| F|  |TAMS 0x00000000a1400000, 0x00000000a1400000| Untracked 
|   1|0x00000000a1500000, 0x00000000a1500000, 0x00000000a1600000|  0%| F|  |TAMS 0x00000000a1500000, 0x00000000a1500000| Untracked 
|   2|0x00000000a1600000, 0x00000000a1600000, 0x00000000a1700000|  0%| F|  |TAMS 0x00000000a1600000, 0x00000000a1600000| Untracked 
|   3|0x00000000a1700000, 0x00000000a1700000, 0x00000000a1800000|  0%| F|  |TAMS 0x00000000a1700000, 0x00000000a1700000| Untracked 
|   4|0x00000000a1800000, 0x00000000a1800000, 0x00000000a1900000|  0%| F|  |TAMS 0x00000000a1800000, 0x00000000a1800000| Untracked 
|   5|0x00000000a1900000, 0x00000000a1900000, 0x00000000a1a00000|  0%| F|  |TAMS 0x00000000a1900000, 0x00000000a1900000| Untracked 
|   6|0x00000000a1a00000, 0x00000000a1a00000, 0x00000000a1b00000|  0%| F|  |TAMS 0x00000000a1a00000, 0x00000000a1a00000| Untracked 
|   7|0x00000000a1b00000, 0x00000000a1b00000, 0x00000000a1c00000|  0%| F|  |TAMS 0x00000000a1b00000, 0x00000000a1b00000| Untracked 
|   8|0x00000000a1c00000, 0x00000000a1c00000, 0x00000000a1d00000|  0%| F|  |TAMS 0x00000000a1c00000, 0x00000000a1c00000| Untracked 
|   9|0x00000000a1d00000, 0x00000000a1d00000, 0x00000000a1e00000|  0%| F|  |TAMS 0x00000000a1d00000, 0x00000000a1d00000| Untracked 
|  10|0x00000000a1e00000, 0x00000000a1e00000, 0x00000000a1f00000|  0%| F|  |TAMS 0x00000000a1e00000, 0x00000000a1e00000| Untracked 
|  11|0x00000000a1f00000, 0x00000000a1f00000, 0x00000000a2000000|  0%| F|  |TAMS 0x00000000a1f00000, 0x00000000a1f00000| Untracked 
|  12|0x00000000a2000000, 0x00000000a2000000, 0x00000000a2100000|  0%| F|  |TAMS 0x00000000a2000000, 0x00000000a2000000| Untracked 
|  13|0x00000000a2100000, 0x00000000a2100000, 0x00000000a2200000|  0%| F|  |TAMS 0x00000000a2100000, 0x00000000a2100000| Untracked 
|  14|0x00000000a2200000, 0x00000000a2200000, 0x00000000a2300000|  0%| F|  |TAMS 0x00000000a2200000, 0x00000000a2200000| Untracked 
|  15|0x00000000a2300000, 0x00000000a2300000, 0x00000000a2400000|  0%| F|  |TAMS 0x00000000a2300000, 0x00000000a2300000| Untracked 
|  16|0x00000000a2400000, 0x00000000a2400000, 0x00000000a2500000|  0%| F|  |TAMS 0x00000000a2400000, 0x00000000a2400000| Untracked 
|  17|0x00000000a2500000, 0x00000000a2500000, 0x00000000a2600000|  0%| F|  |TAMS 0x00000000a2500000, 0x00000000a2500000| Untracked 
|  18|0x00000000a2600000, 0x00000000a2600000, 0x00000000a2700000|  0%| F|  |TAMS 0x00000000a2600000, 0x00000000a2600000| Untracked 
|  19|0x00000000a2700000, 0x00000000a2700000, 0x00000000a2800000|  0%| F|  |TAMS 0x00000000a2700000, 0x00000000a2700000| Untracked 
|  20|0x00000000a2800000, 0x00000000a2800000, 0x00000000a2900000|  0%| F|  |TAMS 0x00000000a2800000, 0x00000000a2800000| Untracked 
|  21|0x00000000a2900000, 0x00000000a2900000, 0x00000000a2a00000|  0%| F|  |TAMS 0x00000000a2900000, 0x00000000a2900000| Untracked 
|  22|0x00000000a2a00000, 0x00000000a2a00000, 0x00000000a2b00000|  0%| F|  |TAMS 0x00000000a2a00000, 0x00000000a2a00000| Untracked 
|  23|0x00000000a2b00000, 0x00000000a2b00000, 0x00000000a2c00000|  0%| F|  |TAMS 0x00000000a2b00000, 0x00000000a2b00000| Untracked 
|  24|0x00000000a2c00000, 0x00000000a2c00000, 0x00000000a2d00000|  0%| F|  |TAMS 0x00000000a2c00000, 0x00000000a2c00000| Untracked 
|  25|0x00000000a2d00000, 0x00000000a2d00000, 0x00000000a2e00000|  0%| F|  |TAMS 0x00000000a2d00000, 0x00000000a2d00000| Untracked 
|  26|0x00000000a2e00000, 0x00000000a2e00000, 0x00000000a2f00000|  0%| F|  |TAMS 0x00000000a2e00000, 0x00000000a2e00000| Untracked 
|  27|0x00000000a2f00000, 0x00000000a2f00000, 0x00000000a3000000|  0%| F|  |TAMS 0x00000000a2f00000, 0x00000000a2f00000| Untracked 
|  28|0x00000000a3000000, 0x00000000a3000000, 0x00000000a3100000|  0%| F|  |TAMS 0x00000000a3000000, 0x00000000a3000000| Untracked 
|  29|0x00000000a3100000, 0x00000000a3100000, 0x00000000a3200000|  0%| F|  |TAMS 0x00000000a3100000, 0x00000000a3100000| Untracked 
|  30|0x00000000a3200000, 0x00000000a3200000, 0x00000000a3300000|  0%| F|  |TAMS 0x00000000a3200000, 0x00000000a3200000| Untracked 
|  31|0x00000000a3300000, 0x00000000a3300000, 0x00000000a3400000|  0%| F|  |TAMS 0x00000000a3300000, 0x00000000a3300000| Untracked 
|  32|0x00000000a3400000, 0x00000000a3400000, 0x00000000a3500000|  0%| F|  |TAMS 0x00000000a3400000, 0x00000000a3400000| Untracked 
|  33|0x00000000a3500000, 0x00000000a3500000, 0x00000000a3600000|  0%| F|  |TAMS 0x00000000a3500000, 0x00000000a3500000| Untracked 
|  34|0x00000000a3600000, 0x00000000a3600000, 0x00000000a3700000|  0%| F|  |TAMS 0x00000000a3600000, 0x00000000a3600000| Untracked 
|  35|0x00000000a3700000, 0x00000000a3700000, 0x00000000a3800000|  0%| F|  |TAMS 0x00000000a3700000, 0x00000000a3700000| Untracked 
|  36|0x00000000a3800000, 0x00000000a3800000, 0x00000000a3900000|  0%| F|  |TAMS 0x00000000a3800000, 0x00000000a3800000| Untracked 
|  37|0x00000000a3900000, 0x00000000a3900000, 0x00000000a3a00000|  0%| F|  |TAMS 0x00000000a3900000, 0x00000000a3900000| Untracked 
|  38|0x00000000a3a00000, 0x00000000a3a00000, 0x00000000a3b00000|  0%| F|  |TAMS 0x00000000a3a00000, 0x00000000a3a00000| Untracked 
|  39|0x00000000a3b00000, 0x00000000a3b00000, 0x00000000a3c00000|  0%| F|  |TAMS 0x00000000a3b00000, 0x00000000a3b00000| Untracked 
|  40|0x00000000a3c00000, 0x00000000a3c00000, 0x00000000a3d00000|  0%| F|  |TAMS 0x00000000a3c00000, 0x00000000a3c00000| Untracked 
|  41|0x00000000a3d00000, 0x00000000a3d00000, 0x00000000a3e00000|  0%| F|  |TAMS 0x00000000a3d00000, 0x00000000a3d00000| Untracked 
|  42|0x00000000a3e00000, 0x00000000a3e00000, 0x00000000a3f00000|  0%| F|  |TAMS 0x00000000a3e00000, 0x00000000a3e00000| Untracked 
|  43|0x00000000a3f00000, 0x00000000a3f00000, 0x00000000a4000000|  0%| F|  |TAMS 0x00000000a3f00000, 0x00000000a3f00000| Untracked 
|  44|0x00000000a4000000, 0x00000000a4000000, 0x00000000a4100000|  0%| F|  |TAMS 0x00000000a4000000, 0x00000000a4000000| Untracked 
|  45|0x00000000a4100000, 0x00000000a4100000, 0x00000000a4200000|  0%| F|  |TAMS 0x00000000a4100000, 0x00000000a4100000| Untracked 
|  46|0x00000000a4200000, 0x00000000a4200000, 0x00000000a4300000|  0%| F|  |TAMS 0x00000000a4200000, 0x00000000a4200000| Untracked 
|  47|0x00000000a4300000, 0x00000000a4300000, 0x00000000a4400000|  0%| F|  |TAMS 0x00000000a4300000, 0x00000000a4300000| Untracked 
|  48|0x00000000a4400000, 0x00000000a4400000, 0x00000000a4500000|  0%| F|  |TAMS 0x00000000a4400000, 0x00000000a4400000| Untracked 
|  49|0x00000000a4500000, 0x00000000a4500000, 0x00000000a4600000|  0%| F|  |TAMS 0x00000000a4500000, 0x00000000a4500000| Untracked 
|  50|0x00000000a4600000, 0x00000000a4600000, 0x00000000a4700000|  0%| F|  |TAMS 0x00000000a4600000, 0x00000000a4600000| Untracked 
|  51|0x00000000a4700000, 0x00000000a4700000, 0x00000000a4800000|  0%| F|  |TAMS 0x00000000a4700000, 0x00000000a4700000| Untracked 
|  52|0x00000000a4800000, 0x00000000a4800000, 0x00000000a4900000|  0%| F|  |TAMS 0x00000000a4800000, 0x00000000a4800000| Untracked 
|  53|0x00000000a4900000, 0x00000000a4900000, 0x00000000a4a00000|  0%| F|  |TAMS 0x00000000a4900000, 0x00000000a4900000| Untracked 
|  54|0x00000000a4a00000, 0x00000000a4a00000, 0x00000000a4b00000|  0%| F|  |TAMS 0x00000000a4a00000, 0x00000000a4a00000| Untracked 
|  55|0x00000000a4b00000, 0x00000000a4b00000, 0x00000000a4c00000|  0%| F|  |TAMS 0x00000000a4b00000, 0x00000000a4b00000| Untracked 
|  56|0x00000000a4c00000, 0x00000000a4c00000, 0x00000000a4d00000|  0%| F|  |TAMS 0x00000000a4c00000, 0x00000000a4c00000| Untracked 
|  57|0x00000000a4d00000, 0x00000000a4d00000, 0x00000000a4e00000|  0%| F|  |TAMS 0x00000000a4d00000, 0x00000000a4d00000| Untracked 
|  58|0x00000000a4e00000, 0x00000000a4e00000, 0x00000000a4f00000|  0%| F|  |TAMS 0x00000000a4e00000, 0x00000000a4e00000| Untracked 
|  59|0x00000000a4f00000, 0x00000000a4f00000, 0x00000000a5000000|  0%| F|  |TAMS 0x00000000a4f00000, 0x00000000a4f00000| Untracked 
|  60|0x00000000a5000000, 0x00000000a5000000, 0x00000000a5100000|  0%| F|  |TAMS 0x00000000a5000000, 0x00000000a5000000| Untracked 
|  61|0x00000000a5100000, 0x00000000a5100000, 0x00000000a5200000|  0%| F|  |TAMS 0x00000000a5100000, 0x00000000a5100000| Untracked 
|  62|0x00000000a5200000, 0x00000000a5200000, 0x00000000a5300000|  0%| F|  |TAMS 0x00000000a5200000, 0x00000000a5200000| Untracked 
|  63|0x00000000a5300000, 0x00000000a5300000, 0x00000000a5400000|  0%| F|  |TAMS 0x00000000a5300000, 0x00000000a5300000| Untracked 
|  64|0x00000000a5400000, 0x00000000a5400000, 0x00000000a5500000|  0%| F|  |TAMS 0x00000000a5400000, 0x00000000a5400000| Untracked 
|  65|0x00000000a5500000, 0x00000000a5500000, 0x00000000a5600000|  0%| F|  |TAMS 0x00000000a5500000, 0x00000000a5500000| Untracked 
|  66|0x00000000a5600000, 0x00000000a5600000, 0x00000000a5700000|  0%| F|  |TAMS 0x00000000a5600000, 0x00000000a5600000| Untracked 
|  67|0x00000000a5700000, 0x00000000a5700000, 0x00000000a5800000|  0%| F|  |TAMS 0x00000000a5700000, 0x00000000a5700000| Untracked 
|  68|0x00000000a5800000, 0x00000000a5800000, 0x00000000a5900000|  0%| F|  |TAMS 0x00000000a5800000, 0x00000000a5800000| Untracked 
|  69|0x00000000a5900000, 0x00000000a5900000, 0x00000000a5a00000|  0%| F|  |TAMS 0x00000000a5900000, 0x00000000a5900000| Untracked 
|  70|0x00000000a5a00000, 0x00000000a5a00000, 0x00000000a5b00000|  0%| F|  |TAMS 0x00000000a5a00000, 0x00000000a5a00000| Untracked 
|  71|0x00000000a5b00000, 0x00000000a5b00000, 0x00000000a5c00000|  0%| F|  |TAMS 0x00000000a5b00000, 0x00000000a5b00000| Untracked 
|  72|0x00000000a5c00000, 0x00000000a5c00000, 0x00000000a5d00000|  0%| F|  |TAMS 0x00000000a5c00000, 0x00000000a5c00000| Untracked 
|  73|0x00000000a5d00000, 0x00000000a5d00000, 0x00000000a5e00000|  0%| F|  |TAMS 0x00000000a5d00000, 0x00000000a5d00000| Untracked 
|  74|0x00000000a5e00000, 0x00000000a5e00000, 0x00000000a5f00000|  0%| F|  |TAMS 0x00000000a5e00000, 0x00000000a5e00000| Untracked 
|  75|0x00000000a5f00000, 0x00000000a5f00000, 0x00000000a6000000|  0%| F|  |TAMS 0x00000000a5f00000, 0x00000000a5f00000| Untracked 
|  76|0x00000000a6000000, 0x00000000a6000000, 0x00000000a6100000|  0%| F|  |TAMS 0x00000000a6000000, 0x00000000a6000000| Untracked 
|  77|0x00000000a6100000, 0x00000000a6100000, 0x00000000a6200000|  0%| F|  |TAMS 0x00000000a6100000, 0x00000000a6100000| Untracked 
|  78|0x00000000a6200000, 0x00000000a6200000, 0x00000000a6300000|  0%| F|  |TAMS 0x00000000a6200000, 0x00000000a6200000| Untracked 
|  79|0x00000000a6300000, 0x00000000a6300000, 0x00000000a6400000|  0%| F|  |TAMS 0x00000000a6300000, 0x00000000a6300000| Untracked 
|  80|0x00000000a6400000, 0x00000000a6400000, 0x00000000a6500000|  0%| F|  |TAMS 0x00000000a6400000, 0x00000000a6400000| Untracked 
|  81|0x00000000a6500000, 0x00000000a6500000, 0x00000000a6600000|  0%| F|  |TAMS 0x00000000a6500000, 0x00000000a6500000| Untracked 
|  82|0x00000000a6600000, 0x00000000a6600000, 0x00000000a6700000|  0%| F|  |TAMS 0x00000000a6600000, 0x00000000a6600000| Untracked 
|  83|0x00000000a6700000, 0x00000000a6700000, 0x00000000a6800000|  0%| F|  |TAMS 0x00000000a6700000, 0x00000000a6700000| Untracked 
|  84|0x00000000a6800000, 0x00000000a6800000, 0x00000000a6900000|  0%| F|  |TAMS 0x00000000a6800000, 0x00000000a6800000| Untracked 
|  85|0x00000000a6900000, 0x00000000a6900000, 0x00000000a6a00000|  0%| F|  |TAMS 0x00000000a6900000, 0x00000000a6900000| Untracked 
|  86|0x00000000a6a00000, 0x00000000a6a00000, 0x00000000a6b00000|  0%| F|  |TAMS 0x00000000a6a00000, 0x00000000a6a00000| Untracked 
|  87|0x00000000a6b00000, 0x00000000a6bc84e0, 0x00000000a6c00000| 78%| E|  |TAMS 0x00000000a6b00000, 0x00000000a6b00000| Complete 
|  88|0x00000000a6c00000, 0x00000000a6d00000, 0x00000000a6d00000|100%| E|CS|TAMS 0x00000000a6c00000, 0x00000000a6c00000| Complete 
|  89|0x00000000a6d00000, 0x00000000a6e00000, 0x00000000a6e00000|100%| E|CS|TAMS 0x00000000a6d00000, 0x00000000a6d00000| Complete 
|  90|0x00000000a6e00000, 0x00000000a6f00000, 0x00000000a6f00000|100%| E|CS|TAMS 0x00000000a6e00000, 0x00000000a6e00000| Complete 
|  91|0x00000000a6f00000, 0x00000000a7000000, 0x00000000a7000000|100%| E|CS|TAMS 0x00000000a6f00000, 0x00000000a6f00000| Complete 
|  92|0x00000000a7000000, 0x00000000a7100000, 0x00000000a7100000|100%| E|CS|TAMS 0x00000000a7000000, 0x00000000a7000000| Complete 
|  93|0x00000000a7100000, 0x00000000a7200000, 0x00000000a7200000|100%| E|CS|TAMS 0x00000000a7100000, 0x00000000a7100000| Complete 
|  94|0x00000000a7200000, 0x00000000a7300000, 0x00000000a7300000|100%| E|CS|TAMS 0x00000000a7200000, 0x00000000a7200000| Complete 
|  95|0x00000000a7300000, 0x00000000a7400000, 0x00000000a7400000|100%| E|CS|TAMS 0x00000000a7300000, 0x00000000a7300000| Complete 

Card table byte_map: [0x000001d220b10000,0x000001d220e10000] _byte_map_base: 0x000001d220606000

Marking Bits (Prev, Next): (CMBitMap*) 0x000001d2081f60b0, (CMBitMap*) 0x000001d2081f60f0
 Prev Bits: [0x000001d221110000, 0x000001d2228c0000)
 Next Bits: [0x000001d2228c0000, 0x000001d224070000)

Polling page: 0x000001d2111c0000

Metaspace:

Usage:
  Non-class:      3.51 MB used.
      Class:    425.45 KB used.
       Both:      3.93 MB used.

Virtual space:
  Non-class space:        8.00 MB reserved,       3.56 MB ( 45%) committed,  1 nodes.
      Class space:        1.00 GB reserved,     512.00 KB ( <1%) committed,  1 nodes.
             Both:        1.01 GB reserved,       4.06 MB ( <1%) committed. 

Chunk freelists:
   Non-Class:  3.90 MB
       Class:  3.51 MB
        Both:  7.41 MB

MaxMetaspaceSize: unlimited
CompressedClassSpaceSize: 1.00 GB
Initial GC threshold: 21.00 MB
Current GC threshold: 21.00 MB
CDS: on
MetaspaceReclaimPolicy: balanced
 - commit_granule_bytes: 65536.
 - commit_granule_words: 8192.
 - virtual_space_node_default_size: 1048576.
 - enlarge_chunks_in_place: 1.
 - new_chunks_are_fully_committed: 0.
 - uncommit_free_chunks: 1.
 - use_allocation_guard: 0.
 - handle_deallocations: 1.


Internal statistics:

num_allocs_failed_limit: 0.
num_arena_births: 86.
num_arena_deaths: 0.
num_vsnodes_births: 2.
num_vsnodes_deaths: 0.
num_space_committed: 65.
num_space_uncommitted: 0.
num_chunks_returned_to_freelist: 0.
num_chunks_taken_from_freelist: 102.
num_chunk_merges: 0.
num_chunk_splits: 65.
num_chunks_enlarged: 33.
num_purges: 0.
num_inconsistent_stats: 0.

CodeHeap 'non-profiled nmethods': size=120000Kb used=152Kb max_used=152Kb free=119848Kb
 bounds [0x000001d218cb0000, 0x000001d218f20000, 0x000001d2201e0000]
CodeHeap 'profiled nmethods': size=120000Kb used=715Kb max_used=715Kb free=119284Kb
 bounds [0x000001d211780000, 0x000001d2119f0000, 0x000001d218cb0000]
CodeHeap 'non-nmethods': size=5760Kb used=1246Kb max_used=1260Kb free=4513Kb
 bounds [0x000001d2111e0000, 0x000001d211450000, 0x000001d211780000]
 total_blobs=985 nmethods=506 adapters=392
 compilation: enabled
              stopped_count=0, restarted_count=0
 full_count=0

Compilation events (20 events):
Event: 2.614 Thread 0x000001d22662c1d0  497       3       java.lang.invoke.MethodHandleNatives::refKindHasReceiver (33 bytes)
Event: 2.614 Thread 0x000001d22662c1d0 nmethod 497 0x000001d21182f410 code [0x000001d21182f5a0, 0x000001d21182f6f8]
Event: 2.614 Thread 0x000001d22662c1d0  498       1       java.lang.invoke.MethodHandleNatives::isPullModeBSM (2 bytes)
Event: 2.614 Thread 0x000001d22662c1d0 nmethod 498 0x000001d218cd5710 code [0x000001d218cd58a0, 0x000001d218cd5958]
Event: 2.614 Thread 0x000001d22662c1d0  499       1       java.lang.invoke.MethodHandleImpl::isCompileConstant (2 bytes)
Event: 2.615 Thread 0x000001d22662c1d0 nmethod 499 0x000001d218cd5a10 code [0x000001d218cd5ba0, 0x000001d218cd5c58]
Event: 2.615 Thread 0x000001d22662c1d0  500       3       java.lang.invoke.ConstantCallSite::getTarget (20 bytes)
Event: 2.615 Thread 0x000001d22662c1d0 nmethod 500 0x000001d21182f790 code [0x000001d21182f940, 0x000001d21182fb68]
Event: 2.615 Thread 0x000001d22662c1d0  501       3       jdk.internal.org.objectweb.asm.MethodWriter::endCurrentBasicBlockWithNoSuccessor (94 bytes)
Event: 2.616 Thread 0x000001d22662c1d0 nmethod 501 0x000001d21182fc90 code [0x000001d21182fe80, 0x000001d211830508]
Event: 2.616 Thread 0x000001d22662c1d0  502       3       jdk.internal.org.objectweb.asm.MethodWriter::visitLabel (328 bytes)
Event: 2.617 Thread 0x000001d22662c1d0 nmethod 502 0x000001d211830710 code [0x000001d211830980, 0x000001d211831708]
Event: 2.617 Thread 0x000001d22662c1d0  503       3       java.lang.invoke.MethodHandleNatives::findMethodHandleType (7 bytes)
Event: 2.618 Thread 0x000001d22662c1d0 nmethod 503 0x000001d211831990 code [0x000001d211831b20, 0x000001d211831c48]
Event: 2.618 Thread 0x000001d22662c1d0  504       3       java.lang.invoke.MemberName$Factory::resolveOrFail (79 bytes)
Event: 2.618 Thread 0x000001d22662b730  505       4       java.lang.invoke.MemberName::getReferenceKind (12 bytes)
Event: 2.619 Thread 0x000001d22662c1d0 nmethod 504 0x000001d211831d10 code [0x000001d211831f40, 0x000001d211832758]
Event: 2.619 Thread 0x000001d22662b730 nmethod 505 0x000001d218cd5d10 code [0x000001d218cd5e80, 0x000001d218cd5ef8]
Event: 2.620 Thread 0x000001d22662c1d0  506       3       jdk.internal.org.objectweb.asm.MethodWriter::visitCode (1 bytes)
Event: 2.621 Thread 0x000001d22662c1d0 nmethod 506 0x000001d211832a90 code [0x000001d211832c20, 0x000001d211832d38]

GC Heap History (0 events):
No events

Deoptimization events (0 events):
No events

Classes unloaded (0 events):
No events

Classes redefined (0 events):
No events

Internal exceptions (8 events):
Event: 1.991 Thread 0x000001d2081c3a50 Exception <a 'java/lang/ClassNotFoundException'{0x00000000a6faf2e8}: sun/awt/resources/spi/awtProvider> (0x00000000a6faf2e8) 
thrown [t:\workspace\open\src\hotspot\share\classfile\systemDictionary.cpp, line 256]
Event: 2.104 Thread 0x000001d2081c3a50 Exception <a 'java/io/FileNotFoundException'{0x00000000a6e301e0}> (0x00000000a6e301e0) 
thrown [t:\workspace\open\src\hotspot\share\prims\jni.cpp, line 516]
Event: 2.137 Thread 0x000001d2081c3a50 Exception <a 'java/io/FileNotFoundException'{0x00000000a6e5f510}> (0x00000000a6e5f510) 
thrown [t:\workspace\open\src\hotspot\share\prims\jni.cpp, line 516]
Event: 2.270 Thread 0x000001d2081c3a50 Exception <a 'java/lang/NoSuchMethodError'{0x00000000a6d96578}: 'java.lang.Object java.lang.invoke.DirectMethodHandle$Holder.invokeStaticInit(java.lang.Object)'> (0x00000000a6d96578) 
thrown [t:\workspace\open\src\hotspot\share\interpreter\linkResolver.cpp, line 766]
Event: 2.498 Thread 0x000001d2081c3a50 Exception <a 'java/lang/NoSuchMethodError'{0x00000000a6c81070}: 'void java.lang.invoke.DirectMethodHandle$Holder.invokeSpecial(java.lang.Object, java.lang.Object, java.lang.Object)'> (0x00000000a6c81070) 
thrown [t:\workspace\open\src\hotspot\share\interpreter\linkResolver.cpp, line 766]
Event: 2.522 Thread 0x000001d2081c3a50 Exception <a 'java/lang/NoSuchMethodError'{0x00000000a6cd15d8}: 'java.lang.Object java.lang.invoke.DirectMethodHandle$Holder.newInvokeSpecial(java.lang.Object, java.lang.Object, java.lang.Object, java.lang.Object, java.lang.Object)'> (0x00000000a6cd15d8) 
thrown [t:\workspace\open\src\hotspot\share\interpreter\linkResolver.cpp, line 766]
Event: 2.530 Thread 0x000001d2081c3a50 Exception <a 'java/lang/NoSuchMethodError'{0x00000000a6cdcfa0}: 'java.lang.Object java.lang.invoke.DirectMethodHandle$Holder.invokeStatic(java.lang.Object, int, java.lang.Object, java.lang.Object, java.lang.Object, java.lang.Object)'> (0x00000000a6cdcfa0) 
thrown [t:\workspace\open\src\hotspot\share\interpreter\linkResolver.cpp, line 766]
Event: 2.555 Thread 0x000001d2081c3a50 Exception <a 'java/lang/NoSuchMethodError'{0x00000000a6b032b8}: 'java.lang.Object java.lang.invoke.DirectMethodHandle$Holder.invokeStatic(java.lang.Object, int, java.lang.Object)'> (0x00000000a6b032b8) 
thrown [t:\workspace\open\src\hotspot\share\interpreter\linkResolver.cpp, line 766]

VM Operations (6 events):
Event: 0.621 Executing VM operation: ChangeBreakpoints
Event: 0.690 Executing VM operation: ChangeBreakpoints done
Event: 1.542 Executing VM operation: ChangeBreakpoints
Event: 1.542 Executing VM operation: ChangeBreakpoints done
Event: 1.543 Executing VM operation: ChangeBreakpoints
Event: 1.543 Executing VM operation: ChangeBreakpoints done

Events (20 events):
Event: 2.508 loading class javax/swing/UIDefaults$LazyValue done
Event: 2.513 loading class javax/swing/UIDefaults$ActiveValue
Event: 2.513 loading class javax/swing/UIDefaults$ActiveValue done
Event: 2.514 loading class javax/swing/plaf/InsetsUIResource
Event: 2.514 loading class javax/swing/plaf/InsetsUIResource done
Event: 2.520 loading class javax/swing/plaf/BorderUIResource$EmptyBorderUIResource
Event: 2.520 loading class javax/swing/border/EmptyBorder
Event: 2.520 loading class javax/swing/border/AbstractBorder
Event: 2.521 loading class javax/swing/border/AbstractBorder done
Event: 2.521 loading class javax/swing/border/EmptyBorder done
Event: 2.521 loading class javax/swing/plaf/BorderUIResource$EmptyBorderUIResource done
Event: 2.545 loading class javax/swing/plaf/basic/BasicLookAndFeel$2
Event: 2.545 loading class javax/swing/plaf/basic/BasicLookAndFeel$2 done
Event: 2.554 loading class javax/swing/plaf/DimensionUIResource
Event: 2.554 loading class javax/swing/plaf/DimensionUIResource done
Event: 2.561 loading class javax/swing/UIDefaults$LazyInputMap
Event: 2.561 loading class javax/swing/UIDefaults$LazyInputMap done
Event: 2.588 loading class javax/swing/plaf/metal/MetalLookAndFeel$FontActiveValue
Event: 2.588 loading class javax/swing/plaf/metal/MetalLookAndFeel$FontActiveValue done
Event: 2.622 loading class javax/swing/plaf/metal/MetalLookAndFeel$AATextListener


Dynamic libraries:
0x00007ff66f720000 - 0x00007ff66f730000 	C:\Program Files\Java\jdk-17.0.2\bin\java.exe
0x00007ffc17ad0000 - 0x00007ffc17ce4000 	C:\WINDOWS\SYSTEM32\ntdll.dll
0x00007ffc16940000 - 0x00007ffc16a02000 	C:\WINDOWS\System32\KERNEL32.DLL
0x00007ffc151a0000 - 0x00007ffc1553c000 	C:\WINDOWS\System32\KERNELBASE.dll
0x00007ffc15540000 - 0x00007ffc15651000 	C:\WINDOWS\System32\ucrtbase.dll
0x00007ffc120f0000 - 0x00007ffc12108000 	C:\Program Files\Java\jdk-17.0.2\bin\jli.dll
0x00007ffc17460000 - 0x00007ffc1750e000 	C:\WINDOWS\System32\ADVAPI32.dll
0x00007ffc179e0000 - 0x00007ffc17a87000 	C:\WINDOWS\System32\msvcrt.dll
0x00007ffc15d30000 - 0x00007ffc15dd4000 	C:\WINDOWS\System32\sechost.dll
0x00007ffc17190000 - 0x00007ffc172a5000 	C:\WINDOWS\System32\RPCRT4.dll
0x00007ffc16f40000 - 0x00007ffc170eb000 	C:\WINDOWS\System32\USER32.dll
0x00007ffc157a0000 - 0x00007ffc157c6000 	C:\WINDOWS\System32\win32u.dll
0x00007ffc170f0000 - 0x00007ffc17119000 	C:\WINDOWS\System32\GDI32.dll
0x00007ffc14f10000 - 0x00007ffc15022000 	C:\WINDOWS\System32\gdi32full.dll
0x00007ffc0fe40000 - 0x00007ffc0fe5a000 	C:\Program Files\Java\jdk-17.0.2\bin\VCRUNTIME140.dll
0x00007ffc157d0000 - 0x00007ffc1586a000 	C:\WINDOWS\System32\msvcp_win.dll
0x00007ffbff660000 - 0x00007ffbff8ee000 	C:\WINDOWS\WinSxS\amd64_microsoft.windows.common-controls_6595b64144ccf1df_6.0.22621.1_none_60e502bd9af5bef0\COMCTL32.dll
0x00007ffc0c3e0000 - 0x00007ffc0c3ea000 	C:\WINDOWS\SYSTEM32\VERSION.dll
0x00007ffc16860000 - 0x00007ffc16891000 	C:\WINDOWS\System32\IMM32.DLL
0x00007ffc12140000 - 0x00007ffc1214c000 	C:\Program Files\Java\jdk-17.0.2\bin\vcruntime140_1.dll
0x00007ffbee5b0000 - 0x00007ffbee63d000 	C:\Program Files\Java\jdk-17.0.2\bin\msvcp140.dll
0x00007ffbc3ff0000 - 0x00007ffbc4bb1000 	C:\Program Files\Java\jdk-17.0.2\bin\server\jvm.dll
0x00007ffc15d20000 - 0x00007ffc15d28000 	C:\WINDOWS\System32\PSAPI.DLL
0x00007ffc04300000 - 0x00007ffc04309000 	C:\WINDOWS\SYSTEM32\WSOCK32.dll
0x00007ffc168c0000 - 0x00007ffc16931000 	C:\WINDOWS\System32\WS2_32.dll
0x00007ffc0cd80000 - 0x00007ffc0cdb4000 	C:\WINDOWS\SYSTEM32\WINMM.dll
0x00007ffc13f80000 - 0x00007ffc13f98000 	C:\WINDOWS\SYSTEM32\kernel.appcore.dll
0x00007ffc12090000 - 0x00007ffc1209a000 	C:\Program Files\Java\jdk-17.0.2\bin\jimage.dll
0x00007ffc009c0000 - 0x00007ffc00bee000 	C:\WINDOWS\SYSTEM32\DBGHELP.DLL
0x00007ffc17510000 - 0x00007ffc17899000 	C:\WINDOWS\System32\combase.dll
0x00007ffc17310000 - 0x00007ffc173e7000 	C:\WINDOWS\System32\OLEAUT32.dll
0x00007ffbf5390000 - 0x00007ffbf53c2000 	C:\WINDOWS\SYSTEM32\dbgcore.DLL
0x00007ffc15660000 - 0x00007ffc156db000 	C:\WINDOWS\System32\bcryptPrimitives.dll
0x00007ffbfd310000 - 0x00007ffbfd34b000 	C:\Program Files\Java\jdk-17.0.2\bin\jdwp.dll
0x00007ffc03960000 - 0x00007ffc0396e000 	C:\Program Files\Java\jdk-17.0.2\bin\instrument.dll
0x00007ffc04320000 - 0x00007ffc04345000 	C:\Program Files\Java\jdk-17.0.2\bin\java.dll
0x00007ffc03980000 - 0x00007ffc03998000 	C:\Program Files\Java\jdk-17.0.2\bin\zip.dll
0x00007ffbdcc80000 - 0x00007ffbdcd56000 	C:\Program Files\Java\jdk-17.0.2\bin\jsvml.dll
0x00007ffc15f80000 - 0x00007ffc1675b000 	C:\WINDOWS\System32\SHELL32.dll
0x00007ffc12f50000 - 0x00007ffc13804000 	C:\WINDOWS\SYSTEM32\windows.storage.dll
0x00007ffc12e10000 - 0x00007ffc12f4d000 	C:\WINDOWS\SYSTEM32\wintypes.dll
0x00007ffc16760000 - 0x00007ffc16851000 	C:\WINDOWS\System32\SHCORE.dll
0x00007ffc15a80000 - 0x00007ffc15ade000 	C:\WINDOWS\System32\shlwapi.dll
0x00007ffc14e40000 - 0x00007ffc14e61000 	C:\WINDOWS\SYSTEM32\profapi.dll
0x00007ffc03950000 - 0x00007ffc0395c000 	C:\Program Files\Java\jdk-17.0.2\bin\dt_socket.dll
0x00007ffc13aa0000 - 0x00007ffc13acd000 	C:\WINDOWS\SYSTEM32\IPHLPAPI.DLL
0x00007ffc143e0000 - 0x00007ffc14449000 	C:\WINDOWS\system32\mswsock.dll
0x00007ffc04270000 - 0x00007ffc04289000 	C:\Program Files\Java\jdk-17.0.2\bin\net.dll
0x00007ffc0a100000 - 0x00007ffc0a22f000 	C:\WINDOWS\SYSTEM32\WINHTTP.dll
0x00007ffc039a0000 - 0x00007ffc039b6000 	C:\Program Files\Java\jdk-17.0.2\bin\nio.dll
0x00007ffbd6b00000 - 0x00007ffbd6c8f000 	C:\Program Files\Java\jdk-17.0.2\bin\awt.dll
0x00007ffc12470000 - 0x00007ffc12506000 	C:\WINDOWS\SYSTEM32\apphelp.dll
0x00007ffc127c0000 - 0x00007ffc127eb000 	C:\WINDOWS\system32\DWMAPI.DLL
0x00007ffc12590000 - 0x00007ffc1263b000 	C:\WINDOWS\system32\uxtheme.dll
0x00007ffbe0cd0000 - 0x00007ffbe0dd0000 	C:\WINDOWS\system32\opengl32.dll
0x00007ffc00f00000 - 0x00007ffc00f2d000 	C:\WINDOWS\SYSTEM32\GLU32.dll
0x00007ffc12670000 - 0x00007ffc126a6000 	C:\WINDOWS\SYSTEM32\dxcore.dll
0x00007ffc178a0000 - 0x00007ffc179be000 	C:\WINDOWS\System32\MSCTF.dll
0x00007ffc15de0000 - 0x00007ffc15f7c000 	C:\WINDOWS\System32\ole32.dll
0x00007ffbdeca0000 - 0x00007ffbdee48000 	C:\WINDOWS\system32\d3d9.dll
0x00007ffc0c3f0000 - 0x00007ffc0c5a8000 	C:\WINDOWS\System32\DriverStore\FileRepository\u0375529.inf_amd64_f5dbe9a47d69bf14\B374868\aticfx64.dll
0x00007ffc04180000 - 0x00007ffc041b4000 	C:\WINDOWS\System32\DriverStore\FileRepository\u0375529.inf_amd64_f5dbe9a47d69bf14\B374868\atiu9p64.dll
0x00007ffbce1c0000 - 0x00007ffbcef14000 	C:\WINDOWS\System32\DriverStore\FileRepository\u0375529.inf_amd64_f5dbe9a47d69bf14\B374868\atiumd64.dll
0x000000006f960000 - 0x00000000707d3000 	C:\WINDOWS\System32\DriverStore\FileRepository\u0375529.inf_amd64_f5dbe9a47d69bf14\B374868\atiumd6a.dll
0x00007ffc16ac0000 - 0x00007ffc16f34000 	C:\WINDOWS\System32\SETUPAPI.dll
0x00007ffc14de0000 - 0x00007ffc14e2d000 	C:\WINDOWS\SYSTEM32\POWRPROF.dll
0x00007ffc14dc0000 - 0x00007ffc14dd3000 	C:\WINDOWS\SYSTEM32\UMPDC.dll
0x00007ffc0c270000 - 0x00007ffc0c2a0000 	C:\WINDOWS\SYSTEM32\amdihk64.dll
0x00007ffc10150000 - 0x00007ffc10198000 	C:\WINDOWS\SYSTEM32\directxdatabasehelper.dll

dbghelp: loaded successfully - version: 4.0.5 - missing functions: none
symbol engine: initialized successfully - sym options: 0x614 - pdb path: .;C:\Program Files\Java\jdk-17.0.2\bin;C:\WINDOWS\SYSTEM32;C:\WINDOWS\WinSxS\amd64_microsoft.windows.common-controls_6595b64144ccf1df_6.0.22621.1_none_60e502bd9af5bef0;C:\Program Files\Java\jdk-17.0.2\bin\server;C:\WINDOWS\System32\DriverStore\FileRepository\u0375529.inf_amd64_f5dbe9a47d69bf14\B374868

VM Arguments:
jvm_args: -agentlib:jdwp=transport=dt_socket,address=127.0.0.1:63294,suspend=y,server=n -javaagent:C:\Users\RIANSU~1\AppData\Local\Temp\captureAgentjars\debugger-agent.jar -Dfile.encoding=UTF-8 
java_command: DSPemilik.LaporanSupplier
java_class_path (initial): C:\Users\RIAN SURYANA\Documents\Kuliah\SEMESTER 2\PRG3\TokoSembako Barokah_KEL06\out\production\TokoSembako;C:\Users\RIAN SURYANA\Documents\Kuliah\SEMESTER 2\PRG3\TokoSembako Barokah_KEL06\src\sqljdbc4.jar;C:\Users\RIAN SURYANA\Documents\Kuliah\SEMESTER 2\PRG3\TokoSembako Barokah_KEL06\src\jcalendar-1.4.jar;C:\Users\RIAN SURYANA\Documents\Kuliah\SEMESTER 2\PRG3\TokoSembako Barokah_KEL06\src\commons-beanutils-1.9.4.jar;C:\Users\RIAN SURYANA\Documents\Kuliah\SEMESTER 2\PRG3\TokoSembako Barokah_KEL06\src\commons-collections4-4.2.jar;C:\Users\RIAN SURYANA\Documents\Kuliah\SEMESTER 2\PRG3\TokoSembako Barokah_KEL06\src\commons-digester-2.1.jar;C:\Users\RIAN SURYANA\Documents\Kuliah\SEMESTER 2\PRG3\TokoSembako Barokah_KEL06\src\commons-lang3-3.4.jar;C:\Users\RIAN SURYANA\Documents\Kuliah\SEMESTER 2\PRG3\TokoSembako Barokah_KEL06\src\commons-logging-1.1.1.jar;C:\Users\RIAN SURYANA\Documents\Kuliah\SEMESTER 2\PRG3\TokoSembako Barokah_KEL06\src\itext-2.1.7.js8.jar;C:\Users\RIAN SURYANA\Documents\Kuliah\SEMESTER 2\PRG3\TokoSembako Barokah_KEL06\src\jasperreports-6.19.1.jar;C:\Program Files\JetBrains\IntelliJ IDEA 2021.3.2\lib\idea_rt.jar
Launcher Type: SUN_STANDARD

[Global flags]
     intx CICompilerCount                          = 3                                         {product} {ergonomic}
     uint ConcGCThreads                            = 1                                         {product} {ergonomic}
     uint G1ConcRefinementThreads                  = 4                                         {product} {ergonomic}
   size_t G1HeapRegionSize                         = 1048576                                   {product} {ergonomic}
    uintx GCDrainStackTargetSize                   = 64                                        {product} {ergonomic}
   size_t InitialHeapSize                          = 100663296                                 {product} {ergonomic}
   size_t MarkStackSize                            = 4194304                                   {product} {ergonomic}
   size_t MaxHeapSize                              = 1589641216                                {product} {ergonomic}
   size_t MaxNewSize                               = 953155584                                 {product} {ergonomic}
   size_t MinHeapDeltaBytes                        = 1048576                                   {product} {ergonomic}
   size_t MinHeapSize                              = 8388608                                   {product} {ergonomic}
    uintx NonNMethodCodeHeapSize                   = 5832780                                {pd product} {ergonomic}
    uintx NonProfiledCodeHeapSize                  = 122912730                              {pd product} {ergonomic}
    uintx ProfiledCodeHeapSize                     = 122912730                              {pd product} {ergonomic}
    uintx ReservedCodeCacheSize                    = 251658240                              {pd product} {ergonomic}
     bool SegmentedCodeCache                       = true                                      {product} {ergonomic}
   size_t SoftMaxHeapSize                          = 1589641216                             {manageable} {ergonomic}
     bool UseCompressedClassPointers               = true                           {product lp64_product} {ergonomic}
     bool UseCompressedOops                        = true                           {product lp64_product} {ergonomic}
     bool UseG1GC                                  = true                                      {product} {ergonomic}
     bool UseLargePagesIndividualAllocation        = false                                  {pd product} {ergonomic}

Logging:
Log output configuration:
 #0: stdout all=warning uptime,level,tags
 #1: stderr all=off uptime,level,tags

Environment Variables:
PATH=C:\Program Files (x86)\VMware\VMware Workstation\bin\;C:\Program Files\Common Files\Oracle\Java\javapath;C:\WINDOWS\system32;C:\WINDOWS;C:\WINDOWS\System32\Wbem;C:\WINDOWS\System32\WindowsPowerShell\v1.0\;C:\WINDOWS\System32\OpenSSH\;C:\Program Files\dotnet\;C:\Program Files\Microsoft SQL Server\Client SDK\ODBC\170\Tools\Binn\;C:\Program Files (x86)\Microsoft SQL Server\150\Tools\Binn\;C:\Program Files\Microsoft SQL Server\150\Tools\Binn\;C:\Program Files\Microsoft SQL Server\150\DTS\Binn\;C:\Program Files (x86)\Microsoft SQL Server\150\DTS\Binn\;C:\Program Files\Azure Data Studio\bin;C:\Program Files (x86)\Dev-Cpp\MinGW64\bin;C:\Program Files\Microsoft SQL Server\130\Tools\Binn\;C:\Users\RIAN SURYANA\AppData\Local\Microsoft\WindowsApps;C:\Users\RIAN SURYANA\.dotnet\tools;C:\Program Files\Azure Data Studio\bin;C:\Users\RIAN SURYANA\AppData\Local\Programs\Microsoft VS Code\bin;;C:\Program Files\JetBrains\IntelliJ IDEA Community Edition 2021.3.2\bin;;C:\Program Files\JetBrains\IntelliJ IDEA 2021.3.2\bin;
USERNAME=RIAN SURYANA
OS=Windows_NT
PROCESSOR_IDENTIFIER=AMD64 Family 23 Model 24 Stepping 1, AuthenticAMD



---------------  S Y S T E M  ---------------

OS:
 Windows 11 , 64 bit Build 22621 (10.0.22621.1)
OS uptime: 1 days 17:03 hours

CPU: total 4 (initial active 4) (4 cores per cpu, 2 threads per core) family 23 model 24 stepping 1 microcode 0x0, cx8, cmov, fxsr, ht, mmx, 3dnowpref, sse, sse2, sse3, ssse3, sse4a, sse4.1, sse4.2, popcnt, lzcnt, tsc, tscinvbit, avx, avx2, aes, clmul, bmi1, bmi2, adx, sha, fma, vzeroupper, clflush, clflushopt

Memory: 4k page, system-wide physical 6059M (285M free)
TotalPageFile size 10059M (AvailPageFile size 2M)
current process WorkingSet (physical memory assigned to process): 62M, peak: 62M
current process commit charge ("private bytes"): 189M, peak: 189M

vm_info: Java HotSpot(TM) 64-Bit Server VM (17.0.2+8-LTS-86) for windows-amd64 JRE (17.0.2+8-LTS-86), built on Dec  7 2021 21:51:03 by "mach5one" with MS VC++ 16.8 / 16.9 (VS2019)

END.
